{"/home/hyeonsung/seoul-subway/vercel-proxy/api/alerts.ts": {"path":"/home/hyeonsung/seoul-subway/vercel-proxy/api/alerts.ts","all":false,"statementMap":{"0":{"start":{"line":1,"column":0},"end":{"line":1,"column":66}},"15":{"start":{"line":16,"column":0},"end":{"line":16,"column":36}},"16":{"start":{"line":17,"column":0},"end":{"line":17,"column":17}},"17":{"start":{"line":18,"column":0},"end":{"line":18,"column":29}},"18":{"start":{"line":19,"column":0},"end":{"line":19,"column":31}},"19":{"start":{"line":20,"column":0},"end":{"line":20,"column":61}},"21":{"start":{"line":22,"column":0},"end":{"line":22,"column":38}},"22":{"start":{"line":23,"column":0},"end":{"line":23,"column":23}},"23":{"start":{"line":24,"column":0},"end":{"line":24,"column":21}},"24":{"start":{"line":25,"column":0},"end":{"line":25,"column":11}},"25":{"start":{"line":26,"column":0},"end":{"line":26,"column":14}},"26":{"start":{"line":27,"column":0},"end":{"line":27,"column":5}},"28":{"start":{"line":29,"column":0},"end":{"line":29,"column":15}},"29":{"start":{"line":30,"column":0},"end":{"line":30,"column":36}},"30":{"start":{"line":31,"column":0},"end":{"line":31,"column":3}},"32":{"start":{"line":33,"column":0},"end":{"line":33,"column":89}},"34":{"start":{"line":35,"column":0},"end":{"line":35,"column":79}},"35":{"start":{"line":36,"column":0},"end":{"line":36,"column":55}},"36":{"start":{"line":37,"column":0},"end":{"line":37,"column":1}},"44":{"start":{"line":45,"column":0},"end":{"line":45,"column":80}},"45":{"start":{"line":46,"column":0},"end":{"line":46,"column":31}},"47":{"start":{"line":48,"column":0},"end":{"line":48,"column":33}},"48":{"start":{"line":49,"column":0},"end":{"line":49,"column":33}},"49":{"start":{"line":50,"column":0},"end":{"line":50,"column":3}},"51":{"start":{"line":52,"column":0},"end":{"line":52,"column":29}},"52":{"start":{"line":53,"column":0},"end":{"line":53,"column":98}},"53":{"start":{"line":54,"column":0},"end":{"line":54,"column":3}},"55":{"start":{"line":56,"column":0},"end":{"line":56,"column":44}},"56":{"start":{"line":57,"column":0},"end":{"line":57,"column":16}},"57":{"start":{"line":58,"column":0},"end":{"line":58,"column":97}},"58":{"start":{"line":59,"column":0},"end":{"line":59,"column":3}},"60":{"start":{"line":61,"column":0},"end":{"line":61,"column":7}},"61":{"start":{"line":62,"column":0},"end":{"line":62,"column":52}},"63":{"start":{"line":64,"column":0},"end":{"line":64,"column":46}},"64":{"start":{"line":65,"column":0},"end":{"line":65,"column":50}},"65":{"start":{"line":66,"column":0},"end":{"line":66,"column":59}},"66":{"start":{"line":67,"column":0},"end":{"line":67,"column":50}},"67":{"start":{"line":68,"column":0},"end":{"line":68,"column":7}},"69":{"start":{"line":70,"column":0},"end":{"line":70,"column":79}},"71":{"start":{"line":72,"column":0},"end":{"line":72,"column":9}},"72":{"start":{"line":73,"column":0},"end":{"line":73,"column":20}},"73":{"start":{"line":74,"column":0},"end":{"line":74,"column":30}},"74":{"start":{"line":75,"column":0},"end":{"line":75,"column":25}},"75":{"start":{"line":76,"column":0},"end":{"line":76,"column":39}},"76":{"start":{"line":77,"column":0},"end":{"line":77,"column":18}},"77":{"start":{"line":78,"column":0},"end":{"line":78,"column":7}},"79":{"start":{"line":80,"column":0},"end":{"line":80,"column":38}},"80":{"start":{"line":81,"column":0},"end":{"line":81,"column":19}},"81":{"start":{"line":82,"column":0},"end":{"line":82,"column":82}},"83":{"start":{"line":84,"column":0},"end":{"line":84,"column":9}},"84":{"start":{"line":85,"column":0},"end":{"line":85,"column":21}},"85":{"start":{"line":86,"column":0},"end":{"line":86,"column":30}},"86":{"start":{"line":87,"column":0},"end":{"line":87,"column":25}},"87":{"start":{"line":88,"column":0},"end":{"line":88,"column":39}},"88":{"start":{"line":89,"column":0},"end":{"line":89,"column":26}},"89":{"start":{"line":90,"column":0},"end":{"line":90,"column":7}},"91":{"start":{"line":92,"column":0},"end":{"line":92,"column":32}},"92":{"start":{"line":93,"column":0},"end":{"line":93,"column":74}},"93":{"start":{"line":94,"column":0},"end":{"line":94,"column":6}},"94":{"start":{"line":95,"column":0},"end":{"line":95,"column":3}},"95":{"start":{"line":96,"column":0},"end":{"line":96,"column":1}}},"s":{"0":1,"15":15,"16":15,"17":15,"18":15,"19":15,"21":15,"22":15,"23":15,"24":15,"25":15,"26":15,"28":15,"29":2,"30":2,"32":15,"34":15,"35":12,"36":12,"44":11,"45":11,"47":11,"48":1,"49":1,"51":11,"52":2,"53":2,"55":8,"56":11,"57":1,"58":1,"60":7,"61":7,"63":7,"64":11,"65":11,"66":11,"67":11,"69":5,"71":5,"72":5,"73":5,"74":5,"75":5,"76":5,"77":5,"79":5,"80":11,"81":2,"83":2,"84":2,"85":2,"86":2,"87":2,"88":2,"89":2,"91":2,"92":2,"93":2,"94":2,"95":11},"branchMap":{"0":{"type":"branch","line":16,"loc":{"start":{"line":16,"column":0},"end":{"line":37,"column":1}},"locations":[{"start":{"line":16,"column":0},"end":{"line":37,"column":1}}]},"1":{"type":"branch","line":29,"loc":{"start":{"line":29,"column":14},"end":{"line":31,"column":3}},"locations":[{"start":{"line":29,"column":14},"end":{"line":31,"column":3}}]},"2":{"type":"branch","line":35,"loc":{"start":{"line":35,"column":77},"end":{"line":37,"column":1}},"locations":[{"start":{"line":35,"column":77},"end":{"line":37,"column":1}}]},"3":{"type":"branch","line":45,"loc":{"start":{"line":45,"column":0},"end":{"line":96,"column":1}},"locations":[{"start":{"line":45,"column":0},"end":{"line":96,"column":1}}]},"4":{"type":"branch","line":48,"loc":{"start":{"line":48,"column":32},"end":{"line":50,"column":3}},"locations":[{"start":{"line":48,"column":32},"end":{"line":50,"column":3}}]},"5":{"type":"branch","line":50,"loc":{"start":{"line":50,"column":2},"end":{"line":52,"column":28}},"locations":[{"start":{"line":50,"column":2},"end":{"line":52,"column":28}}]},"6":{"type":"branch","line":52,"loc":{"start":{"line":52,"column":28},"end":{"line":54,"column":3}},"locations":[{"start":{"line":52,"column":28},"end":{"line":54,"column":3}}]},"7":{"type":"branch","line":54,"loc":{"start":{"line":54,"column":2},"end":{"line":57,"column":15}},"locations":[{"start":{"line":54,"column":2},"end":{"line":57,"column":15}}]},"8":{"type":"branch","line":57,"loc":{"start":{"line":57,"column":15},"end":{"line":59,"column":3}},"locations":[{"start":{"line":57,"column":15},"end":{"line":59,"column":3}}]},"9":{"type":"branch","line":59,"loc":{"start":{"line":59,"column":2},"end":{"line":65,"column":23}},"locations":[{"start":{"line":59,"column":2},"end":{"line":65,"column":23}}]},"10":{"type":"branch","line":65,"loc":{"start":{"line":65,"column":14},"end":{"line":65,"column":40}},"locations":[{"start":{"line":65,"column":14},"end":{"line":65,"column":40}}]},"11":{"type":"branch","line":65,"loc":{"start":{"line":65,"column":36},"end":{"line":65,"column":50}},"locations":[{"start":{"line":65,"column":36},"end":{"line":65,"column":50}}]},"12":{"type":"branch","line":66,"loc":{"start":{"line":66,"column":17},"end":{"line":66,"column":49}},"locations":[{"start":{"line":66,"column":17},"end":{"line":66,"column":49}}]},"13":{"type":"branch","line":66,"loc":{"start":{"line":66,"column":45},"end":{"line":66,"column":59}},"locations":[{"start":{"line":66,"column":45},"end":{"line":66,"column":59}}]},"14":{"type":"branch","line":67,"loc":{"start":{"line":67,"column":14},"end":{"line":67,"column":40}},"locations":[{"start":{"line":67,"column":14},"end":{"line":67,"column":40}}]},"15":{"type":"branch","line":67,"loc":{"start":{"line":67,"column":36},"end":{"line":67,"column":50}},"locations":[{"start":{"line":67,"column":36},"end":{"line":67,"column":50}}]},"16":{"type":"branch","line":68,"loc":{"start":{"line":68,"column":5},"end":{"line":81,"column":11}},"locations":[{"start":{"line":68,"column":5},"end":{"line":81,"column":11}}]},"17":{"type":"branch","line":81,"loc":{"start":{"line":81,"column":2},"end":{"line":95,"column":3}},"locations":[{"start":{"line":81,"column":2},"end":{"line":95,"column":3}}]},"18":{"type":"branch","line":82,"loc":{"start":{"line":82,"column":56},"end":{"line":82,"column":82}},"locations":[{"start":{"line":82,"column":56},"end":{"line":82,"column":82}}]}},"b":{"0":[15],"1":[2],"2":[12],"3":[11],"4":[1],"5":[10],"6":[2],"7":[8],"8":[1],"9":[7],"10":[1],"11":[6],"12":[1],"13":[6],"14":[1],"15":[6],"16":[5],"17":[2],"18":[0]},"fnMap":{"0":{"name":"getAlertsData","decl":{"start":{"line":16,"column":0},"end":{"line":37,"column":1}},"loc":{"start":{"line":16,"column":0},"end":{"line":37,"column":1}},"line":16},"1":{"name":"handler","decl":{"start":{"line":45,"column":0},"end":{"line":96,"column":1}},"loc":{"start":{"line":45,"column":0},"end":{"line":96,"column":1}},"line":45}},"f":{"0":15,"1":11}}
,"/home/hyeonsung/seoul-subway/vercel-proxy/api/route.ts": {"path":"/home/hyeonsung/seoul-subway/vercel-proxy/api/route.ts","all":false,"statementMap":{"0":{"start":{"line":1,"column":0},"end":{"line":1,"column":66}},"17":{"start":{"line":18,"column":0},"end":{"line":18,"column":42}},"18":{"start":{"line":19,"column":0},"end":{"line":19,"column":25}},"19":{"start":{"line":20,"column":0},"end":{"line":20,"column":65}},"20":{"start":{"line":21,"column":0},"end":{"line":21,"column":68}},"21":{"start":{"line":22,"column":0},"end":{"line":22,"column":1}},"26":{"start":{"line":27,"column":0},"end":{"line":27,"column":35}},"27":{"start":{"line":28,"column":0},"end":{"line":28,"column":17}},"28":{"start":{"line":29,"column":0},"end":{"line":29,"column":23}},"29":{"start":{"line":30,"column":0},"end":{"line":30,"column":30}},"30":{"start":{"line":31,"column":0},"end":{"line":31,"column":66}},"32":{"start":{"line":33,"column":0},"end":{"line":33,"column":38}},"33":{"start":{"line":34,"column":0},"end":{"line":34,"column":23}},"34":{"start":{"line":35,"column":0},"end":{"line":35,"column":21}},"35":{"start":{"line":36,"column":0},"end":{"line":36,"column":15}},"36":{"start":{"line":37,"column":0},"end":{"line":37,"column":14}},"37":{"start":{"line":38,"column":0},"end":{"line":38,"column":43}},"38":{"start":{"line":39,"column":0},"end":{"line":39,"column":5}},"40":{"start":{"line":41,"column":0},"end":{"line":41,"column":19}},"41":{"start":{"line":42,"column":0},"end":{"line":42,"column":44}},"42":{"start":{"line":43,"column":0},"end":{"line":43,"column":3}},"44":{"start":{"line":45,"column":0},"end":{"line":45,"column":90}},"46":{"start":{"line":47,"column":0},"end":{"line":47,"column":79}},"47":{"start":{"line":48,"column":0},"end":{"line":48,"column":54}},"48":{"start":{"line":49,"column":0},"end":{"line":49,"column":1}},"56":{"start":{"line":57,"column":0},"end":{"line":57,"column":80}},"57":{"start":{"line":58,"column":0},"end":{"line":58,"column":31}},"59":{"start":{"line":60,"column":0},"end":{"line":60,"column":33}},"60":{"start":{"line":61,"column":0},"end":{"line":61,"column":33}},"61":{"start":{"line":62,"column":0},"end":{"line":62,"column":3}},"63":{"start":{"line":64,"column":0},"end":{"line":64,"column":29}},"64":{"start":{"line":65,"column":0},"end":{"line":65,"column":98}},"65":{"start":{"line":66,"column":0},"end":{"line":66,"column":3}},"67":{"start":{"line":68,"column":0},"end":{"line":68,"column":68}},"69":{"start":{"line":70,"column":0},"end":{"line":70,"column":34}},"70":{"start":{"line":71,"column":0},"end":{"line":71,"column":32}},"71":{"start":{"line":72,"column":0},"end":{"line":72,"column":76}},"72":{"start":{"line":73,"column":0},"end":{"line":73,"column":46}},"73":{"start":{"line":74,"column":0},"end":{"line":74,"column":45}},"74":{"start":{"line":75,"column":0},"end":{"line":75,"column":8}},"75":{"start":{"line":76,"column":0},"end":{"line":76,"column":6}},"76":{"start":{"line":77,"column":0},"end":{"line":77,"column":3}},"79":{"start":{"line":80,"column":0},"end":{"line":80,"column":63}},"80":{"start":{"line":81,"column":0},"end":{"line":81,"column":29}},"81":{"start":{"line":82,"column":0},"end":{"line":82,"column":60}},"82":{"start":{"line":83,"column":0},"end":{"line":83,"column":32}},"83":{"start":{"line":84,"column":0},"end":{"line":84,"column":78}},"84":{"start":{"line":85,"column":0},"end":{"line":85,"column":26}},"85":{"start":{"line":86,"column":0},"end":{"line":86,"column":28}},"86":{"start":{"line":87,"column":0},"end":{"line":87,"column":70}},"87":{"start":{"line":88,"column":0},"end":{"line":88,"column":59}},"88":{"start":{"line":89,"column":0},"end":{"line":89,"column":8}},"89":{"start":{"line":90,"column":0},"end":{"line":90,"column":6}},"90":{"start":{"line":91,"column":0},"end":{"line":91,"column":3}},"93":{"start":{"line":94,"column":0},"end":{"line":94,"column":60}},"94":{"start":{"line":95,"column":0},"end":{"line":95,"column":27}},"95":{"start":{"line":96,"column":0},"end":{"line":96,"column":59}},"96":{"start":{"line":97,"column":0},"end":{"line":97,"column":32}},"97":{"start":{"line":98,"column":0},"end":{"line":98,"column":76}},"98":{"start":{"line":99,"column":0},"end":{"line":99,"column":25}},"99":{"start":{"line":100,"column":0},"end":{"line":100,"column":27}},"100":{"start":{"line":101,"column":0},"end":{"line":101,"column":70}},"101":{"start":{"line":102,"column":0},"end":{"line":102,"column":59}},"102":{"start":{"line":103,"column":0},"end":{"line":103,"column":8}},"103":{"start":{"line":104,"column":0},"end":{"line":104,"column":6}},"104":{"start":{"line":105,"column":0},"end":{"line":105,"column":3}},"106":{"start":{"line":107,"column":0},"end":{"line":107,"column":44}},"107":{"start":{"line":108,"column":0},"end":{"line":108,"column":16}},"108":{"start":{"line":109,"column":0},"end":{"line":109,"column":97}},"109":{"start":{"line":110,"column":0},"end":{"line":110,"column":3}},"111":{"start":{"line":112,"column":0},"end":{"line":112,"column":7}},"112":{"start":{"line":113,"column":0},"end":{"line":113,"column":45}},"113":{"start":{"line":114,"column":0},"end":{"line":114,"column":38}},"114":{"start":{"line":115,"column":0},"end":{"line":115,"column":35}},"115":{"start":{"line":116,"column":0},"end":{"line":116,"column":56}},"116":{"start":{"line":117,"column":0},"end":{"line":117,"column":62}},"117":{"start":{"line":118,"column":0},"end":{"line":118,"column":7}},"119":{"start":{"line":120,"column":0},"end":{"line":120,"column":79}},"121":{"start":{"line":122,"column":0},"end":{"line":122,"column":9}},"122":{"start":{"line":123,"column":0},"end":{"line":123,"column":20}},"123":{"start":{"line":124,"column":0},"end":{"line":124,"column":29}},"124":{"start":{"line":125,"column":0},"end":{"line":125,"column":25}},"125":{"start":{"line":126,"column":0},"end":{"line":126,"column":39}},"126":{"start":{"line":127,"column":0},"end":{"line":127,"column":18}},"127":{"start":{"line":128,"column":0},"end":{"line":128,"column":7}},"129":{"start":{"line":130,"column":0},"end":{"line":130,"column":38}},"130":{"start":{"line":131,"column":0},"end":{"line":131,"column":19}},"131":{"start":{"line":132,"column":0},"end":{"line":132,"column":82}},"133":{"start":{"line":134,"column":0},"end":{"line":134,"column":9}},"134":{"start":{"line":135,"column":0},"end":{"line":135,"column":21}},"135":{"start":{"line":136,"column":0},"end":{"line":136,"column":29}},"136":{"start":{"line":137,"column":0},"end":{"line":137,"column":25}},"137":{"start":{"line":138,"column":0},"end":{"line":138,"column":39}},"138":{"start":{"line":139,"column":0},"end":{"line":139,"column":26}},"139":{"start":{"line":140,"column":0},"end":{"line":140,"column":7}},"141":{"start":{"line":142,"column":0},"end":{"line":142,"column":32}},"142":{"start":{"line":143,"column":0},"end":{"line":143,"column":78}},"143":{"start":{"line":144,"column":0},"end":{"line":144,"column":6}},"144":{"start":{"line":145,"column":0},"end":{"line":145,"column":3}},"145":{"start":{"line":146,"column":0},"end":{"line":146,"column":1}}},"s":{"0":1,"17":1,"18":11,"19":11,"20":11,"21":11,"26":11,"27":11,"28":11,"29":11,"30":11,"32":11,"33":11,"34":11,"35":11,"36":11,"37":11,"38":11,"40":11,"41":2,"42":2,"44":11,"46":11,"47":9,"48":9,"56":13,"57":13,"59":13,"60":1,"61":1,"63":13,"64":1,"65":1,"67":11,"69":13,"70":3,"71":3,"72":3,"73":3,"74":3,"75":3,"76":3,"79":8,"80":13,"81":1,"82":1,"83":1,"84":1,"85":1,"86":1,"87":1,"88":1,"89":1,"90":1,"93":7,"94":13,"95":1,"96":1,"97":1,"98":1,"99":1,"100":1,"101":1,"102":1,"103":1,"104":1,"106":6,"107":13,"108":1,"109":1,"111":5,"112":5,"113":5,"114":5,"115":13,"116":13,"117":13,"119":4,"121":4,"122":4,"123":4,"124":4,"125":4,"126":4,"127":4,"129":4,"130":13,"131":1,"133":1,"134":1,"135":1,"136":1,"137":1,"138":1,"139":1,"141":1,"142":1,"143":1,"144":1,"145":13},"branchMap":{"0":{"type":"branch","line":18,"loc":{"start":{"line":18,"column":7},"end":{"line":22,"column":1}},"locations":[{"start":{"line":18,"column":7},"end":{"line":22,"column":1}}]},"1":{"type":"branch","line":27,"loc":{"start":{"line":27,"column":0},"end":{"line":49,"column":1}},"locations":[{"start":{"line":27,"column":0},"end":{"line":49,"column":1}}]},"2":{"type":"branch","line":38,"loc":{"start":{"line":38,"column":14},"end":{"line":38,"column":43}},"locations":[{"start":{"line":38,"column":14},"end":{"line":38,"column":43}}]},"3":{"type":"branch","line":41,"loc":{"start":{"line":41,"column":18},"end":{"line":43,"column":3}},"locations":[{"start":{"line":41,"column":18},"end":{"line":43,"column":3}}]},"4":{"type":"branch","line":47,"loc":{"start":{"line":47,"column":77},"end":{"line":49,"column":1}},"locations":[{"start":{"line":47,"column":77},"end":{"line":49,"column":1}}]},"5":{"type":"branch","line":57,"loc":{"start":{"line":57,"column":0},"end":{"line":146,"column":1}},"locations":[{"start":{"line":57,"column":0},"end":{"line":146,"column":1}}]},"6":{"type":"branch","line":60,"loc":{"start":{"line":60,"column":32},"end":{"line":62,"column":3}},"locations":[{"start":{"line":60,"column":32},"end":{"line":62,"column":3}}]},"7":{"type":"branch","line":62,"loc":{"start":{"line":62,"column":2},"end":{"line":64,"column":28}},"locations":[{"start":{"line":62,"column":2},"end":{"line":64,"column":28}}]},"8":{"type":"branch","line":64,"loc":{"start":{"line":64,"column":28},"end":{"line":66,"column":3}},"locations":[{"start":{"line":64,"column":28},"end":{"line":66,"column":3}}]},"9":{"type":"branch","line":66,"loc":{"start":{"line":66,"column":2},"end":{"line":70,"column":21}},"locations":[{"start":{"line":66,"column":2},"end":{"line":70,"column":21}}]},"10":{"type":"branch","line":70,"loc":{"start":{"line":70,"column":7},"end":{"line":70,"column":33}},"locations":[{"start":{"line":70,"column":7},"end":{"line":70,"column":33}}]},"11":{"type":"branch","line":70,"loc":{"start":{"line":70,"column":33},"end":{"line":77,"column":3}},"locations":[{"start":{"line":70,"column":33},"end":{"line":77,"column":3}}]},"12":{"type":"branch","line":77,"loc":{"start":{"line":77,"column":2},"end":{"line":81,"column":28}},"locations":[{"start":{"line":77,"column":2},"end":{"line":81,"column":28}}]},"13":{"type":"branch","line":81,"loc":{"start":{"line":81,"column":28},"end":{"line":91,"column":3}},"locations":[{"start":{"line":81,"column":28},"end":{"line":91,"column":3}}]},"14":{"type":"branch","line":87,"loc":{"start":{"line":87,"column":46},"end":{"line":87,"column":70}},"locations":[{"start":{"line":87,"column":46},"end":{"line":87,"column":70}}]},"15":{"type":"branch","line":91,"loc":{"start":{"line":91,"column":2},"end":{"line":95,"column":26}},"locations":[{"start":{"line":91,"column":2},"end":{"line":95,"column":26}}]},"16":{"type":"branch","line":95,"loc":{"start":{"line":95,"column":26},"end":{"line":105,"column":3}},"locations":[{"start":{"line":95,"column":26},"end":{"line":105,"column":3}}]},"17":{"type":"branch","line":101,"loc":{"start":{"line":101,"column":46},"end":{"line":101,"column":70}},"locations":[{"start":{"line":101,"column":46},"end":{"line":101,"column":70}}]},"18":{"type":"branch","line":105,"loc":{"start":{"line":105,"column":2},"end":{"line":108,"column":15}},"locations":[{"start":{"line":105,"column":2},"end":{"line":108,"column":15}}]},"19":{"type":"branch","line":108,"loc":{"start":{"line":108,"column":15},"end":{"line":110,"column":3}},"locations":[{"start":{"line":108,"column":15},"end":{"line":110,"column":3}}]},"20":{"type":"branch","line":110,"loc":{"start":{"line":110,"column":2},"end":{"line":116,"column":27}},"locations":[{"start":{"line":110,"column":2},"end":{"line":116,"column":27}}]},"21":{"type":"branch","line":116,"loc":{"start":{"line":116,"column":16},"end":{"line":116,"column":46}},"locations":[{"start":{"line":116,"column":16},"end":{"line":116,"column":46}}]},"22":{"type":"branch","line":116,"loc":{"start":{"line":116,"column":42},"end":{"line":116,"column":56}},"locations":[{"start":{"line":116,"column":42},"end":{"line":116,"column":56}}]},"23":{"type":"branch","line":117,"loc":{"start":{"line":117,"column":18},"end":{"line":117,"column":52}},"locations":[{"start":{"line":117,"column":18},"end":{"line":117,"column":52}}]},"24":{"type":"branch","line":117,"loc":{"start":{"line":117,"column":48},"end":{"line":117,"column":62}},"locations":[{"start":{"line":117,"column":48},"end":{"line":117,"column":62}}]},"25":{"type":"branch","line":118,"loc":{"start":{"line":118,"column":5},"end":{"line":131,"column":11}},"locations":[{"start":{"line":118,"column":5},"end":{"line":131,"column":11}}]},"26":{"type":"branch","line":131,"loc":{"start":{"line":131,"column":2},"end":{"line":145,"column":3}},"locations":[{"start":{"line":131,"column":2},"end":{"line":145,"column":3}}]},"27":{"type":"branch","line":132,"loc":{"start":{"line":132,"column":56},"end":{"line":132,"column":82}},"locations":[{"start":{"line":132,"column":56},"end":{"line":132,"column":82}}]}},"b":{"0":[11],"1":[11],"2":[9],"3":[2],"4":[9],"5":[13],"6":[1],"7":[12],"8":[1],"9":[11],"10":[9],"11":[3],"12":[8],"13":[1],"14":[0],"15":[7],"16":[1],"17":[0],"18":[6],"19":[1],"20":[5],"21":[1],"22":[4],"23":[1],"24":[4],"25":[4],"26":[1],"27":[0]},"fnMap":{"0":{"name":"getKSTDateTime","decl":{"start":{"line":18,"column":7},"end":{"line":22,"column":1}},"loc":{"start":{"line":18,"column":7},"end":{"line":22,"column":1}},"line":18},"1":{"name":"getRouteData","decl":{"start":{"line":27,"column":0},"end":{"line":49,"column":1}},"loc":{"start":{"line":27,"column":0},"end":{"line":49,"column":1}},"line":27},"2":{"name":"handler","decl":{"start":{"line":57,"column":0},"end":{"line":146,"column":1}},"loc":{"start":{"line":57,"column":0},"end":{"line":146,"column":1}},"line":57}},"f":{"0":11,"1":11,"2":13}}
,"/home/hyeonsung/seoul-subway/vercel-proxy/api/stations.ts": {"path":"/home/hyeonsung/seoul-subway/vercel-proxy/api/stations.ts","all":false,"statementMap":{"0":{"start":{"line":1,"column":0},"end":{"line":1,"column":66}},"15":{"start":{"line":16,"column":0},"end":{"line":16,"column":38}},"16":{"start":{"line":17,"column":0},"end":{"line":17,"column":18}},"17":{"start":{"line":18,"column":0},"end":{"line":18,"column":17}},"18":{"start":{"line":19,"column":0},"end":{"line":19,"column":31}},"19":{"start":{"line":20,"column":0},"end":{"line":20,"column":33}},"20":{"start":{"line":21,"column":0},"end":{"line":21,"column":46}},"21":{"start":{"line":22,"column":0},"end":{"line":22,"column":53}},"22":{"start":{"line":23,"column":0},"end":{"line":23,"column":130}},"24":{"start":{"line":25,"column":0},"end":{"line":25,"column":79}},"25":{"start":{"line":26,"column":0},"end":{"line":26,"column":57}},"26":{"start":{"line":27,"column":0},"end":{"line":27,"column":1}},"34":{"start":{"line":35,"column":0},"end":{"line":35,"column":80}},"35":{"start":{"line":36,"column":0},"end":{"line":36,"column":31}},"37":{"start":{"line":38,"column":0},"end":{"line":38,"column":33}},"38":{"start":{"line":39,"column":0},"end":{"line":39,"column":33}},"39":{"start":{"line":40,"column":0},"end":{"line":40,"column":3}},"41":{"start":{"line":42,"column":0},"end":{"line":42,"column":29}},"42":{"start":{"line":43,"column":0},"end":{"line":43,"column":98}},"43":{"start":{"line":44,"column":0},"end":{"line":44,"column":3}},"45":{"start":{"line":46,"column":0},"end":{"line":46,"column":44}},"47":{"start":{"line":48,"column":0},"end":{"line":48,"column":48}},"48":{"start":{"line":49,"column":0},"end":{"line":49,"column":32}},"49":{"start":{"line":50,"column":0},"end":{"line":50,"column":103}},"50":{"start":{"line":51,"column":0},"end":{"line":51,"column":6}},"51":{"start":{"line":52,"column":0},"end":{"line":52,"column":3}},"54":{"start":{"line":55,"column":0},"end":{"line":55,"column":50}},"55":{"start":{"line":56,"column":0},"end":{"line":56,"column":27}},"56":{"start":{"line":57,"column":0},"end":{"line":57,"column":49}},"57":{"start":{"line":58,"column":0},"end":{"line":58,"column":32}},"58":{"start":{"line":59,"column":0},"end":{"line":59,"column":68}},"59":{"start":{"line":60,"column":0},"end":{"line":60,"column":23}},"60":{"start":{"line":61,"column":0},"end":{"line":61,"column":70}},"61":{"start":{"line":62,"column":0},"end":{"line":62,"column":59}},"62":{"start":{"line":63,"column":0},"end":{"line":63,"column":8}},"63":{"start":{"line":64,"column":0},"end":{"line":64,"column":6}},"64":{"start":{"line":65,"column":0},"end":{"line":65,"column":3}},"66":{"start":{"line":67,"column":0},"end":{"line":67,"column":47}},"67":{"start":{"line":68,"column":0},"end":{"line":68,"column":16}},"68":{"start":{"line":69,"column":0},"end":{"line":69,"column":97}},"69":{"start":{"line":70,"column":0},"end":{"line":70,"column":3}},"71":{"start":{"line":72,"column":0},"end":{"line":72,"column":7}},"72":{"start":{"line":73,"column":0},"end":{"line":73,"column":67}},"73":{"start":{"line":74,"column":0},"end":{"line":74,"column":47}},"74":{"start":{"line":75,"column":0},"end":{"line":75,"column":41}},"75":{"start":{"line":76,"column":0},"end":{"line":76,"column":7}},"77":{"start":{"line":78,"column":0},"end":{"line":78,"column":81}},"79":{"start":{"line":80,"column":0},"end":{"line":80,"column":9}},"80":{"start":{"line":81,"column":0},"end":{"line":81,"column":20}},"81":{"start":{"line":82,"column":0},"end":{"line":82,"column":32}},"82":{"start":{"line":83,"column":0},"end":{"line":83,"column":25}},"83":{"start":{"line":84,"column":0},"end":{"line":84,"column":39}},"84":{"start":{"line":85,"column":0},"end":{"line":85,"column":18}},"85":{"start":{"line":86,"column":0},"end":{"line":86,"column":7}},"87":{"start":{"line":88,"column":0},"end":{"line":88,"column":38}},"88":{"start":{"line":89,"column":0},"end":{"line":89,"column":19}},"89":{"start":{"line":90,"column":0},"end":{"line":90,"column":82}},"91":{"start":{"line":92,"column":0},"end":{"line":92,"column":9}},"92":{"start":{"line":93,"column":0},"end":{"line":93,"column":21}},"93":{"start":{"line":94,"column":0},"end":{"line":94,"column":32}},"94":{"start":{"line":95,"column":0},"end":{"line":95,"column":25}},"95":{"start":{"line":96,"column":0},"end":{"line":96,"column":39}},"96":{"start":{"line":97,"column":0},"end":{"line":97,"column":26}},"97":{"start":{"line":98,"column":0},"end":{"line":98,"column":7}},"99":{"start":{"line":100,"column":0},"end":{"line":100,"column":32}},"100":{"start":{"line":101,"column":0},"end":{"line":101,"column":80}},"101":{"start":{"line":102,"column":0},"end":{"line":102,"column":6}},"102":{"start":{"line":103,"column":0},"end":{"line":103,"column":3}},"103":{"start":{"line":104,"column":0},"end":{"line":104,"column":1}}},"s":{"0":1,"15":12,"16":12,"17":12,"18":12,"19":12,"20":12,"21":12,"22":12,"24":12,"25":10,"26":10,"34":11,"35":11,"37":11,"38":1,"39":1,"41":11,"42":2,"43":2,"45":8,"47":11,"48":1,"49":1,"50":1,"51":1,"54":7,"55":11,"56":2,"57":2,"58":2,"59":2,"60":2,"61":2,"62":2,"63":2,"64":2,"66":5,"67":11,"68":1,"69":1,"71":4,"72":4,"73":11,"74":11,"75":11,"77":3,"79":3,"80":3,"81":3,"82":3,"83":3,"84":3,"85":3,"87":3,"88":11,"89":1,"91":1,"92":1,"93":1,"94":1,"95":1,"96":1,"97":1,"99":1,"100":1,"101":1,"102":1,"103":11},"branchMap":{"0":{"type":"branch","line":16,"loc":{"start":{"line":16,"column":0},"end":{"line":27,"column":1}},"locations":[{"start":{"line":16,"column":0},"end":{"line":27,"column":1}}]},"1":{"type":"branch","line":25,"loc":{"start":{"line":25,"column":77},"end":{"line":27,"column":1}},"locations":[{"start":{"line":25,"column":77},"end":{"line":27,"column":1}}]},"2":{"type":"branch","line":35,"loc":{"start":{"line":35,"column":0},"end":{"line":104,"column":1}},"locations":[{"start":{"line":35,"column":0},"end":{"line":104,"column":1}}]},"3":{"type":"branch","line":38,"loc":{"start":{"line":38,"column":32},"end":{"line":40,"column":3}},"locations":[{"start":{"line":38,"column":32},"end":{"line":40,"column":3}}]},"4":{"type":"branch","line":40,"loc":{"start":{"line":40,"column":2},"end":{"line":42,"column":28}},"locations":[{"start":{"line":40,"column":2},"end":{"line":42,"column":28}}]},"5":{"type":"branch","line":42,"loc":{"start":{"line":42,"column":28},"end":{"line":44,"column":3}},"locations":[{"start":{"line":42,"column":28},"end":{"line":44,"column":3}}]},"6":{"type":"branch","line":44,"loc":{"start":{"line":44,"column":2},"end":{"line":48,"column":18}},"locations":[{"start":{"line":44,"column":2},"end":{"line":48,"column":18}}]},"7":{"type":"branch","line":48,"loc":{"start":{"line":48,"column":7},"end":{"line":48,"column":47}},"locations":[{"start":{"line":48,"column":7},"end":{"line":48,"column":47}}]},"8":{"type":"branch","line":48,"loc":{"start":{"line":48,"column":47},"end":{"line":52,"column":3}},"locations":[{"start":{"line":48,"column":47},"end":{"line":52,"column":3}}]},"9":{"type":"branch","line":52,"loc":{"start":{"line":52,"column":2},"end":{"line":56,"column":26}},"locations":[{"start":{"line":52,"column":2},"end":{"line":56,"column":26}}]},"10":{"type":"branch","line":56,"loc":{"start":{"line":56,"column":26},"end":{"line":65,"column":3}},"locations":[{"start":{"line":56,"column":26},"end":{"line":65,"column":3}}]},"11":{"type":"branch","line":61,"loc":{"start":{"line":61,"column":42},"end":{"line":61,"column":60}},"locations":[{"start":{"line":61,"column":42},"end":{"line":61,"column":60}}]},"12":{"type":"branch","line":61,"loc":{"start":{"line":61,"column":46},"end":{"line":61,"column":70}},"locations":[{"start":{"line":61,"column":46},"end":{"line":61,"column":70}}]},"13":{"type":"branch","line":65,"loc":{"start":{"line":65,"column":2},"end":{"line":68,"column":15}},"locations":[{"start":{"line":65,"column":2},"end":{"line":68,"column":15}}]},"14":{"type":"branch","line":68,"loc":{"start":{"line":68,"column":15},"end":{"line":70,"column":3}},"locations":[{"start":{"line":68,"column":15},"end":{"line":70,"column":3}}]},"15":{"type":"branch","line":70,"loc":{"start":{"line":70,"column":2},"end":{"line":74,"column":21}},"locations":[{"start":{"line":70,"column":2},"end":{"line":74,"column":21}}]},"16":{"type":"branch","line":74,"loc":{"start":{"line":74,"column":13},"end":{"line":74,"column":37}},"locations":[{"start":{"line":74,"column":13},"end":{"line":74,"column":37}}]},"17":{"type":"branch","line":74,"loc":{"start":{"line":74,"column":33},"end":{"line":74,"column":47}},"locations":[{"start":{"line":74,"column":33},"end":{"line":74,"column":47}}]},"18":{"type":"branch","line":75,"loc":{"start":{"line":75,"column":11},"end":{"line":75,"column":31}},"locations":[{"start":{"line":75,"column":11},"end":{"line":75,"column":31}}]},"19":{"type":"branch","line":75,"loc":{"start":{"line":75,"column":27},"end":{"line":75,"column":41}},"locations":[{"start":{"line":75,"column":27},"end":{"line":75,"column":41}}]},"20":{"type":"branch","line":76,"loc":{"start":{"line":76,"column":5},"end":{"line":89,"column":11}},"locations":[{"start":{"line":76,"column":5},"end":{"line":89,"column":11}}]},"21":{"type":"branch","line":89,"loc":{"start":{"line":89,"column":2},"end":{"line":103,"column":3}},"locations":[{"start":{"line":89,"column":2},"end":{"line":103,"column":3}}]},"22":{"type":"branch","line":90,"loc":{"start":{"line":90,"column":56},"end":{"line":90,"column":82}},"locations":[{"start":{"line":90,"column":56},"end":{"line":90,"column":82}}]}},"b":{"0":[12],"1":[10],"2":[11],"3":[1],"4":[10],"5":[2],"6":[8],"7":[7],"8":[1],"9":[7],"10":[2],"11":[1],"12":[1],"13":[5],"14":[1],"15":[4],"16":[1],"17":[3],"18":[1],"19":[3],"20":[3],"21":[1],"22":[0]},"fnMap":{"0":{"name":"getStationsData","decl":{"start":{"line":16,"column":0},"end":{"line":27,"column":1}},"loc":{"start":{"line":16,"column":0},"end":{"line":27,"column":1}},"line":16},"1":{"name":"handler","decl":{"start":{"line":35,"column":0},"end":{"line":104,"column":1}},"loc":{"start":{"line":35,"column":0},"end":{"line":104,"column":1}},"line":35}},"f":{"0":12,"1":11}}
,"/home/hyeonsung/seoul-subway/vercel-proxy/api/realtime/[station].ts": {"path":"/home/hyeonsung/seoul-subway/vercel-proxy/api/realtime/[station].ts","all":false,"statementMap":{"0":{"start":{"line":1,"column":0},"end":{"line":1,"column":66}},"15":{"start":{"line":16,"column":0},"end":{"line":16,"column":38}},"16":{"start":{"line":17,"column":0},"end":{"line":17,"column":18}},"17":{"start":{"line":18,"column":0},"end":{"line":18,"column":17}},"18":{"start":{"line":19,"column":0},"end":{"line":19,"column":31}},"19":{"start":{"line":20,"column":0},"end":{"line":20,"column":33}},"20":{"start":{"line":21,"column":0},"end":{"line":21,"column":46}},"21":{"start":{"line":22,"column":0},"end":{"line":22,"column":53}},"22":{"start":{"line":23,"column":0},"end":{"line":23,"column":131}},"24":{"start":{"line":25,"column":0},"end":{"line":25,"column":79}},"25":{"start":{"line":26,"column":0},"end":{"line":26,"column":57}},"26":{"start":{"line":27,"column":0},"end":{"line":27,"column":1}},"34":{"start":{"line":35,"column":0},"end":{"line":35,"column":80}},"35":{"start":{"line":36,"column":0},"end":{"line":36,"column":31}},"37":{"start":{"line":38,"column":0},"end":{"line":38,"column":33}},"38":{"start":{"line":39,"column":0},"end":{"line":39,"column":33}},"39":{"start":{"line":40,"column":0},"end":{"line":40,"column":3}},"41":{"start":{"line":42,"column":0},"end":{"line":42,"column":29}},"42":{"start":{"line":43,"column":0},"end":{"line":43,"column":98}},"43":{"start":{"line":44,"column":0},"end":{"line":44,"column":3}},"45":{"start":{"line":46,"column":0},"end":{"line":46,"column":32}},"46":{"start":{"line":47,"column":0},"end":{"line":47,"column":48}},"47":{"start":{"line":48,"column":0},"end":{"line":48,"column":32}},"48":{"start":{"line":49,"column":0},"end":{"line":49,"column":103}},"49":{"start":{"line":50,"column":0},"end":{"line":50,"column":6}},"50":{"start":{"line":51,"column":0},"end":{"line":51,"column":3}},"53":{"start":{"line":54,"column":0},"end":{"line":54,"column":50}},"54":{"start":{"line":55,"column":0},"end":{"line":55,"column":27}},"55":{"start":{"line":56,"column":0},"end":{"line":56,"column":49}},"56":{"start":{"line":57,"column":0},"end":{"line":57,"column":32}},"57":{"start":{"line":58,"column":0},"end":{"line":58,"column":68}},"58":{"start":{"line":59,"column":0},"end":{"line":59,"column":23}},"59":{"start":{"line":60,"column":0},"end":{"line":60,"column":70}},"60":{"start":{"line":61,"column":0},"end":{"line":61,"column":59}},"61":{"start":{"line":62,"column":0},"end":{"line":62,"column":8}},"62":{"start":{"line":63,"column":0},"end":{"line":63,"column":6}},"63":{"start":{"line":64,"column":0},"end":{"line":64,"column":3}},"65":{"start":{"line":66,"column":0},"end":{"line":66,"column":47}},"66":{"start":{"line":67,"column":0},"end":{"line":67,"column":16}},"67":{"start":{"line":68,"column":0},"end":{"line":68,"column":97}},"68":{"start":{"line":69,"column":0},"end":{"line":69,"column":3}},"70":{"start":{"line":71,"column":0},"end":{"line":71,"column":7}},"71":{"start":{"line":72,"column":0},"end":{"line":72,"column":67}},"72":{"start":{"line":73,"column":0},"end":{"line":73,"column":39}},"73":{"start":{"line":74,"column":0},"end":{"line":74,"column":35}},"74":{"start":{"line":75,"column":0},"end":{"line":75,"column":7}},"76":{"start":{"line":77,"column":0},"end":{"line":77,"column":77}},"78":{"start":{"line":79,"column":0},"end":{"line":79,"column":9}},"79":{"start":{"line":80,"column":0},"end":{"line":80,"column":20}},"80":{"start":{"line":81,"column":0},"end":{"line":81,"column":32}},"81":{"start":{"line":82,"column":0},"end":{"line":82,"column":25}},"82":{"start":{"line":83,"column":0},"end":{"line":83,"column":39}},"83":{"start":{"line":84,"column":0},"end":{"line":84,"column":18}},"84":{"start":{"line":85,"column":0},"end":{"line":85,"column":7}},"86":{"start":{"line":87,"column":0},"end":{"line":87,"column":38}},"87":{"start":{"line":88,"column":0},"end":{"line":88,"column":19}},"88":{"start":{"line":89,"column":0},"end":{"line":89,"column":82}},"90":{"start":{"line":91,"column":0},"end":{"line":91,"column":9}},"91":{"start":{"line":92,"column":0},"end":{"line":92,"column":21}},"92":{"start":{"line":93,"column":0},"end":{"line":93,"column":32}},"93":{"start":{"line":94,"column":0},"end":{"line":94,"column":25}},"94":{"start":{"line":95,"column":0},"end":{"line":95,"column":39}},"95":{"start":{"line":96,"column":0},"end":{"line":96,"column":26}},"96":{"start":{"line":97,"column":0},"end":{"line":97,"column":7}},"98":{"start":{"line":99,"column":0},"end":{"line":99,"column":32}},"99":{"start":{"line":100,"column":0},"end":{"line":100,"column":81}},"100":{"start":{"line":101,"column":0},"end":{"line":101,"column":6}},"101":{"start":{"line":102,"column":0},"end":{"line":102,"column":3}},"102":{"start":{"line":103,"column":0},"end":{"line":103,"column":1}}},"s":{"0":1,"15":11,"16":11,"17":11,"18":11,"19":11,"20":11,"21":11,"22":11,"24":11,"25":9,"26":9,"34":10,"35":10,"37":10,"38":1,"39":1,"41":10,"42":1,"43":1,"45":8,"46":10,"47":1,"48":1,"49":1,"50":1,"53":7,"54":10,"55":1,"56":1,"57":1,"58":1,"59":1,"60":1,"61":1,"62":1,"63":1,"65":6,"66":10,"67":1,"68":1,"70":5,"71":5,"72":5,"73":5,"74":5,"76":4,"78":4,"79":4,"80":4,"81":4,"82":4,"83":4,"84":4,"86":4,"87":10,"88":1,"90":1,"91":1,"92":1,"93":1,"94":1,"95":1,"96":1,"98":1,"99":1,"100":1,"101":1,"102":10},"branchMap":{"0":{"type":"branch","line":16,"loc":{"start":{"line":16,"column":0},"end":{"line":27,"column":1}},"locations":[{"start":{"line":16,"column":0},"end":{"line":27,"column":1}}]},"1":{"type":"branch","line":25,"loc":{"start":{"line":25,"column":77},"end":{"line":27,"column":1}},"locations":[{"start":{"line":25,"column":77},"end":{"line":27,"column":1}}]},"2":{"type":"branch","line":35,"loc":{"start":{"line":35,"column":0},"end":{"line":103,"column":1}},"locations":[{"start":{"line":35,"column":0},"end":{"line":103,"column":1}}]},"3":{"type":"branch","line":38,"loc":{"start":{"line":38,"column":32},"end":{"line":40,"column":3}},"locations":[{"start":{"line":38,"column":32},"end":{"line":40,"column":3}}]},"4":{"type":"branch","line":40,"loc":{"start":{"line":40,"column":2},"end":{"line":42,"column":28}},"locations":[{"start":{"line":40,"column":2},"end":{"line":42,"column":28}}]},"5":{"type":"branch","line":42,"loc":{"start":{"line":42,"column":28},"end":{"line":44,"column":3}},"locations":[{"start":{"line":42,"column":28},"end":{"line":44,"column":3}}]},"6":{"type":"branch","line":44,"loc":{"start":{"line":44,"column":2},"end":{"line":47,"column":18}},"locations":[{"start":{"line":44,"column":2},"end":{"line":47,"column":18}}]},"7":{"type":"branch","line":47,"loc":{"start":{"line":47,"column":7},"end":{"line":47,"column":47}},"locations":[{"start":{"line":47,"column":7},"end":{"line":47,"column":47}}]},"8":{"type":"branch","line":47,"loc":{"start":{"line":47,"column":47},"end":{"line":51,"column":3}},"locations":[{"start":{"line":47,"column":47},"end":{"line":51,"column":3}}]},"9":{"type":"branch","line":51,"loc":{"start":{"line":51,"column":2},"end":{"line":55,"column":26}},"locations":[{"start":{"line":51,"column":2},"end":{"line":55,"column":26}}]},"10":{"type":"branch","line":55,"loc":{"start":{"line":55,"column":26},"end":{"line":64,"column":3}},"locations":[{"start":{"line":55,"column":26},"end":{"line":64,"column":3}}]},"11":{"type":"branch","line":60,"loc":{"start":{"line":60,"column":46},"end":{"line":60,"column":70}},"locations":[{"start":{"line":60,"column":46},"end":{"line":60,"column":70}}]},"12":{"type":"branch","line":64,"loc":{"start":{"line":64,"column":2},"end":{"line":67,"column":15}},"locations":[{"start":{"line":64,"column":2},"end":{"line":67,"column":15}}]},"13":{"type":"branch","line":67,"loc":{"start":{"line":67,"column":15},"end":{"line":69,"column":3}},"locations":[{"start":{"line":67,"column":15},"end":{"line":69,"column":3}}]},"14":{"type":"branch","line":69,"loc":{"start":{"line":69,"column":2},"end":{"line":75,"column":7}},"locations":[{"start":{"line":69,"column":2},"end":{"line":75,"column":7}}]},"15":{"type":"branch","line":75,"loc":{"start":{"line":75,"column":5},"end":{"line":88,"column":11}},"locations":[{"start":{"line":75,"column":5},"end":{"line":88,"column":11}}]},"16":{"type":"branch","line":88,"loc":{"start":{"line":88,"column":2},"end":{"line":102,"column":3}},"locations":[{"start":{"line":88,"column":2},"end":{"line":102,"column":3}}]},"17":{"type":"branch","line":89,"loc":{"start":{"line":89,"column":56},"end":{"line":89,"column":82}},"locations":[{"start":{"line":89,"column":56},"end":{"line":89,"column":82}}]}},"b":{"0":[11],"1":[9],"2":[10],"3":[1],"4":[9],"5":[1],"6":[8],"7":[7],"8":[1],"9":[7],"10":[1],"11":[0],"12":[6],"13":[1],"14":[5],"15":[4],"16":[1],"17":[0]},"fnMap":{"0":{"name":"getRealtimeData","decl":{"start":{"line":16,"column":0},"end":{"line":27,"column":1}},"loc":{"start":{"line":16,"column":0},"end":{"line":27,"column":1}},"line":16},"1":{"name":"handler","decl":{"start":{"line":35,"column":0},"end":{"line":103,"column":1}},"loc":{"start":{"line":35,"column":0},"end":{"line":103,"column":1}},"line":35}},"f":{"0":11,"1":10}}
,"/home/hyeonsung/seoul-subway/vercel-proxy/lib/circuitBreaker.ts": {"path":"/home/hyeonsung/seoul-subway/vercel-proxy/lib/circuitBreaker.ts","all":false,"statementMap":{"0":{"start":{"line":1,"column":0},"end":{"line":1,"column":56}},"26":{"start":{"line":27,"column":0},"end":{"line":27,"column":29}},"27":{"start":{"line":28,"column":0},"end":{"line":28,"column":41}},"28":{"start":{"line":29,"column":0},"end":{"line":29,"column":23}},"29":{"start":{"line":30,"column":0},"end":{"line":30,"column":24}},"30":{"start":{"line":31,"column":0},"end":{"line":31,"column":48}},"31":{"start":{"line":32,"column":0},"end":{"line":32,"column":28}},"32":{"start":{"line":33,"column":0},"end":{"line":33,"column":28}},"38":{"start":{"line":39,"column":0},"end":{"line":39,"column":52}},"39":{"start":{"line":40,"column":0},"end":{"line":40,"column":97}},"40":{"start":{"line":41,"column":0},"end":{"line":41,"column":85}},"41":{"start":{"line":42,"column":0},"end":{"line":42,"column":97}},"42":{"start":{"line":43,"column":0},"end":{"line":43,"column":3}},"47":{"start":{"line":48,"column":0},"end":{"line":48,"column":25}},"48":{"start":{"line":49,"column":0},"end":{"line":49,"column":23}},"49":{"start":{"line":50,"column":0},"end":{"line":50,"column":33}},"50":{"start":{"line":51,"column":0},"end":{"line":51,"column":3}},"55":{"start":{"line":56,"column":0},"end":{"line":56,"column":25}},"56":{"start":{"line":57,"column":0},"end":{"line":57,"column":25}},"58":{"start":{"line":59,"column":0},"end":{"line":59,"column":37}},"59":{"start":{"line":60,"column":0},"end":{"line":60,"column":23}},"60":{"start":{"line":61,"column":0},"end":{"line":61,"column":52}},"61":{"start":{"line":62,"column":0},"end":{"line":62,"column":21}},"62":{"start":{"line":63,"column":0},"end":{"line":63,"column":7}},"63":{"start":{"line":64,"column":0},"end":{"line":64,"column":41}},"65":{"start":{"line":66,"column":0},"end":{"line":66,"column":24}},"66":{"start":{"line":67,"column":0},"end":{"line":67,"column":5}},"67":{"start":{"line":68,"column":0},"end":{"line":68,"column":3}},"72":{"start":{"line":73,"column":0},"end":{"line":73,"column":25}},"73":{"start":{"line":74,"column":0},"end":{"line":74,"column":25}},"74":{"start":{"line":75,"column":0},"end":{"line":75,"column":25}},"75":{"start":{"line":76,"column":0},"end":{"line":76,"column":38}},"77":{"start":{"line":78,"column":0},"end":{"line":78,"column":37}},"79":{"start":{"line":80,"column":0},"end":{"line":80,"column":18}},"80":{"start":{"line":81,"column":0},"end":{"line":81,"column":41}},"81":{"start":{"line":82,"column":0},"end":{"line":82,"column":22}},"82":{"start":{"line":83,"column":0},"end":{"line":83,"column":51}},"83":{"start":{"line":84,"column":0},"end":{"line":84,"column":20}},"84":{"start":{"line":85,"column":0},"end":{"line":85,"column":7}},"85":{"start":{"line":86,"column":0},"end":{"line":86,"column":5}},"86":{"start":{"line":87,"column":0},"end":{"line":87,"column":3}},"91":{"start":{"line":92,"column":0},"end":{"line":92,"column":35}},"92":{"start":{"line":93,"column":0},"end":{"line":93,"column":23}},"93":{"start":{"line":94,"column":0},"end":{"line":94,"column":12}},"94":{"start":{"line":95,"column":0},"end":{"line":95,"column":24}},"95":{"start":{"line":96,"column":0},"end":{"line":96,"column":30}},"96":{"start":{"line":97,"column":0},"end":{"line":97,"column":32}},"97":{"start":{"line":98,"column":0},"end":{"line":98,"column":44}},"98":{"start":{"line":99,"column":0},"end":{"line":99,"column":40}},"99":{"start":{"line":100,"column":0},"end":{"line":100,"column":40}},"100":{"start":{"line":101,"column":0},"end":{"line":101,"column":6}},"101":{"start":{"line":102,"column":0},"end":{"line":102,"column":3}},"106":{"start":{"line":107,"column":0},"end":{"line":107,"column":17}},"107":{"start":{"line":108,"column":0},"end":{"line":108,"column":17}},"108":{"start":{"line":109,"column":0},"end":{"line":109,"column":27}},"109":{"start":{"line":110,"column":0},"end":{"line":110,"column":27}},"110":{"start":{"line":111,"column":0},"end":{"line":111,"column":3}},"118":{"start":{"line":119,"column":0},"end":{"line":119,"column":54}},"119":{"start":{"line":120,"column":0},"end":{"line":120,"column":29}},"120":{"start":{"line":121,"column":0},"end":{"line":121,"column":60}},"121":{"start":{"line":122,"column":0},"end":{"line":122,"column":5}},"123":{"start":{"line":124,"column":0},"end":{"line":124,"column":9}},"124":{"start":{"line":125,"column":0},"end":{"line":125,"column":32}},"125":{"start":{"line":126,"column":0},"end":{"line":126,"column":27}},"126":{"start":{"line":127,"column":0},"end":{"line":127,"column":20}},"127":{"start":{"line":128,"column":0},"end":{"line":128,"column":21}},"128":{"start":{"line":129,"column":0},"end":{"line":129,"column":27}},"129":{"start":{"line":130,"column":0},"end":{"line":130,"column":18}},"130":{"start":{"line":131,"column":0},"end":{"line":131,"column":5}},"131":{"start":{"line":132,"column":0},"end":{"line":132,"column":3}},"133":{"start":{"line":134,"column":0},"end":{"line":134,"column":31}},"134":{"start":{"line":135,"column":0},"end":{"line":135,"column":65}},"135":{"start":{"line":136,"column":0},"end":{"line":136,"column":65}},"136":{"start":{"line":137,"column":0},"end":{"line":137,"column":50}},"137":{"start":{"line":138,"column":0},"end":{"line":138,"column":24}},"138":{"start":{"line":139,"column":0},"end":{"line":139,"column":7}},"139":{"start":{"line":140,"column":0},"end":{"line":140,"column":5}},"140":{"start":{"line":141,"column":0},"end":{"line":141,"column":3}},"142":{"start":{"line":143,"column":0},"end":{"line":143,"column":24}},"143":{"start":{"line":144,"column":0},"end":{"line":144,"column":24}},"144":{"start":{"line":145,"column":0},"end":{"line":145,"column":23}},"145":{"start":{"line":146,"column":0},"end":{"line":146,"column":3}},"147":{"start":{"line":148,"column":0},"end":{"line":148,"column":28}},"148":{"start":{"line":149,"column":0},"end":{"line":149,"column":29}},"149":{"start":{"line":150,"column":0},"end":{"line":150,"column":23}},"150":{"start":{"line":151,"column":0},"end":{"line":151,"column":22}},"151":{"start":{"line":152,"column":0},"end":{"line":152,"column":3}},"153":{"start":{"line":154,"column":0},"end":{"line":154,"column":25}},"154":{"start":{"line":155,"column":0},"end":{"line":155,"column":26}},"155":{"start":{"line":156,"column":0},"end":{"line":156,"column":22}},"156":{"start":{"line":157,"column":0},"end":{"line":157,"column":23}},"157":{"start":{"line":158,"column":0},"end":{"line":158,"column":3}},"158":{"start":{"line":159,"column":0},"end":{"line":159,"column":1}},"163":{"start":{"line":164,"column":0},"end":{"line":164,"column":45}},"164":{"start":{"line":165,"column":0},"end":{"line":165,"column":33}},"166":{"start":{"line":167,"column":0},"end":{"line":167,"column":32}},"167":{"start":{"line":168,"column":0},"end":{"line":168,"column":19}},"168":{"start":{"line":169,"column":0},"end":{"line":169,"column":35}},"169":{"start":{"line":170,"column":0},"end":{"line":170,"column":3}},"170":{"start":{"line":171,"column":0},"end":{"line":171,"column":1}},"175":{"start":{"line":176,"column":0},"end":{"line":176,"column":32}},"176":{"start":{"line":177,"column":0},"end":{"line":177,"column":37}},"177":{"start":{"line":178,"column":0},"end":{"line":178,"column":33}},"178":{"start":{"line":179,"column":0},"end":{"line":179,"column":11}},"183":{"start":{"line":184,"column":0},"end":{"line":184,"column":90}},"184":{"start":{"line":185,"column":0},"end":{"line":185,"column":34}},"185":{"start":{"line":186,"column":0},"end":{"line":186,"column":1}}},"s":{"0":1,"26":1,"27":1,"28":1,"29":1,"30":1,"31":1,"32":1,"38":1,"39":18,"40":18,"41":18,"42":18,"47":1,"48":9,"49":9,"50":9,"55":1,"56":8,"58":8,"59":2,"60":2,"61":1,"62":1,"63":8,"65":6,"66":6,"67":8,"72":1,"73":28,"74":28,"75":28,"77":28,"79":1,"80":28,"81":27,"82":27,"83":6,"84":6,"85":27,"86":28,"91":1,"92":15,"93":15,"94":15,"95":15,"96":15,"97":15,"98":15,"99":15,"100":15,"101":15,"106":1,"107":1,"108":1,"109":1,"110":1,"118":1,"119":4,"120":1,"121":1,"123":3,"124":3,"125":2,"126":2,"127":4,"128":1,"129":1,"130":1,"131":4,"133":1,"134":24,"135":8,"136":8,"137":3,"138":3,"139":8,"140":24,"142":1,"143":7,"144":7,"145":7,"147":1,"148":3,"149":3,"150":3,"151":3,"153":1,"154":2,"155":2,"156":2,"157":2,"158":1,"163":1,"164":1,"166":1,"167":2,"168":2,"169":2,"170":1,"175":1,"176":1,"177":1,"178":1,"183":1,"184":0,"185":0},"branchMap":{"0":{"type":"branch","line":39,"loc":{"start":{"line":39,"column":2},"end":{"line":43,"column":3}},"locations":[{"start":{"line":39,"column":2},"end":{"line":43,"column":3}}]},"1":{"type":"branch","line":40,"loc":{"start":{"line":40,"column":36},"end":{"line":40,"column":97}},"locations":[{"start":{"line":40,"column":36},"end":{"line":40,"column":97}}]},"2":{"type":"branch","line":41,"loc":{"start":{"line":41,"column":32},"end":{"line":41,"column":85}},"locations":[{"start":{"line":41,"column":32},"end":{"line":41,"column":85}}]},"3":{"type":"branch","line":42,"loc":{"start":{"line":42,"column":36},"end":{"line":42,"column":97}},"locations":[{"start":{"line":42,"column":36},"end":{"line":42,"column":97}}]},"4":{"type":"branch","line":48,"loc":{"start":{"line":48,"column":2},"end":{"line":51,"column":3}},"locations":[{"start":{"line":48,"column":2},"end":{"line":51,"column":3}}]},"5":{"type":"branch","line":56,"loc":{"start":{"line":56,"column":2},"end":{"line":68,"column":3}},"locations":[{"start":{"line":56,"column":2},"end":{"line":68,"column":3}}]},"6":{"type":"branch","line":59,"loc":{"start":{"line":59,"column":36},"end":{"line":64,"column":15}},"locations":[{"start":{"line":59,"column":36},"end":{"line":64,"column":15}}]},"7":{"type":"branch","line":61,"loc":{"start":{"line":61,"column":51},"end":{"line":63,"column":7}},"locations":[{"start":{"line":61,"column":51},"end":{"line":63,"column":7}}]},"8":{"type":"branch","line":64,"loc":{"start":{"line":64,"column":4},"end":{"line":67,"column":5}},"locations":[{"start":{"line":64,"column":4},"end":{"line":67,"column":5}}]},"9":{"type":"branch","line":73,"loc":{"start":{"line":73,"column":2},"end":{"line":87,"column":3}},"locations":[{"start":{"line":73,"column":2},"end":{"line":87,"column":3}}]},"10":{"type":"branch","line":78,"loc":{"start":{"line":78,"column":36},"end":{"line":81,"column":15}},"locations":[{"start":{"line":78,"column":36},"end":{"line":81,"column":15}}]},"11":{"type":"branch","line":81,"loc":{"start":{"line":81,"column":4},"end":{"line":86,"column":5}},"locations":[{"start":{"line":81,"column":4},"end":{"line":86,"column":5}}]},"12":{"type":"branch","line":83,"loc":{"start":{"line":83,"column":50},"end":{"line":85,"column":7}},"locations":[{"start":{"line":83,"column":50},"end":{"line":85,"column":7}}]},"13":{"type":"branch","line":92,"loc":{"start":{"line":92,"column":2},"end":{"line":102,"column":3}},"locations":[{"start":{"line":92,"column":2},"end":{"line":102,"column":3}}]},"14":{"type":"branch","line":107,"loc":{"start":{"line":107,"column":2},"end":{"line":111,"column":3}},"locations":[{"start":{"line":107,"column":2},"end":{"line":111,"column":3}}]},"15":{"type":"branch","line":119,"loc":{"start":{"line":119,"column":2},"end":{"line":132,"column":3}},"locations":[{"start":{"line":119,"column":2},"end":{"line":132,"column":3}}]},"16":{"type":"branch","line":120,"loc":{"start":{"line":120,"column":28},"end":{"line":122,"column":5}},"locations":[{"start":{"line":120,"column":28},"end":{"line":122,"column":5}}]},"17":{"type":"branch","line":122,"loc":{"start":{"line":122,"column":4},"end":{"line":125,"column":32}},"locations":[{"start":{"line":122,"column":4},"end":{"line":125,"column":32}}]},"18":{"type":"branch","line":125,"loc":{"start":{"line":125,"column":30},"end":{"line":128,"column":13}},"locations":[{"start":{"line":125,"column":30},"end":{"line":128,"column":13}}]},"19":{"type":"branch","line":128,"loc":{"start":{"line":128,"column":4},"end":{"line":131,"column":5}},"locations":[{"start":{"line":128,"column":4},"end":{"line":131,"column":5}}]},"20":{"type":"branch","line":134,"loc":{"start":{"line":134,"column":10},"end":{"line":141,"column":3}},"locations":[{"start":{"line":134,"column":10},"end":{"line":141,"column":3}}]},"21":{"type":"branch","line":135,"loc":{"start":{"line":135,"column":23},"end":{"line":135,"column":64}},"locations":[{"start":{"line":135,"column":23},"end":{"line":135,"column":64}}]},"22":{"type":"branch","line":135,"loc":{"start":{"line":135,"column":64},"end":{"line":140,"column":5}},"locations":[{"start":{"line":135,"column":64},"end":{"line":140,"column":5}}]},"23":{"type":"branch","line":137,"loc":{"start":{"line":137,"column":49},"end":{"line":139,"column":7}},"locations":[{"start":{"line":137,"column":49},"end":{"line":139,"column":7}}]},"24":{"type":"branch","line":143,"loc":{"start":{"line":143,"column":10},"end":{"line":146,"column":3}},"locations":[{"start":{"line":143,"column":10},"end":{"line":146,"column":3}}]},"25":{"type":"branch","line":148,"loc":{"start":{"line":148,"column":10},"end":{"line":152,"column":3}},"locations":[{"start":{"line":148,"column":10},"end":{"line":152,"column":3}}]},"26":{"type":"branch","line":154,"loc":{"start":{"line":154,"column":10},"end":{"line":158,"column":3}},"locations":[{"start":{"line":154,"column":10},"end":{"line":158,"column":3}}]},"27":{"type":"branch","line":167,"loc":{"start":{"line":167,"column":2},"end":{"line":170,"column":3}},"locations":[{"start":{"line":167,"column":2},"end":{"line":170,"column":3}}]}},"b":{"0":[18],"1":[2],"2":[2],"3":[2],"4":[9],"5":[8],"6":[2],"7":[1],"8":[6],"9":[28],"10":[1],"11":[27],"12":[6],"13":[15],"14":[1],"15":[4],"16":[1],"17":[3],"18":[2],"19":[1],"20":[24],"21":[8],"22":[8],"23":[3],"24":[7],"25":[3],"26":[2],"27":[2]},"fnMap":{"0":{"name":"CircuitBreaker","decl":{"start":{"line":39,"column":2},"end":{"line":43,"column":3}},"loc":{"start":{"line":39,"column":2},"end":{"line":43,"column":3}},"line":39},"1":{"name":"canRequest","decl":{"start":{"line":48,"column":2},"end":{"line":51,"column":3}},"loc":{"start":{"line":48,"column":2},"end":{"line":51,"column":3}},"line":48},"2":{"name":"recordSuccess","decl":{"start":{"line":56,"column":2},"end":{"line":68,"column":3}},"loc":{"start":{"line":56,"column":2},"end":{"line":68,"column":3}},"line":56},"3":{"name":"recordFailure","decl":{"start":{"line":73,"column":2},"end":{"line":87,"column":3}},"loc":{"start":{"line":73,"column":2},"end":{"line":87,"column":3}},"line":73},"4":{"name":"getStats","decl":{"start":{"line":92,"column":2},"end":{"line":102,"column":3}},"loc":{"start":{"line":92,"column":2},"end":{"line":102,"column":3}},"line":92},"5":{"name":"reset","decl":{"start":{"line":107,"column":2},"end":{"line":111,"column":3}},"loc":{"start":{"line":107,"column":2},"end":{"line":111,"column":3}},"line":107},"6":{"name":"execute","decl":{"start":{"line":119,"column":2},"end":{"line":132,"column":3}},"loc":{"start":{"line":119,"column":2},"end":{"line":132,"column":3}},"line":119},"7":{"name":"updateState","decl":{"start":{"line":134,"column":10},"end":{"line":141,"column":3}},"loc":{"start":{"line":134,"column":10},"end":{"line":141,"column":3}},"line":134},"8":{"name":"open","decl":{"start":{"line":143,"column":10},"end":{"line":146,"column":3}},"loc":{"start":{"line":143,"column":10},"end":{"line":146,"column":3}},"line":143},"9":{"name":"halfOpen","decl":{"start":{"line":148,"column":10},"end":{"line":152,"column":3}},"loc":{"start":{"line":148,"column":10},"end":{"line":152,"column":3}},"line":148},"10":{"name":"close","decl":{"start":{"line":154,"column":10},"end":{"line":158,"column":3}},"loc":{"start":{"line":154,"column":10},"end":{"line":158,"column":3}},"line":154},"11":{"name":"CircuitOpenError","decl":{"start":{"line":167,"column":2},"end":{"line":170,"column":3}},"loc":{"start":{"line":167,"column":2},"end":{"line":170,"column":3}},"line":167},"12":{"name":"getCircuitBreaker","decl":{"start":{"line":184,"column":7},"end":{"line":186,"column":1}},"loc":{"start":{"line":184,"column":7},"end":{"line":186,"column":1}},"line":184}},"f":{"0":18,"1":9,"2":8,"3":28,"4":15,"5":1,"6":4,"7":24,"8":7,"9":3,"10":2,"11":2,"12":0}}
,"/home/hyeonsung/seoul-subway/vercel-proxy/lib/constants.ts": {"path":"/home/hyeonsung/seoul-subway/vercel-proxy/lib/constants.ts","all":false,"statementMap":{"5":{"start":{"line":6,"column":0},"end":{"line":6,"column":27}},"7":{"start":{"line":8,"column":0},"end":{"line":8,"column":16}},"9":{"start":{"line":10,"column":0},"end":{"line":10,"column":13}},"11":{"start":{"line":12,"column":0},"end":{"line":12,"column":20}},"12":{"start":{"line":13,"column":0},"end":{"line":13,"column":11}},"14":{"start":{"line":15,"column":0},"end":{"line":15,"column":29}},"16":{"start":{"line":17,"column":0},"end":{"line":17,"column":13}},"17":{"start":{"line":18,"column":0},"end":{"line":18,"column":17}},"18":{"start":{"line":19,"column":0},"end":{"line":19,"column":31}},"19":{"start":{"line":20,"column":0},"end":{"line":20,"column":4}},"21":{"start":{"line":22,"column":0},"end":{"line":22,"column":10}},"22":{"start":{"line":23,"column":0},"end":{"line":23,"column":18}},"23":{"start":{"line":24,"column":0},"end":{"line":24,"column":32}},"24":{"start":{"line":25,"column":0},"end":{"line":25,"column":4}},"26":{"start":{"line":27,"column":0},"end":{"line":27,"column":13}},"27":{"start":{"line":28,"column":0},"end":{"line":28,"column":19}},"28":{"start":{"line":29,"column":0},"end":{"line":29,"column":33}},"29":{"start":{"line":30,"column":0},"end":{"line":30,"column":4}},"31":{"start":{"line":32,"column":0},"end":{"line":32,"column":11}},"32":{"start":{"line":33,"column":0},"end":{"line":33,"column":18}},"33":{"start":{"line":34,"column":0},"end":{"line":34,"column":32}},"34":{"start":{"line":35,"column":0},"end":{"line":35,"column":4}},"35":{"start":{"line":36,"column":0},"end":{"line":36,"column":11}},"37":{"start":{"line":38,"column":0},"end":{"line":38,"column":34}},"39":{"start":{"line":40,"column":0},"end":{"line":40,"column":30}},"41":{"start":{"line":42,"column":0},"end":{"line":42,"column":29}},"43":{"start":{"line":44,"column":0},"end":{"line":44,"column":76}},"44":{"start":{"line":45,"column":0},"end":{"line":45,"column":11}},"46":{"start":{"line":47,"column":0},"end":{"line":47,"column":34}},"48":{"start":{"line":49,"column":0},"end":{"line":49,"column":20}},"50":{"start":{"line":51,"column":0},"end":{"line":51,"column":23}},"51":{"start":{"line":52,"column":0},"end":{"line":52,"column":11}},"53":{"start":{"line":54,"column":0},"end":{"line":54,"column":39}},"55":{"start":{"line":56,"column":0},"end":{"line":56,"column":23}},"57":{"start":{"line":58,"column":0},"end":{"line":58,"column":27}},"59":{"start":{"line":60,"column":0},"end":{"line":60,"column":23}},"60":{"start":{"line":61,"column":0},"end":{"line":61,"column":11}},"62":{"start":{"line":63,"column":0},"end":{"line":63,"column":31}},"64":{"start":{"line":65,"column":0},"end":{"line":65,"column":28}},"66":{"start":{"line":67,"column":0},"end":{"line":67,"column":25}},"68":{"start":{"line":69,"column":0},"end":{"line":69,"column":27}},"70":{"start":{"line":71,"column":0},"end":{"line":71,"column":26}},"72":{"start":{"line":73,"column":0},"end":{"line":73,"column":30}},"73":{"start":{"line":74,"column":0},"end":{"line":74,"column":11}},"75":{"start":{"line":76,"column":0},"end":{"line":76,"column":27}},"77":{"start":{"line":78,"column":0},"end":{"line":78,"column":91}},"79":{"start":{"line":80,"column":0},"end":{"line":80,"column":30}},"80":{"start":{"line":81,"column":0},"end":{"line":81,"column":11}},"85":{"start":{"line":86,"column":0},"end":{"line":86,"column":109}},"86":{"start":{"line":87,"column":0},"end":{"line":87,"column":96}},"87":{"start":{"line":88,"column":0},"end":{"line":88,"column":1}}},"s":{"5":1,"7":1,"9":1,"11":1,"12":1,"14":1,"16":1,"17":1,"18":1,"19":1,"21":1,"22":1,"23":1,"24":1,"26":1,"27":1,"28":1,"29":1,"31":1,"32":1,"33":1,"34":1,"35":1,"37":1,"39":1,"41":1,"43":1,"44":1,"46":1,"48":1,"50":1,"51":1,"53":1,"55":1,"57":1,"59":1,"60":1,"62":1,"64":1,"66":1,"68":1,"70":1,"72":1,"73":1,"75":1,"77":1,"79":1,"80":1,"85":1,"86":0,"87":0},"branchMap":{},"b":{},"fnMap":{"0":{"name":"getCacheControlHeader","decl":{"start":{"line":86,"column":7},"end":{"line":88,"column":1}},"loc":{"start":{"line":86,"column":7},"end":{"line":88,"column":1}},"line":86}},"f":{"0":0}}
,"/home/hyeonsung/seoul-subway/vercel-proxy/lib/errors.ts": {"path":"/home/hyeonsung/seoul-subway/vercel-proxy/lib/errors.ts","all":false,"statementMap":{"10":{"start":{"line":11,"column":0},"end":{"line":11,"column":67}},"11":{"start":{"line":12,"column":0},"end":{"line":12,"column":22}},"12":{"start":{"line":13,"column":0},"end":{"line":13,"column":37}},"13":{"start":{"line":14,"column":0},"end":{"line":14,"column":27}},"14":{"start":{"line":15,"column":0},"end":{"line":15,"column":4}},"15":{"start":{"line":16,"column":0},"end":{"line":16,"column":27}},"16":{"start":{"line":17,"column":0},"end":{"line":17,"column":33}},"17":{"start":{"line":18,"column":0},"end":{"line":18,"column":28}},"18":{"start":{"line":19,"column":0},"end":{"line":19,"column":4}},"19":{"start":{"line":20,"column":0},"end":{"line":20,"column":25}},"20":{"start":{"line":21,"column":0},"end":{"line":21,"column":49}},"21":{"start":{"line":22,"column":0},"end":{"line":22,"column":38}},"22":{"start":{"line":23,"column":0},"end":{"line":23,"column":4}},"23":{"start":{"line":24,"column":0},"end":{"line":24,"column":20}},"24":{"start":{"line":25,"column":0},"end":{"line":25,"column":28}},"25":{"start":{"line":26,"column":0},"end":{"line":26,"column":25}},"26":{"start":{"line":27,"column":0},"end":{"line":27,"column":4}},"27":{"start":{"line":28,"column":0},"end":{"line":28,"column":23}},"28":{"start":{"line":29,"column":0},"end":{"line":29,"column":29}},"29":{"start":{"line":30,"column":0},"end":{"line":30,"column":25}},"30":{"start":{"line":31,"column":0},"end":{"line":31,"column":4}},"31":{"start":{"line":32,"column":0},"end":{"line":32,"column":25}},"32":{"start":{"line":33,"column":0},"end":{"line":33,"column":28}},"33":{"start":{"line":34,"column":0},"end":{"line":34,"column":23}},"34":{"start":{"line":35,"column":0},"end":{"line":35,"column":4}},"35":{"start":{"line":36,"column":0},"end":{"line":36,"column":24}},"36":{"start":{"line":37,"column":0},"end":{"line":37,"column":53}},"37":{"start":{"line":38,"column":0},"end":{"line":38,"column":40}},"38":{"start":{"line":39,"column":0},"end":{"line":39,"column":4}},"39":{"start":{"line":40,"column":0},"end":{"line":40,"column":17}},"40":{"start":{"line":41,"column":0},"end":{"line":41,"column":67}},"41":{"start":{"line":42,"column":0},"end":{"line":42,"column":48}},"42":{"start":{"line":43,"column":0},"end":{"line":43,"column":4}},"43":{"start":{"line":44,"column":0},"end":{"line":44,"column":21}},"44":{"start":{"line":45,"column":0},"end":{"line":45,"column":24}},"45":{"start":{"line":46,"column":0},"end":{"line":46,"column":25}},"46":{"start":{"line":47,"column":0},"end":{"line":47,"column":4}},"47":{"start":{"line":48,"column":0},"end":{"line":48,"column":23}},"48":{"start":{"line":49,"column":0},"end":{"line":49,"column":40}},"49":{"start":{"line":50,"column":0},"end":{"line":50,"column":26}},"50":{"start":{"line":51,"column":0},"end":{"line":51,"column":4}},"51":{"start":{"line":52,"column":0},"end":{"line":52,"column":19}},"52":{"start":{"line":53,"column":0},"end":{"line":53,"column":32}},"53":{"start":{"line":54,"column":0},"end":{"line":54,"column":27}},"54":{"start":{"line":55,"column":0},"end":{"line":55,"column":4}},"55":{"start":{"line":56,"column":0},"end":{"line":56,"column":2}},"65":{"start":{"line":66,"column":0},"end":{"line":66,"column":28}},"66":{"start":{"line":67,"column":0},"end":{"line":67,"column":15}},"67":{"start":{"line":68,"column":0},"end":{"line":68,"column":19}},"68":{"start":{"line":69,"column":0},"end":{"line":69,"column":36}},"69":{"start":{"line":70,"column":0},"end":{"line":70,"column":20}},"70":{"start":{"line":71,"column":0},"end":{"line":71,"column":13}},"71":{"start":{"line":72,"column":0},"end":{"line":72,"column":98}},"73":{"start":{"line":74,"column":0},"end":{"line":74,"column":10}},"74":{"start":{"line":75,"column":0},"end":{"line":75,"column":41}},"75":{"start":{"line":76,"column":0},"end":{"line":76,"column":45}},"76":{"start":{"line":77,"column":0},"end":{"line":77,"column":9}},"77":{"start":{"line":78,"column":0},"end":{"line":78,"column":12}},"78":{"start":{"line":79,"column":0},"end":{"line":79,"column":4}},"79":{"start":{"line":80,"column":0},"end":{"line":80,"column":1}},"81":{"start":{"line":82,"column":0},"end":{"line":82,"column":27}},"82":{"start":{"line":83,"column":0},"end":{"line":83,"column":37}},"83":{"start":{"line":84,"column":0},"end":{"line":84,"column":42}},"84":{"start":{"line":85,"column":0},"end":{"line":85,"column":45}},"85":{"start":{"line":86,"column":0},"end":{"line":86,"column":29}},"86":{"start":{"line":87,"column":0},"end":{"line":87,"column":43}},"87":{"start":{"line":88,"column":0},"end":{"line":88,"column":42}},"88":{"start":{"line":89,"column":0},"end":{"line":89,"column":36}},"89":{"start":{"line":90,"column":0},"end":{"line":90,"column":31}},"90":{"start":{"line":91,"column":0},"end":{"line":91,"column":39}},"91":{"start":{"line":92,"column":0},"end":{"line":92,"column":43}},"92":{"start":{"line":93,"column":0},"end":{"line":93,"column":35}},"93":{"start":{"line":94,"column":0},"end":{"line":94,"column":11}}},"s":{"10":1,"11":1,"12":1,"13":1,"14":1,"15":1,"16":1,"17":1,"18":1,"19":1,"20":1,"21":1,"22":1,"23":1,"24":1,"25":1,"26":1,"27":1,"28":1,"29":1,"30":1,"31":1,"32":1,"33":1,"34":1,"35":1,"36":1,"37":1,"38":1,"39":1,"40":1,"41":1,"42":1,"43":1,"44":1,"45":1,"46":1,"47":1,"48":1,"49":1,"50":1,"51":1,"52":1,"53":1,"54":1,"55":1,"65":1,"66":39,"67":39,"68":39,"69":39,"70":39,"71":39,"73":39,"74":39,"75":39,"76":39,"77":39,"78":39,"79":39,"81":1,"82":1,"83":1,"84":1,"85":1,"86":1,"87":1,"88":1,"89":1,"90":1,"91":1,"92":1,"93":1},"branchMap":{"0":{"type":"branch","line":66,"loc":{"start":{"line":66,"column":7},"end":{"line":80,"column":1}},"locations":[{"start":{"line":66,"column":7},"end":{"line":80,"column":1}}]},"1":{"type":"branch","line":72,"loc":{"start":{"line":72,"column":44},"end":{"line":72,"column":98}},"locations":[{"start":{"line":72,"column":44},"end":{"line":72,"column":98}}]},"2":{"type":"branch","line":75,"loc":{"start":{"line":75,"column":11},"end":{"line":75,"column":41}},"locations":[{"start":{"line":75,"column":11},"end":{"line":75,"column":41}}]},"3":{"type":"branch","line":76,"loc":{"start":{"line":76,"column":13},"end":{"line":76,"column":45}},"locations":[{"start":{"line":76,"column":13},"end":{"line":76,"column":45}}]}},"b":{"0":[39],"1":[3],"2":[10],"3":[38]},"fnMap":{"0":{"name":"createError","decl":{"start":{"line":66,"column":7},"end":{"line":80,"column":1}},"loc":{"start":{"line":66,"column":7},"end":{"line":80,"column":1}},"line":66}},"f":{"0":39}}
,"/home/hyeonsung/seoul-subway/vercel-proxy/lib/fetchWithRetry.ts": {"path":"/home/hyeonsung/seoul-subway/vercel-proxy/lib/fetchWithRetry.ts","all":false,"statementMap":{"6":{"start":{"line":7,"column":0},"end":{"line":7,"column":43}},"7":{"start":{"line":8,"column":0},"end":{"line":8,"column":57}},"8":{"start":{"line":9,"column":0},"end":{"line":9,"column":1}},"10":{"start":{"line":11,"column":0},"end":{"line":11,"column":37}},"11":{"start":{"line":12,"column":0},"end":{"line":12,"column":14}},"12":{"start":{"line":13,"column":0},"end":{"line":13,"column":28}},"13":{"start":{"line":14,"column":0},"end":{"line":14,"column":22}},"14":{"start":{"line":15,"column":0},"end":{"line":15,"column":87}},"16":{"start":{"line":17,"column":0},"end":{"line":17,"column":56}},"17":{"start":{"line":18,"column":0},"end":{"line":18,"column":45}},"18":{"start":{"line":19,"column":0},"end":{"line":19,"column":68}},"20":{"start":{"line":21,"column":0},"end":{"line":21,"column":9}},"21":{"start":{"line":22,"column":0},"end":{"line":22,"column":41}},"22":{"start":{"line":23,"column":0},"end":{"line":23,"column":24}},"23":{"start":{"line":24,"column":0},"end":{"line":24,"column":34}},"24":{"start":{"line":25,"column":0},"end":{"line":25,"column":9}},"26":{"start":{"line":27,"column":0},"end":{"line":27,"column":30}},"28":{"start":{"line":29,"column":0},"end":{"line":29,"column":39}},"31":{"start":{"line":32,"column":0},"end":{"line":32,"column":85}},"32":{"start":{"line":33,"column":0},"end":{"line":33,"column":78}},"33":{"start":{"line":34,"column":0},"end":{"line":34,"column":17}},"34":{"start":{"line":35,"column":0},"end":{"line":35,"column":7}},"36":{"start":{"line":37,"column":0},"end":{"line":37,"column":22}},"37":{"start":{"line":38,"column":0},"end":{"line":38,"column":21}},"38":{"start":{"line":39,"column":0},"end":{"line":39,"column":30}},"39":{"start":{"line":40,"column":0},"end":{"line":40,"column":43}},"40":{"start":{"line":41,"column":0},"end":{"line":41,"column":53}},"41":{"start":{"line":42,"column":0},"end":{"line":42,"column":5}},"42":{"start":{"line":43,"column":0},"end":{"line":43,"column":3}},"44":{"start":{"line":45,"column":0},"end":{"line":45,"column":42}},"45":{"start":{"line":46,"column":0},"end":{"line":46,"column":1}}},"s":{"6":16,"7":16,"8":16,"10":57,"11":57,"12":57,"13":57,"14":57,"16":57,"17":73,"18":73,"20":73,"21":73,"22":73,"23":73,"24":73,"26":51,"28":55,"31":73,"32":5,"33":5,"34":5,"36":2,"37":73,"38":22,"39":22,"40":11,"41":11,"42":73,"44":16,"45":16},"branchMap":{"0":{"type":"branch","line":7,"loc":{"start":{"line":7,"column":0},"end":{"line":9,"column":1}},"locations":[{"start":{"line":7,"column":0},"end":{"line":9,"column":1}}]},"1":{"type":"branch","line":8,"loc":{"start":{"line":8,"column":21},"end":{"line":8,"column":55}},"locations":[{"start":{"line":8,"column":21},"end":{"line":8,"column":55}}]},"2":{"type":"branch","line":11,"loc":{"start":{"line":11,"column":0},"end":{"line":46,"column":1}},"locations":[{"start":{"line":11,"column":0},"end":{"line":46,"column":1}}]},"3":{"type":"branch","line":17,"loc":{"start":{"line":17,"column":55},"end":{"line":43,"column":3}},"locations":[{"start":{"line":17,"column":55},"end":{"line":43,"column":3}}]},"4":{"type":"branch","line":25,"loc":{"start":{"line":25,"column":7},"end":{"line":29,"column":39}},"locations":[{"start":{"line":25,"column":7},"end":{"line":29,"column":39}}]},"5":{"type":"branch","line":25,"loc":{"start":{"line":25,"column":7},"end":{"line":29,"column":30}},"locations":[{"start":{"line":25,"column":7},"end":{"line":29,"column":30}}]},"6":{"type":"branch","line":29,"loc":{"start":{"line":29,"column":23},"end":{"line":29,"column":39}},"locations":[{"start":{"line":29,"column":23},"end":{"line":29,"column":39}}]},"7":{"type":"branch","line":29,"loc":{"start":{"line":29,"column":30},"end":{"line":32,"column":65}},"locations":[{"start":{"line":29,"column":30},"end":{"line":32,"column":65}}]},"8":{"type":"branch","line":29,"loc":{"start":{"line":29,"column":30},"end":{"line":32,"column":37}},"locations":[{"start":{"line":29,"column":30},"end":{"line":32,"column":37}}]},"9":{"type":"branch","line":32,"loc":{"start":{"line":32,"column":30},"end":{"line":32,"column":65}},"locations":[{"start":{"line":32,"column":30},"end":{"line":32,"column":65}}]},"10":{"type":"branch","line":32,"loc":{"start":{"line":32,"column":57},"end":{"line":32,"column":84}},"locations":[{"start":{"line":32,"column":57},"end":{"line":32,"column":84}}]},"11":{"type":"branch","line":32,"loc":{"start":{"line":32,"column":84},"end":{"line":38,"column":13}},"locations":[{"start":{"line":32,"column":84},"end":{"line":38,"column":13}}]},"12":{"type":"branch","line":32,"loc":{"start":{"line":32,"column":84},"end":{"line":35,"column":7}},"locations":[{"start":{"line":32,"column":84},"end":{"line":35,"column":7}}]},"13":{"type":"branch","line":35,"loc":{"start":{"line":35,"column":6},"end":{"line":38,"column":13}},"locations":[{"start":{"line":35,"column":6},"end":{"line":38,"column":13}}]},"14":{"type":"branch","line":38,"loc":{"start":{"line":38,"column":4},"end":{"line":42,"column":5}},"locations":[{"start":{"line":38,"column":4},"end":{"line":42,"column":5}}]},"15":{"type":"branch","line":40,"loc":{"start":{"line":40,"column":31},"end":{"line":42,"column":5}},"locations":[{"start":{"line":40,"column":31},"end":{"line":42,"column":5}}]},"16":{"type":"branch","line":43,"loc":{"start":{"line":43,"column":2},"end":{"line":46,"column":1}},"locations":[{"start":{"line":43,"column":2},"end":{"line":46,"column":1}}]},"17":{"type":"branch","line":19,"loc":{"start":{"line":19,"column":33},"end":{"line":19,"column":59}},"locations":[{"start":{"line":19,"column":33},"end":{"line":19,"column":59}}]}},"b":{"0":[16],"1":[16],"2":[57],"3":[73],"4":[55],"5":[51],"6":[44],"7":[15],"8":[7],"9":[2],"10":[6],"11":[15],"12":[5],"13":[2],"14":[22],"15":[11],"16":[16],"17":[1]},"fnMap":{"0":{"name":"sleep","decl":{"start":{"line":7,"column":0},"end":{"line":9,"column":1}},"loc":{"start":{"line":7,"column":0},"end":{"line":9,"column":1}},"line":7},"1":{"name":"fetchWithRetry","decl":{"start":{"line":11,"column":0},"end":{"line":46,"column":1}},"loc":{"start":{"line":11,"column":0},"end":{"line":46,"column":1}},"line":11}},"f":{"0":16,"1":57}}
,"/home/hyeonsung/seoul-subway/vercel-proxy/lib/handler.ts": {"path":"/home/hyeonsung/seoul-subway/vercel-proxy/lib/handler.ts","all":true,"statementMap":{"0":{"start":{"line":1,"column":0},"end":{"line":1,"column":66}},"36":{"start":{"line":37,"column":0},"end":{"line":37,"column":30}},"37":{"start":{"line":38,"column":0},"end":{"line":38,"column":24}},"38":{"start":{"line":39,"column":0},"end":{"line":39,"column":26}},"39":{"start":{"line":40,"column":0},"end":{"line":40,"column":20}},"40":{"start":{"line":41,"column":0},"end":{"line":41,"column":9}},"41":{"start":{"line":42,"column":0},"end":{"line":42,"column":13}},"42":{"start":{"line":43,"column":0},"end":{"line":43,"column":22}},"43":{"start":{"line":44,"column":0},"end":{"line":44,"column":10}},"44":{"start":{"line":45,"column":0},"end":{"line":45,"column":19}},"45":{"start":{"line":46,"column":0},"end":{"line":46,"column":21}},"46":{"start":{"line":47,"column":0},"end":{"line":47,"column":13}},"48":{"start":{"line":49,"column":0},"end":{"line":49,"column":76}},"49":{"start":{"line":50,"column":0},"end":{"line":50,"column":33}},"52":{"start":{"line":53,"column":0},"end":{"line":53,"column":35}},"53":{"start":{"line":54,"column":0},"end":{"line":54,"column":28}},"54":{"start":{"line":55,"column":0},"end":{"line":55,"column":13}},"55":{"start":{"line":56,"column":0},"end":{"line":56,"column":5}},"58":{"start":{"line":59,"column":0},"end":{"line":59,"column":46}},"59":{"start":{"line":60,"column":0},"end":{"line":60,"column":71}},"60":{"start":{"line":61,"column":0},"end":{"line":61,"column":13}},"61":{"start":{"line":62,"column":0},"end":{"line":62,"column":5}},"64":{"start":{"line":65,"column":0},"end":{"line":65,"column":49}},"65":{"start":{"line":66,"column":0},"end":{"line":66,"column":11}},"66":{"start":{"line":67,"column":0},"end":{"line":67,"column":22}},"67":{"start":{"line":68,"column":0},"end":{"line":68,"column":17}},"68":{"start":{"line":69,"column":0},"end":{"line":69,"column":40}},"69":{"start":{"line":70,"column":0},"end":{"line":70,"column":41}},"70":{"start":{"line":71,"column":0},"end":{"line":71,"column":20}},"71":{"start":{"line":72,"column":0},"end":{"line":72,"column":26}},"72":{"start":{"line":73,"column":0},"end":{"line":73,"column":9}},"73":{"start":{"line":74,"column":0},"end":{"line":74,"column":51}},"74":{"start":{"line":75,"column":0},"end":{"line":75,"column":13}},"75":{"start":{"line":76,"column":0},"end":{"line":76,"column":5}},"78":{"start":{"line":79,"column":0},"end":{"line":79,"column":57}},"79":{"start":{"line":80,"column":0},"end":{"line":80,"column":11}},"80":{"start":{"line":81,"column":0},"end":{"line":81,"column":22}},"81":{"start":{"line":82,"column":0},"end":{"line":82,"column":17}},"82":{"start":{"line":83,"column":0},"end":{"line":83,"column":40}},"83":{"start":{"line":84,"column":0},"end":{"line":84,"column":41}},"84":{"start":{"line":85,"column":0},"end":{"line":85,"column":20}},"85":{"start":{"line":86,"column":0},"end":{"line":86,"column":26}},"86":{"start":{"line":87,"column":0},"end":{"line":87,"column":9}},"87":{"start":{"line":88,"column":0},"end":{"line":88,"column":65}},"88":{"start":{"line":89,"column":0},"end":{"line":89,"column":13}},"89":{"start":{"line":90,"column":0},"end":{"line":90,"column":5}},"91":{"start":{"line":92,"column":0},"end":{"line":92,"column":9}},"93":{"start":{"line":94,"column":0},"end":{"line":94,"column":18}},"94":{"start":{"line":95,"column":0},"end":{"line":95,"column":69}},"95":{"start":{"line":96,"column":0},"end":{"line":96,"column":7}},"98":{"start":{"line":99,"column":0},"end":{"line":99,"column":30}},"101":{"start":{"line":102,"column":0},"end":{"line":102,"column":27}},"102":{"start":{"line":103,"column":0},"end":{"line":103,"column":39}},"103":{"start":{"line":104,"column":0},"end":{"line":104,"column":7}},"106":{"start":{"line":107,"column":0},"end":{"line":107,"column":53}},"107":{"start":{"line":108,"column":0},"end":{"line":108,"column":13}},"108":{"start":{"line":109,"column":0},"end":{"line":109,"column":24}},"109":{"start":{"line":110,"column":0},"end":{"line":110,"column":19}},"110":{"start":{"line":111,"column":0},"end":{"line":111,"column":42}},"111":{"start":{"line":112,"column":0},"end":{"line":112,"column":43}},"112":{"start":{"line":113,"column":0},"end":{"line":113,"column":40}},"113":{"start":{"line":114,"column":0},"end":{"line":114,"column":11}},"114":{"start":{"line":115,"column":0},"end":{"line":115,"column":7}},"115":{"start":{"line":116,"column":0},"end":{"line":116,"column":21}},"117":{"start":{"line":118,"column":0},"end":{"line":118,"column":27}},"118":{"start":{"line":119,"column":0},"end":{"line":119,"column":39}},"119":{"start":{"line":120,"column":0},"end":{"line":120,"column":7}},"121":{"start":{"line":122,"column":0},"end":{"line":122,"column":84}},"122":{"start":{"line":123,"column":0},"end":{"line":123,"column":62}},"124":{"start":{"line":125,"column":0},"end":{"line":125,"column":11}},"125":{"start":{"line":126,"column":0},"end":{"line":126,"column":23}},"126":{"start":{"line":127,"column":0},"end":{"line":127,"column":17}},"127"
[...]
,"/home/hyeonsung/seoul-subway/vercel-proxy/lib/validation.ts": {"path":"/home/hyeonsung/seoul-subway/vercel-proxy/lib/validation.ts","all":false,"statementMap":{"0":{"start":{"line":1,"column":0},"end":{"line":1,"column":51}},"14":{"start":{"line":15,"column":0},"end":{"line":15,"column":71}},"16":{"start":{"line":17,"column":0},"end":{"line":17,"column":46}},"17":{"start":{"line":18,"column":0},"end":{"line":18,"column":12}},"18":{"start":{"line":19,"column":0},"end":{"line":19,"column":19}},"19":{"start":{"line":20,"column":0},"end":{"line":20,"column":40}},"20":{"start":{"line":21,"column":0},"end":{"line":21,"column":29}},"21":{"start":{"line":22,"column":0},"end":{"line":22,"column":6}},"22":{"start":{"line":23,"column":0},"end":{"line":23,"column":3}},"25":{"start":{"line":26,"column":0},"end":{"line":26,"column":34}},"26":{"start":{"line":27,"column":0},"end":{"line":27,"column":12}},"27":{"start":{"line":28,"column":0},"end":{"line":28,"column":19}},"28":{"start":{"line":29,"column":0},"end":{"line":29,"column":45}},"29":{"start":{"line":30,"column":0},"end":{"line":30,"column":34}},"30":{"start":{"line":31,"column":0},"end":{"line":31,"column":6}},"31":{"start":{"line":32,"column":0},"end":{"line":32,"column":3}},"34":{"start":{"line":35,"column":0},"end":{"line":35,"column":31}},"37":{"start":{"line":38,"column":0},"end":{"line":38,"column":29}},"38":{"start":{"line":39,"column":0},"end":{"line":39,"column":12}},"39":{"start":{"line":40,"column":0},"end":{"line":40,"column":19}},"40":{"start":{"line":41,"column":0},"end":{"line":41,"column":44}},"41":{"start":{"line":42,"column":0},"end":{"line":42,"column":36}},"42":{"start":{"line":43,"column":0},"end":{"line":43,"column":6}},"43":{"start":{"line":44,"column":0},"end":{"line":44,"column":3}},"46":{"start":{"line":47,"column":0},"end":{"line":47,"column":67}},"47":{"start":{"line":48,"column":0},"end":{"line":48,"column":12}},"48":{"start":{"line":49,"column":0},"end":{"line":49,"column":19}},"49":{"start":{"line":50,"column":0},"end":{"line":50,"column":103}},"50":{"start":{"line":51,"column":0},"end":{"line":51,"column":82}},"51":{"start":{"line":52,"column":0},"end":{"line":52,"column":6}},"52":{"start":{"line":53,"column":0},"end":{"line":53,"column":3}},"55":{"start":{"line":56,"column":0},"end":{"line":56,"column":67}},"56":{"start":{"line":57,"column":0},"end":{"line":57,"column":12}},"57":{"start":{"line":58,"column":0},"end":{"line":58,"column":19}},"58":{"start":{"line":59,"column":0},"end":{"line":59,"column":100}},"59":{"start":{"line":60,"column":0},"end":{"line":60,"column":80}},"60":{"start":{"line":61,"column":0},"end":{"line":61,"column":6}},"61":{"start":{"line":62,"column":0},"end":{"line":62,"column":3}},"64":{"start":{"line":65,"column":0},"end":{"line":65,"column":63}},"65":{"start":{"line":66,"column":0},"end":{"line":66,"column":12}},"66":{"start":{"line":67,"column":0},"end":{"line":67,"column":19}},"67":{"start":{"line":68,"column":0},"end":{"line":68,"column":56}},"68":{"start":{"line":69,"column":0},"end":{"line":69,"column":45}},"69":{"start":{"line":70,"column":0},"end":{"line":70,"column":6}},"70":{"start":{"line":71,"column":0},"end":{"line":71,"column":3}},"72":{"start":{"line":73,"column":0},"end":{"line":73,"column":10}},"73":{"start":{"line":74,"column":0},"end":{"line":74,"column":16}},"74":{"start":{"line":75,"column":0},"end":{"line":75,"column":23}},"75":{"start":{"line":76,"column":0},"end":{"line":76,"column":4}},"76":{"start":{"line":77,"column":0},"end":{"line":77,"column":1}},"85":{"start":{"line":86,"column":0},"end":{"line":86,"column":35}},"86":{"start":{"line":87,"column":0},"end":{"line":87,"column":17}},"87":{"start":{"line":88,"column":0},"end":{"line":88,"column":15}},"88":{"start":{"line":89,"column":0},"end":{"line":89,"column":70}},"89":{"start":{"line":90,"column":0},"end":{"line":90,"column":85}},"90":{"start":{"line":91,"column":0},"end":{"line":91,"column":118}},"91":{"start":{"line":92,"column":0},"end":{"line":92,"column":108}},"93":{"start":{"line":94,"column":0},"end":{"line":94,"column":41}},"94":{"start":{"line":95,"column":0},"end":{"line":95,"column":12}},"95":{"start":{"line":96,"column":0},"end":{"line":96,"column":28}},"96":{"start":{"line":97,"column":0},"end":{"line":97,"column":24}},"97":{"start":{"line":98,"column":0},"end":{"line":98,"column":19}},"98":{"start":{"line":99,"column":0},"end":{"line":99,"column":59}},"99":{"start":{"line":100,"column":0},"end":{"line":100,"column":40}},"100":{"start":{"line":101,"column":0},"end":{"line":101,"column":6}},"101":{"start":{"line":102,"column":0},"end":{"line":102,"column":3}},"103":{"start":{"line":104,"column":0},"end":{"line":104,"column":35}},"104":{"start":{"line":105,"column":0},"end":{"line":105,"column":12}},"105":{"start":{"line":106,"column":0},"end":{"line":106,"column":28}},"106":{"start":{"line":107,"column":0},"end":{"line":107,"column":24}},"107":{"start":{"line":108,"column":0},"end":{"line":108,"column":19}},"108":{"start":{"line":109,"column":0},"end":{"line":109,"column":56}},"109":{"start":{"line":110,"column":0},"end":{"line":110,"column":40}},"110":{"start":{"line":111,"column":0},"end":{"line":111,"column":6}},"111":{"start":{"line":112,"column":0},"end":{"line":112,"column":3}},"113":{"start":{"line":114,"column":0},"end":{"line":114,"column":26}},"114":{"start":{"line":115,"column":0},"end":{"line":115,"column":12}},"115":{"start":{"line":116,"column":0},"end":{"line":116,"column":28}},"116":{"start":{"line":117,"column":0},"end":{"line":117,"column":24}},"117":{"start":{"line":118,"column":0},"end":{"line":118,"column":19}},"118":{"start":{"line":119,"column":0},"end":{"line":119,"column":60}},"119":{"start":{"line":120,"column":0},"end":{"line":120,"column":42}},"120":{"start":{"line":121,"column":0},"end":{"line":121,"column":6}},"121":{"start":{"line":122,"column":0},"end":{"line":122,"column":3}},"123":{"start":{"line":124,"column":0},"end":{"line":124,"column":10}},"124":{"start":{"line":125,"column":0},"end":{"line":125,"column":28}},"125":{"start":{"line":126,"column":0},"end":{"line":126,"column":24}},"126":{"start":{"line":127,"column":0},"end":{"line":127,"column":16}},"127":{"start":{"line":128,"column":0},"end":{"line":128,"column":4}},"128":{"start":{"line":129,"column":0},"end":{"line":129,"column":1}},"135":{"start":{"line":136,"column":0},"end":{"line":136,"column":68}},"136":{"start":{"line":137,"column":0},"end":{"line":137,"column":46}},"138":{"start":{"line":139,"column":0},"end":{"line":139,"column":27}},"139":{"start":{"line":140,"column":0},"end":{"line":140,"column":3}},"141":{"start":{"line":142,"column":0},"end":{"line":142,"column":34}},"142":{"start":{"line":143,"column":0},"end":{"line":143,"column":12}},"143":{"start":{"line":144,"column":0},"end":{"line":144,"column":19}},"144":{"start":{"line":145,"column":0},"end":{"line":145,"column":42}},"145":{"start":{"line":146,"column":0},"end":{"line":146,"column":35}},"146":{"start":{"line":147,"column":0},"end":{"line":147,"column":6}},"147":{"start":{"line":148,"column":0},"end":{"line":148,"column":3}},"149":{"start":{"line":150,"column":0},"end":{"line":150,"column":31}},"151":{"start":{"line":152,"column":0},"end":{"line":152,"column":29}},"153":{"start":{"line":154,"column":0},"end":{"line":154,"column":27}},"154":{"start":{"line":155,"column":0},"end":{"line":155,"column":3}},"156":{"start":{"line":157,"column":0},"end":{"line":157,"column":28}},"157":{"start":{"line":158,"column":0},"end":{"line":158,"column":12}},"158":{"start":{"line":159,"column":0},"end":{"line":159,"column":19}},"159":{"start":{"line":160,"column":0},"end":{"line":160,"column":37}},"160":{"start":{"line":161,"column":0},"end":{"line":161,"column":31}},"161":{"start":{"line":162,"column":0},"end":{"line":162,"column":6}},"162":{"start":{"line":163,"column":0},"end":{"line":163,"column":3}},"164":{"start":{"line":165,"column":0},"end":{"line":165,"column":10}},"165":{"start":{"line":166,"column":0},"end":{"line":166,"column":16}},"166":{"start":{"line":167,"column":0},"end":{"line":167,"column":23}},"167":{"start":{"line":168,"column":0},"end":{"line":168,"column":4}},"168":{"start":{"line":169,"column":0},"end":{"line":169,"column":1}}},"s":{"0":1,"14":1,"16":13,"17":2,"18":2,"19":2,"20":2,"21":2,"22":2,"25":13,"26":1,"27":1,"28":1,"29":1,"30":1,"31":1,"34":10,"37":13,"38":2,"39":2,"40":2,"41":2,"42":2,"43":2,"46":13,"47":0,"48":0,"49":0,"50":0,"51":0,"52":0,"55":13,"56":1,"57":1,"58":1,"59":1,"60":1,"61":1,"64":13,"65":2,"66":2,"67":2,"68":2,"69":2,"70":2,"72":5,"73":5,"74":5,"75":5,"76":5,"85":1,"86":7,"87":7,"88":7,"89":7,"90":7,"91":7,"93":7,"94":1,"95":1,"96":1,"97":1,"98":1,"99":1,"100":1,"101":1,"103":7,"104":1,"105":1,"106":1,"107":1,"108":1,"109":1,"110":1,"111":1,"113":7,"114":1,"115":1,"116":1,"117":1,"118":1,"119":1,"120":1,"121":1,"123":4,"124":4,"125":4,"126":4,"127":4,"128":4,"135":1,"136":7,"138":2,"139":2,"141":7,"142":1,"143":1,"144":1,"145":1,"146":1,"147":1,"149":4,"151":7,"153":1,"154":1,"156":7,"157":1,"158":1,"159":1,"160":1,"161":1,"162":1,"164":2,"165":2,"166":2,"167":2,"168":2},"branchMap":{"0":{"type":"branch","line":15,"loc":{"start":{"line":15,"column":7},"end":{"line":77,"column":1}},"locations":[{"start":{"line":15,"column":7},"end":{"line":77,"column":1}}]},"1":{"type":"branch","line":17,"loc":{"start":{"line":17,"column":16},"end":{"line":17,"column":45}},"locations":[{"start":{"line":17,"column":16},"end":{"line":17,"column":45}}]},"2":{"type":"branch","line":17,"loc":{"start":{"line":17,"column":45},"end":{"line":23,"column":3}},"locations":[{"start":{"line":17,"column":45},"end":{"line":23,"column":3}}]},"3":{"type":"branch","line":23,"loc":{"start":{"line":23,"column":2},"end":{"line":26,"column":33}},"locations":[{"start":{"line":23,"column":2},"end":{"line":26,"column":33}}]},"4":{"type":"branch","line":26,"loc":{"start":{"line":26,"column":33},"end":{"line":32,"column":3}},"locations":[{"start":{"line":26,"column":33},"end":{"line":32,"column":3}}]},"5":{"type":"branch","line":32,"loc":{"start":{"line":32,"column":2},"end":{"line":38,"column":28}},"locations":[{"start":{"line":32,"column":2},"end":{"line":38,"column":28}}]},"6":{"type":"branch","line":38,"loc":{"start":{"line":38,"column":28},"end":{"line":44,"column":3}},"locations":[{"start":{"line":38,"column":28},"end":{"line":44,"column":3}}]},"7":{"type":"branch","line":44,"loc":{"start":{"line":44,"column":2},"end":{"line":47,"column":66}},"locations":[{"start":{"line":44,"column":2},"end":{"line":47,"column":66}}]},"8":{"type":"branch","line":47,"loc":{"start":{"line":47,"column":66},"end":{"line":53,"column":3}},"locations":[{"start":{"line":47,"column":66},"end":{"line":53,"column":3}}]},"9":{"type":"branch","line":53,"loc":{"start":{"line":53,"column":2},"end":{"line":56,"column":66}},"locations":[{"start":{"line":53,"column":2},"end":{"line":56,"column":66}}]},"10":{"type":"branch","line":56,"loc":{"start":{"line":56,"column":66},"end":{"line":62,"column":3}},"locations":[{"start":{"line":56,"column":66},"end":{"line":62,"column":3}}]},"11":{"type":"branch","line":62,"loc":{"start":{"line":62,"column":2},"end":{"line":65,"column":62}},"locations":[{"start":{"line":62,"column":2},"end":{"line":65,"column":62}}]},"12":{"type":"branch","line":65,"loc":{"start":{"line":65,"column":62},"end":{"line":71,"column":3}},"locations":[{"start":{"line":65,"column":62},"end":{"line":71,"column":3}}]},"13":{"type":"branch","line":71,"loc":{"start":{"line":71,"column":2},"end":{"line":77,"column":1}},"locations":[{"start":{"line":71,"column":2},"end":{"line":77,"column":1}}]},"14":{"type":"branch","line":86,"loc":{"start":{"line":86,"column":7},"end":{"line":129,"column":1}},"locations":[{"start":{"line":86,"column":7},"end":{"line":129,"column":1}}]},"15":{"type":"branch","line":91,"loc":{"start":{"line":91,"column":29},"end":{"line":91,"column":59}},"locations":[{"start":{"line":91,"column":29},"end":{"line":91,"column":59}}]},"16":{"type":"branch","line":91,"loc":{"start":{"line":91,"column":52},"end":{"line":91,"column":89}},"locations":[{"start":{"line":91,"column":52},"end":{"line":91,"column":89}}]},"17":{"type":"branch","line":91,"loc":{"start":{"line":91,"column":85},"end":{"line":91,"column":118}},"locations":[{"start":{"line":91,"column":85},"end":{"line":91,"column":118}}]},"18":{"type":"branch","line":92,"loc":{"start":{"line":92,"column":25},"end":{"line":92,"column":53}},"locations":[{"start":{"line":92,"column":25},"end":{"line":92,"column":53}}]},"19":{"type":"branch","line":92,"loc":{"start":{"line":92,"column":46},"end":{"line":92,"column":81}},"locations":[{"start":{"line":92,"column":46},"end":{"line":92,"column":81}}]},"20":{"type":"branch","line":92,"loc":{"start":{"line":92,"column":77},"end":{"line":92,"column":108}},"locations":[{"start":{"line":92,"column":77},"end":{"line":92,"column":108}}]},"21":{"type":"branch","line":94,"loc":{"start":{"line":94,"column":20},"end":{"line":94,"column":40}},"locations":[{"start":{"line":94,"column":20},"end":{"line":94,"column":40}}]},"22":{"type":"branch","line":94,"loc":{"start":{"line":94,"column":40},"end":{"line":102,"column":3}},"locations":[{"start":{"line":94,"column":40},"end":{"line":102,"column":3}}]},"23":{"type":"branch","line":102,"loc":{"start":{"line":102,"column":2},"end":{"line":104,"column":22}},"locations":[{"start":{"line":102,"column":2},"end":{"line":104,"column":22}}]},"24":{"type":"branch","line":104,"loc":{"start":{"line":104,"column":17},"end":{"line":104,"column":34}},"locations":[{"start":{"line":104,"column":17},"end":{"line":104,"column":34}}]},"25":{"type":"branch","line":104,"loc":{"start":{"line":104,"column":34},"end":{"line":112,"column":3}},"locations":[{"start":{"line":104,"column":34},"end":{"line":112,"column":3}}]},"26":{"type":"branch","line":112,"loc":{"start":{"line":112,"column":2},"end":{"line":114,"column":25}},"locations":[{"start":{"line":112,"column":2},"end":{"line":114,"column":25}}]},"27":{"type":"branch","line":114,"loc":{"start":{"line":114,"column":25},"end":{"line":122,"column":3}},"locations":[{"start":{"line":114,"column":25},"end":{"line":122,"column":3}}]},"28":{"type":"branch","line":122,"loc":{"start":{"line":122,"column":2},"end":{"line":129,"column":1}},"locations":[{"start":{"line":122,"column":2},"end":{"line":129,"column":1}}]},"29":{"type":"branch","line":136,"loc":{"start":{"line":136,"column":7},"end":{"line":169,"column":1}},"locations":[{"start":{"line":136,"column":7},"end":{"line":169,"column":1}}]},"30":{"type":"branch","line":137,"loc":{"start":{"line":137,"column":16},"end":{"line":137,"column":45}},"locations":[{"start":{"line":137,"column":16},"end":{"line":137,"column":45}}]},"31":{"type":"branch","line":137,"loc":{"start":{"line":137,"column":45},"end":{"line":140,"column":3}},"locations":[{"start":{"line":137,"column":45},"end":{"line":140,"column":3}}]},"32":{"type":"branch","line":140,"loc":{"start":{"line":140,"column":2},"end":{"line":142,"column":33}},"locations":[{"start":{"line":140,"column":2},"end":{"line":142,"column":33}}]},"33":{"type":"branch","line":142,"loc":{"start":{"line":142,"column":33},"end":{"line":148,"column":3}},"locations":[{"start":{"line":142,"column":33},"end":{"line":148,"column":3}}]},"34":{"type":"branch","line":148,"loc":{"start":{"line":148,"column":2},"end":{"line":152,"column":28}},"locations":[{"start":{"line":148,"column":2},"end":{"line":152,"column":28}}]},"35":{"type":"branch","line":152,"loc":{"start":{"line":152,"column":28},"end":{"line":155,"column":3}},"locations":[{"start":{"line":152,"column":28},"end":{"line":155,"column":3}}]},"36":{"type":"branch","line":155,"loc":{"start":{"line":155,"column":2},"end":{"line":157,"column":27}},"locations":[{"start":{"line":155,"column":2},"end":{"line":157,"column":27}}]},"37":{"type":"branch","line":157,"loc":{"start":{"line":157,"column":27},"end":{"line":163,"column":3}},"locations":[{"start":{"line":157,"column":27},"end":{"line":163,"column":3}}]},"38":{"type":"branch","line":163,"loc":{"start":{"line":163,"column":2},"end":{"line":169,"column":1}},"locations":[{"start":{"line":163,"column":2},"end":{"line":169,"column":1}}]}},"b":{"0":[13],"1":[12],"2":[2],"3":[11],"4":[1],"5":[10],"6":[2],"7":[8],"8":[0],"9":[8],"10":[1],"11":[7],"12":[2],"13":[5],"14":[7],"15":[5],"16":[5],"17":[2],"18":[5],"19":[5],"20":[2],"21":[6],"22":[1],"23":[6],"24":[5],"25":[1],"26":[5],"27":[1],"28":[4],"29":[7],"30":[6],"31":[2],"32":[5],"33":[1],"34":[4],"35":[1],"36":[3],"37":[1],"38":[2]},"fnMap":{"0":{"name":"validateStationName","decl":{"start":{"line":15,"column":7},"end":{"line":77,"column":1}},"loc":{"start":{"line":15,"column":7},"end":{"line":77,"column":1}},"line":15},"1":{"name":"validatePagination","decl":{"start":{"line":86,"column":7},"end":{"line":129,"column":1}},"loc":{"start":{"line":86,"column":7},"end":{"line":129,"column":1}},"line":86},"2":{"name":"validateLineName","decl":{"start":{"line":136,"column":7},"end":{"line":169,"column":1}},"loc":{"start":{"line":136,"column":7},"end":{"line":169,"column":1}},"line":136}},"f":{"0":13,"1":7,"2":7}}
,"/home/hyeonsung/seoul-subway/vercel-proxy/lib/types/common.ts": {"path":"/home/hyeonsung/seoul-subway/vercel-proxy/lib/types/common.ts","all":true,"statementMap":{},"s":{},"branchMap":{"0":{"type":"branch","line":1,"loc":{"start":{"line":1,"column":139},"end":{"line":5,"column":1}},"locations":[{"start":{"line":1,"column":139},"end":{"line":5,"column":1}}]}},"b":{"0":[1]},"fnMap":{"0":{"name":"(empty-report)","decl":{"start":{"line":1,"column":139},"end":{"line":5,"column":1}},"loc":{"start":{"line":1,"column":139},"end":{"line":5,"column":1}},"line":1}},"f":{"0":1}}
,"/home/hyeonsung/seoul-subway/vercel-proxy/lib/types/dataGoKr.ts": {"path":"/home/hyeonsung/seoul-subway/vercel-proxy/lib/types/dataGoKr.ts","all":true,"statementMap":{},"s":{},"branchMap":{"0":{"type":"branch","line":1,"loc":{"start":{"line":1,"column":664},"end":{"line":33,"column":1}},"locations":[{"start":{"line":1,"column":664},"end":{"line":33,"column":1}}]}},"b":{"0":[1]},"fnMap":{"0":{"name":"(empty-report)","decl":{"start":{"line":1,"column":664},"end":{"line":33,"column":1}},"loc":{"start":{"line":1,"column":664},"end":{"line":33,"column":1}},"line":1}},"f":{"0":1}}
,"/home/hyeonsung/seoul-subway/vercel-proxy/lib/types/index.ts": {"path":"/home/hyeonsung/seoul-subway/vercel-proxy/lib/types/index.ts","all":true,"statementMap":{},"s":{},"branchMap":{"0":{"type":"branch","line":1,"loc":{"start":{"line":1,"column":362},"end":{"line":19,"column":23}},"locations":[{"start":{"line":1,"column":362},"end":{"line":19,"column":23}}]}},"b":{"0":[1]},"fnMap":{"0":{"name":"(empty-report)","decl":{"start":{"line":1,"column":362},"end":{"line":19,"column":23}},"loc":{"start":{"line":1,"column":362},"end":{"line":19,"column":23}},"line":1}},"f":{"0":1}}
,"/home/hyeonsung/seoul-subway/vercel-proxy/lib/types/seoulOpenApi.ts": {"path":"/home/hyeonsung/seoul-subway/vercel-proxy/lib/types/seoulOpenApi.ts","all":true,"statementMap":{},"s":{},"branchMap":{"0":{"type":"branch","line":1,"loc":{"start":{"line":1,"column":1411},"end":{"line":61,"column":1}},"locations":[{"start":{"line":1,"column":1411},"end":{"line":61,"column":1}}]}},"b":{"0":[1]},"fnMap":{"0":{"name":"(empty-report)","decl":{"start":{"line":1,"column":1411},"end":{"line":61,"column":1}},"loc":{"start":{"line":1,"column":1411},"end":{"line":61,"column":1}},"line":1}},"f":{"0":1}}
}
