{"/home/hyeonsung/seoul-subway/vercel-proxy/api/alerts.ts": {"path":"/home/hyeonsung/seoul-subway/vercel-proxy/api/alerts.ts","all":false,"statementMap":{"0":{"start":{"line":1,"column":0},"end":{"line":1,"column":66}},"17":{"start":{"line":18,"column":0},"end":{"line":18,"column":36}},"18":{"start":{"line":19,"column":0},"end":{"line":19,"column":17}},"19":{"start":{"line":20,"column":0},"end":{"line":20,"column":29}},"20":{"start":{"line":21,"column":0},"end":{"line":21,"column":56}},"21":{"start":{"line":22,"column":0},"end":{"line":22,"column":81}},"23":{"start":{"line":24,"column":0},"end":{"line":24,"column":38}},"24":{"start":{"line":25,"column":0},"end":{"line":25,"column":23}},"25":{"start":{"line":26,"column":0},"end":{"line":26,"column":21}},"26":{"start":{"line":27,"column":0},"end":{"line":27,"column":11}},"27":{"start":{"line":28,"column":0},"end":{"line":28,"column":14}},"28":{"start":{"line":29,"column":0},"end":{"line":29,"column":5}},"30":{"start":{"line":31,"column":0},"end":{"line":31,"column":15}},"31":{"start":{"line":32,"column":0},"end":{"line":32,"column":36}},"32":{"start":{"line":33,"column":0},"end":{"line":33,"column":3}},"34":{"start":{"line":35,"column":0},"end":{"line":35,"column":89}},"36":{"start":{"line":37,"column":0},"end":{"line":37,"column":79}},"37":{"start":{"line":38,"column":0},"end":{"line":38,"column":58}},"40":{"start":{"line":41,"column":0},"end":{"line":41,"column":30}},"41":{"start":{"line":42,"column":0},"end":{"line":42,"column":40}},"42":{"start":{"line":43,"column":0},"end":{"line":43,"column":32}},"43":{"start":{"line":44,"column":0},"end":{"line":44,"column":3}},"45":{"start":{"line":46,"column":0},"end":{"line":46,"column":14}},"46":{"start":{"line":47,"column":0},"end":{"line":47,"column":1}},"54":{"start":{"line":55,"column":0},"end":{"line":55,"column":80}},"55":{"start":{"line":56,"column":0},"end":{"line":56,"column":31}},"57":{"start":{"line":58,"column":0},"end":{"line":58,"column":33}},"58":{"start":{"line":59,"column":0},"end":{"line":59,"column":33}},"59":{"start":{"line":60,"column":0},"end":{"line":60,"column":3}},"61":{"start":{"line":62,"column":0},"end":{"line":62,"column":29}},"62":{"start":{"line":63,"column":0},"end":{"line":63,"column":98}},"63":{"start":{"line":64,"column":0},"end":{"line":64,"column":3}},"65":{"start":{"line":66,"column":0},"end":{"line":66,"column":44}},"66":{"start":{"line":67,"column":0},"end":{"line":67,"column":16}},"67":{"start":{"line":68,"column":0},"end":{"line":68,"column":97}},"68":{"start":{"line":69,"column":0},"end":{"line":69,"column":3}},"70":{"start":{"line":71,"column":0},"end":{"line":71,"column":7}},"71":{"start":{"line":72,"column":0},"end":{"line":72,"column":60}},"73":{"start":{"line":74,"column":0},"end":{"line":74,"column":46}},"74":{"start":{"line":75,"column":0},"end":{"line":75,"column":50}},"75":{"start":{"line":76,"column":0},"end":{"line":76,"column":59}},"76":{"start":{"line":77,"column":0},"end":{"line":77,"column":50}},"77":{"start":{"line":78,"column":0},"end":{"line":78,"column":61}},"78":{"start":{"line":79,"column":0},"end":{"line":79,"column":7}},"80":{"start":{"line":81,"column":0},"end":{"line":81,"column":79}},"82":{"start":{"line":83,"column":0},"end":{"line":83,"column":9}},"83":{"start":{"line":84,"column":0},"end":{"line":84,"column":20}},"84":{"start":{"line":85,"column":0},"end":{"line":85,"column":30}},"85":{"start":{"line":86,"column":0},"end":{"line":86,"column":25}},"86":{"start":{"line":87,"column":0},"end":{"line":87,"column":39}},"87":{"start":{"line":88,"column":0},"end":{"line":88,"column":18}},"88":{"start":{"line":89,"column":0},"end":{"line":89,"column":7}},"90":{"start":{"line":91,"column":0},"end":{"line":91,"column":38}},"91":{"start":{"line":92,"column":0},"end":{"line":92,"column":19}},"92":{"start":{"line":93,"column":0},"end":{"line":93,"column":82}},"94":{"start":{"line":95,"column":0},"end":{"line":95,"column":9}},"95":{"start":{"line":96,"column":0},"end":{"line":96,"column":21}},"96":{"start":{"line":97,"column":0},"end":{"line":97,"column":30}},"97":{"start":{"line":98,"column":0},"end":{"line":98,"column":25}},"98":{"start":{"line":99,"column":0},"end":{"line":99,"column":39}},"99":{"start":{"line":100,"column":0},"end":{"line":100,"column":26}},"100":{"start":{"line":101,"column":0},"end":{"line":101,"column":7}},"102":{"start":{"line":103,"column":0},"end":{"line":103,"column":32}},"103":{"start":{"line":104,"column":0},"end":{"line":104,"column":74}},"104":{"start":{"line":105,"column":0},"end":{"line":105,"column":6}},"105":{"start":{"line":106,"column":0},"end":{"line":106,"column":3}},"106":{"start":{"line":107,"column":0},"end":{"line":107,"column":1}}},"s":{"0":1,"17":15,"18":15,"19":15,"20":15,"21":15,"23":15,"24":15,"25":15,"26":15,"27":15,"28":15,"30":15,"31":2,"32":2,"34":15,"36":15,"37":12,"40":15,"41":0,"42":0,"43":0,"45":12,"46":12,"54":11,"55":11,"57":11,"58":1,"59":1,"61":11,"62":2,"63":2,"65":8,"66":11,"67":1,"68":1,"70":7,"71":7,"73":7,"74":11,"75":11,"76":11,"77":11,"78":11,"80":5,"82":5,"83":5,"84":5,"85":5,"86":5,"87":5,"88":5,"90":5,"91":11,"92":2,"94":2,"95":2,"96":2,"97":2,"98":2,"99":2,"100":2,"102":2,"103":2,"104":2,"105":2,"106":11},"branchMap":{"0":{"type":"branch","line":18,"loc":{"start":{"line":18,"column":0},"end":{"line":47,"column":1}},"locations":[{"start":{"line":18,"column":0},"end":{"line":47,"column":1}}]},"1":{"type":"branch","line":31,"loc":{"start":{"line":31,"column":14},"end":{"line":33,"column":3}},"locations":[{"start":{"line":31,"column":14},"end":{"line":33,"column":3}}]},"2":{"type":"branch","line":37,"loc":{"start":{"line":37,"column":77},"end":{"line":41,"column":29}},"locations":[{"start":{"line":37,"column":77},"end":{"line":41,"column":29}}]},"3":{"type":"branch","line":41,"loc":{"start":{"line":41,"column":29},"end":{"line":44,"column":3}},"locations":[{"start":{"line":41,"column":29},"end":{"line":44,"column":3}}]},"4":{"type":"branch","line":44,"loc":{"start":{"line":44,"column":2},"end":{"line":47,"column":1}},"locations":[{"start":{"line":44,"column":2},"end":{"line":47,"column":1}}]},"5":{"type":"branch","line":55,"loc":{"start":{"line":55,"column":0},"end":{"line":107,"column":1}},"locations":[{"start":{"line":55,"column":0},"end":{"line":107,"column":1}}]},"6":{"type":"branch","line":58,"loc":{"start":{"line":58,"column":32},"end":{"line":60,"column":3}},"locations":[{"start":{"line":58,"column":32},"end":{"line":60,"column":3}}]},"7":{"type":"branch","line":60,"loc":{"start":{"line":60,"column":2},"end":{"line":62,"column":28}},"locations":[{"start":{"line":60,"column":2},"end":{"line":62,"column":28}}]},"8":{"type":"branch","line":62,"loc":{"start":{"line":62,"column":28},"end":{"line":64,"column":3}},"locations":[{"start":{"line":62,"column":28},"end":{"line":64,"column":3}}]},"9":{"type":"branch","line":64,"loc":{"start":{"line":64,"column":2},"end":{"line":67,"column":15}},"locations":[{"start":{"line":64,"column":2},"end":{"line":67,"column":15}}]},"10":{"type":"branch","line":67,"loc":{"start":{"line":67,"column":15},"end":{"line":69,"column":3}},"locations":[{"start":{"line":67,"column":15},"end":{"line":69,"column":3}}]},"11":{"type":"branch","line":69,"loc":{"start":{"line":69,"column":2},"end":{"line":75,"column":23}},"locations":[{"start":{"line":69,"column":2},"end":{"line":75,"column":23}}]},"12":{"type":"branch","line":75,"loc":{"start":{"line":75,"column":14},"end":{"line":75,"column":40}},"locations":[{"start":{"line":75,"column":14},"end":{"line":75,"column":40}}]},"13":{"type":"branch","line":75,"loc":{"start":{"line":75,"column":36},"end":{"line":75,"column":50}},"locations":[{"start":{"line":75,"column":36},"end":{"line":75,"column":50}}]},"14":{"type":"branch","line":76,"loc":{"start":{"line":76,"column":17},"end":{"line":76,"column":49}},"locations":[{"start":{"line":76,"column":17},"end":{"line":76,"column":49}}]},"15":{"type":"branch","line":76,"loc":{"start":{"line":76,"column":45},"end":{"line":76,"column":59}},"locations":[{"start":{"line":76,"column":45},"end":{"line":76,"column":59}}]},"16":{"type":"branch","line":77,"loc":{"start":{"line":77,"column":14},"end":{"line":77,"column":40}},"locations":[{"start":{"line":77,"column":14},"end":{"line":77,"column":40}}]},"17":{"type":"branch","line":77,"loc":{"start":{"line":77,"column":36},"end":{"line":77,"column":50}},"locations":[{"start":{"line":77,"column":36},"end":{"line":77,"column":50}}]},"18":{"type":"branch","line":78,"loc":{"start":{"line":78,"column":25},"end":{"line":78,"column":51}},"locations":[{"start":{"line":78,"column":25},"end":{"line":78,"column":51}}]},"19":{"type":"branch","line":78,"loc":{"start":{"line":78,"column":38},"end":{"line":78,"column":61}},"locations":[{"start":{"line":78,"column":38},"end":{"line":78,"column":61}}]},"20":{"type":"branch","line":79,"loc":{"start":{"line":79,"column":5},"end":{"line":92,"column":11}},"locations":[{"start":{"line":79,"column":5},"end":{"line":92,"column":11}}]},"21":{"type":"branch","line":92,"loc":{"start":{"line":92,"column":2},"end":{"line":106,"column":3}},"locations":[{"start":{"line":92,"column":2},"end":{"line":106,"column":3}}]},"22":{"type":"branch","line":93,"loc":{"start":{"line":93,"column":56},"end":{"line":93,"column":82}},"locations":[{"start":{"line":93,"column":56},"end":{"line":93,"column":82}}]}},"b":{"0":[15],"1":[2],"2":[12],"3":[0],"4":[12],"5":[11],"6":[1],"7":[10],"8":[2],"9":[8],"10":[1],"11":[7],"12":[1],"13":[6],"14":[1],"15":[6],"16":[1],"17":[6],"18":[0],"19":[7],"20":[5],"21":[2],"22":[0]},"fnMap":{"0":{"name":"getAlertsData","decl":{"start":{"line":18,"column":0},"end":{"line":47,"column":1}},"loc":{"start":{"line":18,"column":0},"end":{"line":47,"column":1}},"line":18},"1":{"name":"handler","decl":{"start":{"line":55,"column":0},"end":{"line":107,"column":1}},"loc":{"start":{"line":55,"column":0},"end":{"line":107,"column":1}},"line":55}},"f":{"0":15,"1":11}}
,"/home/hyeonsung/seoul-subway/vercel-proxy/api/route.ts": {"path":"/home/hyeonsung/seoul-subway/vercel-proxy/api/route.ts","all":false,"statementMap":{"0":{"start":{"line":1,"column":0},"end":{"line":1,"column":66}},"19":{"start":{"line":20,"column":0},"end":{"line":20,"column":42}},"20":{"start":{"line":21,"column":0},"end":{"line":21,"column":25}},"21":{"start":{"line":22,"column":0},"end":{"line":22,"column":65}},"22":{"start":{"line":23,"column":0},"end":{"line":23,"column":68}},"23":{"start":{"line":24,"column":0},"end":{"line":24,"column":1}},"28":{"start":{"line":29,"column":0},"end":{"line":29,"column":35}},"29":{"start":{"line":30,"column":0},"end":{"line":30,"column":17}},"30":{"start":{"line":31,"column":0},"end":{"line":31,"column":23}},"31":{"start":{"line":32,"column":0},"end":{"line":32,"column":30}},"32":{"start":{"line":33,"column":0},"end":{"line":33,"column":66}},"34":{"start":{"line":35,"column":0},"end":{"line":35,"column":38}},"35":{"start":{"line":36,"column":0},"end":{"line":36,"column":23}},"36":{"start":{"line":37,"column":0},"end":{"line":37,"column":21}},"37":{"start":{"line":38,"column":0},"end":{"line":38,"column":15}},"38":{"start":{"line":39,"column":0},"end":{"line":39,"column":14}},"39":{"start":{"line":40,"column":0},"end":{"line":40,"column":43}},"40":{"start":{"line":41,"column":0},"end":{"line":41,"column":5}},"42":{"start":{"line":43,"column":0},"end":{"line":43,"column":19}},"43":{"start":{"line":44,"column":0},"end":{"line":44,"column":44}},"44":{"start":{"line":45,"column":0},"end":{"line":45,"column":3}},"46":{"start":{"line":47,"column":0},"end":{"line":47,"column":90}},"48":{"start":{"line":49,"column":0},"end":{"line":49,"column":79}},"49":{"start":{"line":50,"column":0},"end":{"line":50,"column":54}},"50":{"start":{"line":51,"column":0},"end":{"line":51,"column":1}},"58":{"start":{"line":59,"column":0},"end":{"line":59,"column":80}},"59":{"start":{"line":60,"column":0},"end":{"line":60,"column":31}},"61":{"start":{"line":62,"column":0},"end":{"line":62,"column":33}},"62":{"start":{"line":63,"column":0},"end":{"line":63,"column":33}},"63":{"start":{"line":64,"column":0},"end":{"line":64,"column":3}},"65":{"start":{"line":66,"column":0},"end":{"line":66,"column":29}},"66":{"start":{"line":67,"column":0},"end":{"line":67,"column":98}},"67":{"start":{"line":68,"column":0},"end":{"line":68,"column":3}},"69":{"start":{"line":70,"column":0},"end":{"line":70,"column":68}},"71":{"start":{"line":72,"column":0},"end":{"line":72,"column":34}},"72":{"start":{"line":73,"column":0},"end":{"line":73,"column":32}},"73":{"start":{"line":74,"column":0},"end":{"line":74,"column":76}},"74":{"start":{"line":75,"column":0},"end":{"line":75,"column":46}},"75":{"start":{"line":76,"column":0},"end":{"line":76,"column":45}},"76":{"start":{"line":77,"column":0},"end":{"line":77,"column":8}},"77":{"start":{"line":78,"column":0},"end":{"line":78,"column":6}},"78":{"start":{"line":79,"column":0},"end":{"line":79,"column":3}},"81":{"start":{"line":82,"column":0},"end":{"line":82,"column":63}},"82":{"start":{"line":83,"column":0},"end":{"line":83,"column":29}},"83":{"start":{"line":84,"column":0},"end":{"line":84,"column":60}},"84":{"start":{"line":85,"column":0},"end":{"line":85,"column":32}},"85":{"start":{"line":86,"column":0},"end":{"line":86,"column":78}},"86":{"start":{"line":87,"column":0},"end":{"line":87,"column":26}},"87":{"start":{"line":88,"column":0},"end":{"line":88,"column":28}},"88":{"start":{"line":89,"column":0},"end":{"line":89,"column":70}},"89":{"start":{"line":90,"column":0},"end":{"line":90,"column":59}},"90":{"start":{"line":91,"column":0},"end":{"line":91,"column":8}},"91":{"start":{"line":92,"column":0},"end":{"line":92,"column":6}},"92":{"start":{"line":93,"column":0},"end":{"line":93,"column":3}},"95":{"start":{"line":96,"column":0},"end":{"line":96,"column":60}},"96":{"start":{"line":97,"column":0},"end":{"line":97,"column":27}},"97":{"start":{"line":98,"column":0},"end":{"line":98,"column":59}},"98":{"start":{"line":99,"column":0},"end":{"line":99,"column":32}},"99":{"start":{"line":100,"column":0},"end":{"line":100,"column":76}},"100":{"start":{"line":101,"column":0},"end":{"line":101,"column":25}},"101":{"start":{"line":102,"column":0},"end":{"line":102,"column":27}},"102":{"start":{"line":103,"column":0},"end":{"line":103,"column":70}},"103":{"start":{"line":104,"column":0},"end":{"line":104,"column":59}},"104":{"start":{"line":105,"column":0},"end":{"line":105,"column":8}},"105":{"start":{"line":106,"column":0},"end":{"line":106,"column":6}},"106":{"start":{"line":107,"column":0},"end":{"line":107,"column":3}},"108":{"start":{"line":109,"column":0},"end":{"line":109,"column":44}},"109":{"start":{"line":110,"column":0},"end":{"line":110,"column":16}},"110":{"start":{"line":111,"column":0},"end":{"line":111,"column":97}},"111":{"start":{"line":112,"column":0},"end":{"line":112,"column":3}},"114":{"start":{"line":115,"column":0},"end":{"line":115,"column":61}},"115":{"start":{"line":116,"column":0},"end":{"line":116,"column":77}},"117":{"start":{"line":118,"column":0},"end":{"line":118,"column":7}},"118":{"start":{"line":119,"column":0},"end":{"line":119,"column":45}},"119":{"start":{"line":120,"column":0},"end":{"line":120,"column":38}},"120":{"start":{"line":121,"column":0},"end":{"line":121,"column":35}},"121":{"start":{"line":122,"column":0},"end":{"line":122,"column":56}},"122":{"start":{"line":123,"column":0},"end":{"line":123,"column":62}},"123":{"start":{"line":124,"column":0},"end":{"line":124,"column":7}},"125":{"start":{"line":126,"column":0},"end":{"line":126,"column":79}},"127":{"start":{"line":128,"column":0},"end":{"line":128,"column":9}},"128":{"start":{"line":129,"column":0},"end":{"line":129,"column":20}},"129":{"start":{"line":130,"column":0},"end":{"line":130,"column":29}},"130":{"start":{"line":131,"column":0},"end":{"line":131,"column":25}},"131":{"start":{"line":132,"column":0},"end":{"line":132,"column":39}},"132":{"start":{"line":133,"column":0},"end":{"line":133,"column":18}},"133":{"start":{"line":134,"column":0},"end":{"line":134,"column":7}},"136":{"start":{"line":137,"column":0},"end":{"line":137,"column":27}},"137":{"start":{"line":138,"column":0},"end":{"line":138,"column":40}},"138":{"start":{"line":139,"column":0},"end":{"line":139,"column":5}},"141":{"start":{"line":142,"column":0},"end":{"line":142,"column":86}},"142":{"start":{"line":143,"column":0},"end":{"line":143,"column":63}},"143":{"start":{"line":144,"column":0},"end":{"line":144,"column":43}},"144":{"start":{"line":145,"column":0},"end":{"line":145,"column":19}},"145":{"start":{"line":146,"column":0},"end":{"line":146,"column":82}},"147":{"start":{"line":148,"column":0},"end":{"line":148,"column":9}},"148":{"start":{"line":149,"column":0},"end":{"line":149,"column":21}},"149":{"start":{"line":150,"column":0},"end":{"line":150,"column":29}},"150":{"start":{"line":151,"column":0},"end":{"line":151,"column":25}},"151":{"start":{"line":152,"column":0},"end":{"line":152,"column":39}},"152":{"start":{"line":153,"column":0},"end":{"line":153,"column":26}},"153":{"start":{"line":154,"column":0},"end":{"line":154,"column":7}},"155":{"start":{"line":156,"column":0},"end":{"line":156,"column":32}},"156":{"start":{"line":157,"column":0},"end":{"line":157,"column":78}},"157":{"start":{"line":158,"column":0},"end":{"line":158,"column":6}},"158":{"start":{"line":159,"column":0},"end":{"line":159,"column":3}},"159":{"start":{"line":160,"column":0},"end":{"line":160,"column":1}}},"s":{"0":1,"19":1,"20":12,"21":12,"22":12,"23":12,"28":12,"29":12,"30":12,"31":12,"32":12,"34":12,"35":12,"36":12,"37":12,"38":12,"39":12,"40":12,"42":12,"43":2,"44":2,"46":12,"48":12,"49":10,"50":10,"58":14,"59":14,"61":14,"62":1,"63":1,"65":14,"66":1,"67":1,"69":12,"71":14,"72":3,"73":3,"74":3,"75":3,"76":3,"77":3,"78":3,"81":9,"82":14,"83":1,"84":1,"85":1,"86":1,"87":1,"88":1,"89":1,"90":1,"91":1,"92":1,"95":8,"96":14,"97":1,"98":1,"99":1,"100":1,"101":1,"102":1,"103":1,"104":1,"105":1,"106":1,"108":7,"109":14,"110":1,"111":1,"114":14,"115":14,"117":14,"118":14,"119":14,"120":14,"121":14,"122":14,"123":14,"125":5,"127":5,"128":5,"129":5,"130":5,"131":5,"132":5,"133":5,"136":14,"137":4,"138":4,"141":1,"142":1,"143":1,"144":1,"145":1,"147":1,"148":1,"149":1,"150":1,"151":1,"152":1,"153":1,"155":1,"156":1,"157":1,"158":1,"159":14},"branchMap":{"0":{"type":"branch","line":20,"loc":{"start":{"line":20,"column":7},"end":{"line":24,"column":1}},"locations":[{"start":{"line":20,"column":7},"end":{"line":24,"column":1}}]},"1":{"type":"branch","line":29,"loc":{"start":{"line":29,"column":0},"end":{"line":51,"column":1}},"locations":[{"start":{"line":29,"column":0},"end":{"line":51,"column":1}}]},"2":{"type":"branch","line":40,"loc":{"start":{"line":40,"column":14},"end":{"line":40,"column":43}},"locations":[{"start":{"line":40,"column":14},"end":{"line":40,"column":43}}]},"3":{"type":"branch","line":43,"loc":{"start":{"line":43,"column":18},"end":{"line":45,"column":3}},"locations":[{"start":{"line":43,"column":18},"end":{"line":45,"column":3}}]},"4":{"type":"branch","line":49,"loc":{"start":{"line":49,"column":77},"end":{"line":51,"column":1}},"locations":[{"start":{"line":49,"column":77},"end":{"line":51,"column":1}}]},"5":{"type":"branch","line":59,"loc":{"start":{"line":59,"column":0},"end":{"line":160,"column":1}},"locations":[{"start":{"line":59,"column":0},"end":{"line":160,"column":1}}]},"6":{"type":"branch","line":62,"loc":{"start":{"line":62,"column":32},"end":{"line":64,"column":3}},"locations":[{"start":{"line":62,"column":32},"end":{"line":64,"column":3}}]},"7":{"type":"branch","line":64,"loc":{"start":{"line":64,"column":2},"end":{"line":66,"column":28}},"locations":[{"start":{"line":64,"column":2},"end":{"line":66,"column":28}}]},"8":{"type":"branch","line":66,"loc":{"start":{"line":66,"column":28},"end":{"line":68,"column":3}},"locations":[{"start":{"line":66,"column":28},"end":{"line":68,"column":3}}]},"9":{"type":"branch","line":68,"loc":{"start":{"line":68,"column":2},"end":{"line":72,"column":21}},"locations":[{"start":{"line":68,"column":2},"end":{"line":72,"column":21}}]},"10":{"type":"branch","line":72,"loc":{"start":{"line":72,"column":7},"end":{"line":72,"column":33}},"locations":[{"start":{"line":72,"column":7},"end":{"line":72,"column":33}}]},"11":{"type":"branch","line":72,"loc":{"start":{"line":72,"column":33},"end":{"line":79,"column":3}},"locations":[{"start":{"line":72,"column":33},"end":{"line":79,"column":3}}]},"12":{"type":"branch","line":79,"loc":{"start":{"line":79,"column":2},"end":{"line":83,"column":28}},"locations":[{"start":{"line":79,"column":2},"end":{"line":83,"column":28}}]},"13":{"type":"branch","line":83,"loc":{"start":{"line":83,"column":28},"end":{"line":93,"column":3}},"locations":[{"start":{"line":83,"column":28},"end":{"line":93,"column":3}}]},"14":{"type":"branch","line":89,"loc":{"start":{"line":89,"column":46},"end":{"line":89,"column":70}},"locations":[{"start":{"line":89,"column":46},"end":{"line":89,"column":70}}]},"15":{"type":"branch","line":93,"loc":{"start":{"line":93,"column":2},"end":{"line":97,"column":26}},"locations":[{"start":{"line":93,"column":2},"end":{"line":97,"column":26}}]},"16":{"type":"branch","line":97,"loc":{"start":{"line":97,"column":26},"end":{"line":107,"column":3}},"locations":[{"start":{"line":97,"column":26},"end":{"line":107,"column":3}}]},"17":{"type":"branch","line":103,"loc":{"start":{"line":103,"column":46},"end":{"line":103,"column":70}},"locations":[{"start":{"line":103,"column":46},"end":{"line":103,"column":70}}]},"18":{"type":"branch","line":107,"loc":{"start":{"line":107,"column":2},"end":{"line":110,"column":15}},"locations":[{"start":{"line":107,"column":2},"end":{"line":110,"column":15}}]},"19":{"type":"branch","line":110,"loc":{"start":{"line":110,"column":15},"end":{"line":112,"column":3}},"locations":[{"start":{"line":110,"column":15},"end":{"line":112,"column":3}}]},"20":{"type":"branch","line":112,"loc":{"start":{"line":112,"column":2},"end":{"line":115,"column":49}},"locations":[{"start":{"line":112,"column":2},"end":{"line":115,"column":49}}]},"21":{"type":"branch","line":115,"loc":{"start":{"line":115,"column":28},"end":{"line":115,"column":61}},"locations":[{"start":{"line":115,"column":28},"end":{"line":115,"column":61}}]},"22":{"type":"branch","line":116,"loc":{"start":{"line":116,"column":58},"end":{"line":116,"column":72}},"locations":[{"start":{"line":116,"column":58},"end":{"line":116,"column":72}}]},"23":{"type":"branch","line":116,"loc":{"start":{"line":116,"column":65},"end":{"line":116,"column":77}},"locations":[{"start":{"line":116,"column":65},"end":{"line":116,"column":77}}]},"24":{"type":"branch","line":122,"loc":{"start":{"line":122,"column":16},"end":{"line":122,"column":46}},"locations":[{"start":{"line":122,"column":16},"end":{"line":122,"column":46}}]},"25":{"type":"branch","line":122,"loc":{"start":{"line":122,"column":42},"end":{"line":122,"column":56}},"locations":[{"start":{"line":122,"column":42},"end":{"line":122,"column":56}}]},"26":{"type":"branch","line":123,"loc":{"start":{"line":123,"column":18},"end":{"line":123,"column":52}},"locations":[{"start":{"line":123,"column":18},"end":{"line":123,"column":52}}]},"27":{"type":"branch","line":123,"loc":{"start":{"line":123,"column":48},"end":{"line":123,"column":62}},"locations":[{"start":{"line":123,"column":48},"end":{"line":123,"column":62}}]},"28":{"type":"branch","line":124,"loc":{"start":{"line":124,"column":5},"end":{"line":137,"column":26}},"locations":[{"start":{"line":124,"column":5},"end":{"line":137,"column":26}}]},"29":{"type":"branch","line":137,"loc":{"start":{"line":137,"column":26},"end":{"line":139,"column":5}},"locations":[{"start":{"line":137,"column":26},"end":{"line":139,"column":5}}]},"30":{"type":"branch","line":139,"loc":{"start":{"line":139,"column":4},"end":{"line":159,"column":3}},"locations":[{"start":{"line":139,"column":4},"end":{"line":159,"column":3}}]},"31":{"type":"branch","line":146,"loc":{"start":{"line":146,"column":56},"end":{"line":146,"column":82}},"locations":[{"start":{"line":146,"column":56},"end":{"line":146,"column":82}}]}},"b":{"0":[12],"1":[12],"2":[10],"3":[2],"4":[10],"5":[14],"6":[1],"7":[13],"8":[1],"9":[12],"10":[10],"11":[3],"12":[9],"13":[1],"14":[0],"15":[8],"16":[1],"17":[0],"18":[7],"19":[1],"20":[6],"21":[2],"22":[0],"23":[6],"24":[1],"25":[5],"26":[1],"27":[5],"28":[5],"29":[4],"30":[1],"31":[0]},"fnMap":{"0":{"name":"getKSTDateTime","decl":{"start":{"line":20,"column":7},"end":{"line":24,"column":1}},"loc":{"start":{"line":20,"column":7},"end":{"line":24,"column":1}},"line":20},"1":{"name":"getRouteData","decl":{"start":{"line":29,"column":0},"end":{"line":51,"column":1}},"loc":{"start":{"line":29,"column":0},"end":{"line":51,"column":1}},"line":29},"2":{"name":"handler","decl":{"start":{"line":59,"column":0},"end":{"line":160,"column":1}},"loc":{"start":{"line":59,"column":0},"end":{"line":160,"column":1}},"line":59}},"f":{"0":12,"1":12,"2":14}}
,"/home/hyeonsung/seoul-subway/vercel-proxy/api/stations.ts": {"path":"/home/hyeonsung/seoul-subway/vercel-proxy/api/stations.ts","all":false,"statementMap":{"0":{"start":{"line":1,"column":0},"end":{"line":1,"column":66}},"15":{"start":{"line":16,"column":0},"end":{"line":16,"column":38}},"16":{"start":{"line":17,"column":0},"end":{"line":17,"column":18}},"17":{"start":{"line":18,"column":0},"end":{"line":18,"column":17}},"18":{"start":{"line":19,"column":0},"end":{"line":19,"column":31}},"19":{"start":{"line":20,"column":0},"end":{"line":20,"column":33}},"20":{"start":{"line":21,"column":0},"end":{"line":21,"column":46}},"21":{"start":{"line":22,"column":0},"end":{"line":22,"column":53}},"22":{"start":{"line":23,"column":0},"end":{"line":23,"column":130}},"24":{"start":{"line":25,"column":0},"end":{"line":25,"column":79}},"25":{"start":{"line":26,"column":0},"end":{"line":26,"column":57}},"26":{"start":{"line":27,"column":0},"end":{"line":27,"column":1}},"34":{"start":{"line":35,"column":0},"end":{"line":35,"column":80}},"35":{"start":{"line":36,"column":0},"end":{"line":36,"column":31}},"37":{"start":{"line":38,"column":0},"end":{"line":38,"column":33}},"38":{"start":{"line":39,"column":0},"end":{"line":39,"column":33}},"39":{"start":{"line":40,"column":0},"end":{"line":40,"column":3}},"41":{"start":{"line":42,"column":0},"end":{"line":42,"column":29}},"42":{"start":{"line":43,"column":0},"end":{"line":43,"column":98}},"43":{"start":{"line":44,"column":0},"end":{"line":44,"column":3}},"45":{"start":{"line":46,"column":0},"end":{"line":46,"column":44}},"47":{"start":{"line":48,"column":0},"end":{"line":48,"column":48}},"48":{"start":{"line":49,"column":0},"end":{"line":49,"column":32}},"49":{"start":{"line":50,"column":0},"end":{"line":50,"column":103}},"50":{"start":{"line":51,"column":0},"end":{"line":51,"column":6}},"51":{"start":{"line":52,"column":0},"end":{"line":52,"column":3}},"54":{"start":{"line":55,"column":0},"end":{"line":55,"column":50}},"55":{"start":{"line":56,"column":0},"end":{"line":56,"column":27}},"56":{"start":{"line":57,"column":0},"end":{"line":57,"column":49}},"57":{"start":{"line":58,"column":0},"end":{"line":58,"column":32}},"58":{"start":{"line":59,"column":0},"end":{"line":59,"column":68}},"59":{"start":{"line":60,"column":0},"end":{"line":60,"column":23}},"60":{"start":{"line":61,"column":0},"end":{"line":61,"column":70}},"61":{"start":{"line":62,"column":0},"end":{"line":62,"column":59}},"62":{"start":{"line":63,"column":0},"end":{"line":63,"column":8}},"63":{"start":{"line":64,"column":0},"end":{"line":64,"column":6}},"64":{"start":{"line":65,"column":0},"end":{"line":65,"column":3}},"66":{"start":{"line":67,"column":0},"end":{"line":67,"column":47}},"67":{"start":{"line":68,"column":0},"end":{"line":68,"column":16}},"68":{"start":{"line":69,"column":0},"end":{"line":69,"column":97}},"69":{"start":{"line":70,"column":0},"end":{"line":70,"column":3}},"71":{"start":{"line":72,"column":0},"end":{"line":72,"column":7}},"72":{"start":{"line":73,"column":0},"end":{"line":73,"column":67}},"73":{"start":{"line":74,"column":0},"end":{"line":74,"column":47}},"74":{"start":{"line":75,"column":0},"end":{"line":75,"column":41}},"75":{"start":{"line":76,"column":0},"end":{"line":76,"column":7}},"77":{"start":{"line":78,"column":0},"end":{"line":78,"column":81}},"79":{"start":{"line":80,"column":0},"end":{"line":80,"column":9}},"80":{"start":{"line":81,"column":0},"end":{"line":81,"column":20}},"81":{"start":{"line":82,"column":0},"end":{"line":82,"column":32}},"82":{"start":{"line":83,"column":0},"end":{"line":83,"column":25}},"83":{"start":{"line":84,"column":0},"end":{"line":84,"column":39}},"84":{"start":{"line":85,"column":0},"end":{"line":85,"column":18}},"85":{"start":{"line":86,"column":0},"end":{"line":86,"column":7}},"87":{"start":{"line":88,"column":0},"end":{"line":88,"column":38}},"88":{"start":{"line":89,"column":0},"end":{"line":89,"column":19}},"89":{"start":{"line":90,"column":0},"end":{"line":90,"column":82}},"91":{"start":{"line":92,"column":0},"end":{"line":92,"column":9}},"92":{"start":{"line":93,"column":0},"end":{"line":93,"column":21}},"93":{"start":{"line":94,"column":0},"end":{"line":94,"column":32}},"94":{"start":{"line":95,"column":0},"end":{"line":95,"column":25}},"95":{"start":{"line":96,"column":0},"end":{"line":96,"column":39}},"96":{"start":{"line":97,"column":0},"end":{"line":97,"column":26}},"97":{"start":{"line":98,"column":0},"end":{"line":98,"column":7}},"99":{"start":{"line":100,"column":0},"end":{"line":100,"column":32}},"100":{"start":{"line":101,"column":0},"end":{"line":101,"column":80}},"101":{"start":{"line":102,"column":0},"end":{"line":102,"column":6}},"102":{"start":{"line":103,"column":0},"end":{"line":103,"column":3}},"103":{"start":{"line":104,"column":0},"end":{"line":104,"column":1}}},"s":{"0":1,"15":12,"16":12,"17":12,"18":12,"19":12,"20":12,"21":12,"22":12,"24":12,"25":10,"26":10,"34":11,"35":11,"37":11,"38":1,"39":1,"41":11,"42":2,"43":2,"45":8,"47":11,"48":1,"49":1,"50":1,"51":1,"54":7,"55":11,"56":2,"57":2,"58":2,"59":2,"60":2,"61":2,"62":2,"63":2,"64":2,"66":5,"67":11,"68":1,"69":1,"71":4,"72":4,"73":11,"74":11,"75":11,"77":3,"79":3,"80":3,"81":3,"82":3,"83":3,"84":3,"85":3,"87":3,"88":11,"89":1,"91":1,"92":1,"93":1,"94":1,"95":1,"96":1,"97":1,"99":1,"100":1,"101":1,"102":1,"103":11},"branchMap":{"0":{"type":"branch","line":16,"loc":{"start":{"line":16,"column":0},"end":{"line":27,"column":1}},"locations":[{"start":{"line":16,"column":0},"end":{"line":27,"column":1}}]},"1":{"type":"branch","line":25,"loc":{"start":{"line":25,"column":77},"end":{"line":27,"column":1}},"locations":[{"start":{"line":25,"column":77},"end":{"line":27,"column":1}}]},"2":{"type":"branch","line":35,"loc":{"start":{"line":35,"column":0},"end":{"line":104,"column":1}},"locations":[{"start":{"line":35,"column":0},"end":{"line":104,"column":1}}]},"3":{"type":"branch","line":38,"loc":{"start":{"line":38,"column":32},"end":{"line":40,"column":3}},"locations":[{"start":{"line":38,"column":32},"end":{"line":40,"column":3}}]},"4":{"type":"branch","line":40,"loc":{"start":{"line":40,"column":2},"end":{"line":42,"column":28}},"locations":[{"start":{"line":40,"column":2},"end":{"line":42,"column":28}}]},"5":{"type":"branch","line":42,"loc":{"start":{"line":42,"column":28},"end":{"line":44,"column":3}},"locations":[{"start":{"line":42,"column":28},"end":{"line":44,"column":3}}]},"6":{"type":"branch","line":44,"loc":{"start":{"line":44,"column":2},"end":{"line":48,"column":18}},"locations":[{"start":{"line":44,"column":2},"end":{"line":48,"column":18}}]},"7":{"type":"branch","line":48,"loc":{"start":{"line":48,"column":7},"end":{"line":48,"column":47}},"locations":[{"start":{"line":48,"column":7},"end":{"line":48,"column":47}}]},"8":{"type":"branch","line":48,"loc":{"start":{"line":48,"column":47},"end":{"line":52,"column":3}},"locations":[{"start":{"line":48,"column":47},"end":{"line":52,"column":3}}]},"9":{"type":"branch","line":52,"loc":{"start":{"line":52,"column":2},"end":{"line":56,"column":26}},"locations":[{"start":{"line":52,"column":2},"end":{"line":56,"column":26}}]},"10":{"type":"branch","line":56,"loc":{"start":{"line":56,"column":26},"end":{"line":65,"column":3}},"locations":[{"start":{"line":56,"column":26},"end":{"line":65,"column":3}}]},"11":{"type":"branch","line":61,"loc":{"start":{"line":61,"column":42},"end":{"line":61,"column":60}},"locations":[{"start":{"line":61,"column":42},"end":{"line":61,"column":60}}]},"12":{"type":"branch","line":61,"loc":{"start":{"line":61,"column":46},"end":{"line":61,"column":70}},"locations":[{"start":{"line":61,"column":46},"end":{"line":61,"column":70}}]},"13":{"type":"branch","line":65,"loc":{"start":{"line":65,"column":2},"end":{"line":68,"column":15}},"locations":[{"start":{"line":65,"column":2},"end":{"line":68,"column":15}}]},"14":{"type":"branch","line":68,"loc":{"start":{"line":68,"column":15},"end":{"line":70,"column":3}},"locations":[{"start":{"line":68,"column":15},"end":{"line":70,"column":3}}]},"15":{"type":"branch","line":70,"loc":{"start":{"line":70,"column":2},"end":{"line":74,"column":21}},"locations":[{"start":{"line":70,"column":2},"end":{"line":74,"column":21}}]},"16":{"type":"branch","line":74,"loc":{"start":{"line":74,"column":13},"end":{"line":74,"column":37}},"locations":[{"start":{"line":74,"column":13},"end":{"line":74,"column":37}}]},"17":{"type":"branch","line":74,"loc":{"start":{"line":74,"column":33},"end":{"line":74,"column":47}},"locations":[{"start":{"line":74,"column":33},"end":{"line":74,"column":47}}]},"18":{"type":"branch","line":75,"loc":{"start":{"line":75,"column":11},"end":{"line":75,"column":31}},"locations":[{"start":{"line":75,"column":11},"end":{"line":75,"column":31}}]},"19":{"type":"branch","line":75,"loc":{"start":{"line":75,"column":27},"end":{"line":75,"column":41}},"locations":[{"start":{"line":75,"column":27},"end":{"line":75,"column":41}}]},"20":{"type":"branch","line":76,"loc":{"start":{"line":76,"column":5},"end":{"line":89,"column":11}},"locations":[{"start":{"line":76,"column":5},"end":{"line":89,"column":11}}]},"21":{"type":"branch","line":89,"loc":{"start":{"line":89,"column":2},"end":{"line":103,"column":3}},"locations":[{"start":{"line":89,"column":2},"end":{"line":103,"column":3}}]},"22":{"type":"branch","line":90,"loc":{"start":{"line":90,"column":56},"end":{"line":90,"column":82}},"locations":[{"start":{"line":90,"column":56},"end":{"line":90,"column":82}}]}},"b":{"0":[12],"1":[10],"2":[11],"3":[1],"4":[10],"5":[2],"6":[8],"7":[7],"8":[1],"9":[7],"10":[2],"11":[1],"12":[1],"13":[5],"14":[1],"15":[4],"16":[1],"17":[3],"18":[1],"19":[3],"20":[3],"21":[1],"22":[0]},"fnMap":{"0":{"name":"getStationsData","decl":{"start":{"line":16,"column":0},"end":{"line":27,"column":1}},"loc":{"start":{"line":16,"column":0},"end":{"line":27,"column":1}},"line":16},"1":{"name":"handler","decl":{"start":{"line":35,"column":0},"end":{"line":104,"column":1}},"loc":{"start":{"line":35,"column":0},"end":{"line":104,"column":1}},"line":35}},"f":{"0":12,"1":11}}
,"/home/hyeonsung/seoul-subway/vercel-proxy/api/accessibility/[station].ts": {"path":"/home/hyeonsung/seoul-subway/vercel-proxy/api/accessibility/[station].ts","all":false,"statementMap":{"0":{"start":{"line":1,"column":0},"end":{"line":1,"column":66}},"19":{"start":{"line":20,"column":0},"end":{"line":20,"column":51}},"24":{"start":{"line":25,"column":0},"end":{"line":25,"column":38}},"25":{"start":{"line":26,"column":0},"end":{"line":26,"column":18}},"26":{"start":{"line":27,"column":0},"end":{"line":27,"column":17}},"27":{"start":{"line":28,"column":0},"end":{"line":28,"column":33}},"28":{"start":{"line":29,"column":0},"end":{"line":29,"column":31}},"29":{"start":{"line":30,"column":0},"end":{"line":30,"column":37}},"30":{"start":{"line":31,"column":0},"end":{"line":31,"column":12}},"31":{"start":{"line":32,"column":0},"end":{"line":32,"column":39}},"32":{"start":{"line":33,"column":0},"end":{"line":33,"column":18}},"33":{"start":{"line":34,"column":0},"end":{"line":34,"column":19}},"34":{"start":{"line":35,"column":0},"end":{"line":35,"column":24}},"35":{"start":{"line":36,"column":0},"end":{"line":36,"column":4}},"38":{"start":{"line":39,"column":0},"end":{"line":39,"column":61}},"39":{"start":{"line":40,"column":0},"end":{"line":40,"column":23}},"40":{"start":{"line":41,"column":0},"end":{"line":41,"column":22}},"41":{"start":{"line":42,"column":0},"end":{"line":42,"column":9}},"43":{"start":{"line":44,"column":0},"end":{"line":44,"column":70}},"44":{"start":{"line":45,"column":0},"end":{"line":45,"column":81}},"45":{"start":{"line":46,"column":0},"end":{"line":46,"column":34}},"47":{"start":{"line":48,"column":0},"end":{"line":48,"column":41}},"50":{"start":{"line":51,"column":0},"end":{"line":51,"column":26}},"51":{"start":{"line":52,"column":0},"end":{"line":52,"column":46}},"52":{"start":{"line":53,"column":0},"end":{"line":53,"column":46}},"53":{"start":{"line":54,"column":0},"end":{"line":54,"column":44}},"54":{"start":{"line":55,"column":0},"end":{"line":55,"column":38}},"55":{"start":{"line":56,"column":0},"end":{"line":56,"column":7}},"58":{"start":{"line":59,"column":0},"end":{"line":59,"column":58}},"59":{"start":{"line":60,"column":0},"end":{"line":60,"column":21}},"60":{"start":{"line":61,"column":0},"end":{"line":61,"column":61}},"61":{"start":{"line":62,"column":0},"end":{"line":62,"column":16}},"62":{"start":{"line":63,"column":0},"end":{"line":63,"column":5}},"63":{"start":{"line":64,"column":0},"end":{"line":64,"column":4}},"66":{"start":{"line":67,"column":0},"end":{"line":67,"column":39}},"68":{"start":{"line":69,"column":0},"end":{"line":69,"column":46}},"69":{"start":{"line":70,"column":0},"end":{"line":70,"column":18}},"70":{"start":{"line":71,"column":0},"end":{"line":71,"column":20}},"71":{"start":{"line":72,"column":0},"end":{"line":72,"column":84}},"72":{"start":{"line":73,"column":0},"end":{"line":73,"column":10}},"73":{"start":{"line":74,"column":0},"end":{"line":74,"column":6}},"74":{"start":{"line":75,"column":0},"end":{"line":75,"column":3}},"76":{"start":{"line":77,"column":0},"end":{"line":77,"column":47}},"77":{"start":{"line":78,"column":0},"end":{"line":78,"column":18}},"78":{"start":{"line":79,"column":0},"end":{"line":79,"column":20}},"79":{"start":{"line":80,"column":0},"end":{"line":80,"column":86}},"80":{"start":{"line":81,"column":0},"end":{"line":81,"column":10}},"81":{"start":{"line":82,"column":0},"end":{"line":82,"column":6}},"82":{"start":{"line":83,"column":0},"end":{"line":83,"column":3}},"84":{"start":{"line":85,"column":0},"end":{"line":85,"column":48}},"85":{"start":{"line":86,"column":0},"end":{"line":86,"column":18}},"86":{"start":{"line":87,"column":0},"end":{"line":87,"column":20}},"87":{"start":{"line":88,"column":0},"end":{"line":88,"column":91}},"88":{"start":{"line":89,"column":0},"end":{"line":89,"column":10}},"89":{"start":{"line":90,"column":0},"end":{"line":90,"column":6}},"90":{"start":{"line":91,"column":0},"end":{"line":91,"column":3}},"92":{"start":{"line":93,"column":0},"end":{"line":93,"column":30}},"94":{"start":{"line":95,"column":0},"end":{"line":95,"column":16}},"95":{"start":{"line":96,"column":0},"end":{"line":96,"column":1}},"106":{"start":{"line":107,"column":0},"end":{"line":107,"column":80}},"107":{"start":{"line":108,"column":0},"end":{"line":108,"column":31}},"109":{"start":{"line":110,"column":0},"end":{"line":110,"column":33}},"110":{"start":{"line":111,"column":0},"end":{"line":111,"column":33}},"111":{"start":{"line":112,"column":0},"end":{"line":112,"column":3}},"113":{"start":{"line":114,"column":0},"end":{"line":114,"column":29}},"114":{"start":{"line":115,"column":0},"end":{"line":115,"column":98}},"115":{"start":{"line":116,"column":0},"end":{"line":116,"column":3}},"117":{"start":{"line":118,"column":0},"end":{"line":118,"column":32}},"118":{"start":{"line":119,"column":0},"end":{"line":119,"column":48}},"119":{"start":{"line":120,"column":0},"end":{"line":120,"column":32}},"120":{"start":{"line":121,"column":0},"end":{"line":121,"column":103}},"121":{"start":{"line":122,"column":0},"end":{"line":122,"column":6}},"122":{"start":{"line":123,"column":0},"end":{"line":123,"column":3}},"125":{"start":{"line":126,"column":0},"end":{"line":126,"column":50}},"126":{"start":{"line":127,"column":0},"end":{"line":127,"column":27}},"127":{"start":{"line":128,"column":0},"end":{"line":128,"column":49}},"128":{"start":{"line":129,"column":0},"end":{"line":129,"column":32}},"129":{"start":{"line":130,"column":0},"end":{"line":130,"column":68}},"130":{"start":{"line":131,"column":0},"end":{"line":131,"column":23}},"131":{"start":{"line":132,"column":0},"end":{"line":132,"column":70}},"132":{"start":{"line":133,"column":0},"end":{"line":133,"column":59}},"133":{"start":{"line":134,"column":0},"end":{"line":134,"column":8}},"134":{"start":{"line":135,"column":0},"end":{"line":135,"column":6}},"135":{"start":{"line":136,"column":0},"end":{"line":136,"column":3}},"137":{"start":{"line":138,"column":0},"end":{"line":138,"column":47}},"138":{"start":{"line":139,"column":0},"end":{"line":139,"column":16}},"139":{"start":{"line":140,"column":0},"end":{"line":140,"column":97}},"140":{"start":{"line":141,"column":0},"end":{"line":141,"column":3}},"143":{"start":{"line":144,"column":0},"end":{"line":144,"column":56}},"144":{"start":{"line":145,"column":0},"end":{"line":145,"column":100}},"145":{"start":{"line":146,"column":0},"end":{"line":146,"column":38}},"146":{"start":{"line":147,"column":0},"end":{"line":147,"column":12}},"147":{"start":{"line":148,"column":0},"end":{"line":148,"column":61}},"148":{"start":{"line":149,"column":0},"end":{"line":149,"column":77}},"150":{"start":{"line":151,"column":0},"end":{"line":151,"column":7}},"151":{"start":{"line":152,"column":0},"end":{"line":152,"column":79}},"154":{"start":{"line":155,"column":0},"end":{"line":155,"column":81}},"156":{"start":{"line":157,"column":0},"end":{"line":157,"column":9}},"157":{"start":{"line":158,"column":0},"end":{"line":158,"column":20}},"158":{"start":{"line":159,"column":0},"end":{"line":159,"column":37}},"159":{"start":{"line":160,"column":0},"end":{"line":160,"column":25}},"160":{"start":{"line":161,"column":0},"end":{"line":161,"column":39}},"161":{"start":{"line":162,"column":0},"end":{"line":162,"column":18}},"162":{"start":{"line":163,"column":0},"end":{"line":163,"column":7}},"165":{"start":{"line":166,"column":0},"end":{"line":166,"column":27}},"166":{"start":{"line":167,"column":0},"end":{"line":167,"column":40}},"167":{"start":{"line":168,"column":0},"end":{"line":168,"column":5}},"170":{"start":{"line":171,"column":0},"end":{"line":171,"column":64}},"171":{"start":{"line":172,"column":0},"end":{"line":172,"column":63}},"172":{"start":{"line":173,"column":0},"end":{"line":173,"column":43}},"173":{"start":{"line":174,"column":0},"end":{"line":174,"column":19}},"174":{"start":{"line":175,"column":0},"end":{"line":175,"column":82}},"176":{"start":{"line":177,"column":0},"end":{"line":177,"column":9}},"177":{"start":{"line":178,"column":0},"end":{"line":178,"column":21}},"178":{"start":{"line":179,"column":0},"end":{"line":179,"column":37}},"179":{"start":{"line":180,"column":0},"end":{"line":180,"column":25}},"180":{"start":{"line":181,"column":0},"end":{"line":181,"column":39}},"181":{"start":{"line":182,"column":0},"end":{"line":182,"column":26}},"182":{"start":{"line":183,"column":0},"end":{"line":183,"column":7}},"184":{"start":{"line":185,"column":0},"end":{"line":185,"column":32}},"185":{"start":{"line":186,"column":0},"end":{"line":186,"column":86}},"186":{"start":{"line":187,"column":0},"end":{"line":187,"column":6}},"187":{"start":{"line":188,"column":0},"end":{"line":188,"column":3}},"188":{"start":{"line":189,"column":0},"end":{"line":189,"column":1}}},"s":{"0":1,"19":1,"24":5,"25":5,"26":5,"27":5,"28":5,"29":5,"30":5,"31":5,"32":5,"33":5,"34":5,"35":5,"38":5,"39":13,"40":13,"41":13,"43":13,"44":13,"45":13,"47":13,"50":13,"51":13,"52":0,"53":13,"54":8,"55":8,"58":13,"59":13,"60":0,"61":0,"62":0,"63":13,"66":5,"68":5,"69":5,"70":5,"71":5,"72":5,"73":5,"74":5,"76":5,"77":4,"78":4,"79":4,"80":4,"81":4,"82":4,"84":5,"85":4,"86":4,"87":4,"88":4,"89":4,"90":4,"92":5,"94":5,"95":5,"106":10,"107":10,"109":10,"110":1,"111":1,"113":10,"114":1,"115":1,"117":8,"118":10,"119":1,"120":1,"121":1,"122":1,"125":7,"126":10,"127":1,"128":1,"129":1,"130":1,"131":1,"132":1,"133":1,"134":1,"135":1,"137":6,"138":10,"139":1,"140":1,"143":10,"144":10,"145":5,"146":0,"147":10,"148":10,"150":10,"151":10,"154":5,"156":5,"157":5,"158":5,"159":5,"160":5,"161":5,"162":5,"165":10,"166":4,"167":4,"170":1,"171":1,"172":1,"173":10,"174":0,"176":0,"177":0,"178":0,"179":0,"180":0,"181":0,"182":0,"184":0,"185":0,"186":0,"187":0,"188":10},"branchMap":{"0":{"type":"branch","line":25,"loc":{"start":{"line":25,"column":0},"end":{"line":96,"column":1}},"locations":[{"start":{"line":25,"column":0},"end":{"line":96,"column":1}}]},"1":{"type":"branch","line":69,"loc":{"start":{"line":69,"column":15},"end":{"line":69,"column":45}},"locations":[{"start":{"line":69,"column":15},"end":{"line":69,"column":45}}]},"2":{"type":"branch","line":77,"loc":{"start":{"line":77,"column":15},"end":{"line":77,"column":46}},"locations":[{"start":{"line":77,"column":15},"end":{"line":77,"column":46}}]},"3":{"type":"branch","line":77,"loc":{"start":{"line":77,"column":46},"end":{"line":83,"column":3}},"locations":[{"start":{"line":77,"column":46},"end":{"line":83,"column":3}}]},"4":{"type":"branch","line":85,"loc":{"start":{"line":85,"column":15},"end":{"line":85,"column":47}},"locations":[{"start":{"line":85,"column":15},"end":{"line":85,"column":47}}]},"5":{"type":"branch","line":85,"loc":{"start":{"line":85,"column":47},"end":{"line":91,"column":3}},"locations":[{"start":{"line":85,"column":47},"end":{"line":91,"column":3}}]},"6":{"type":"branch","line":39,"loc":{"start":{"line":39,"column":25},"end":{"line":64,"column":4}},"locations":[{"start":{"line":39,"column":25},"end":{"line":64,"column":4}}]},"7":{"type":"branch","line":46,"loc":{"start":{"line":46,"column":24},"end":{"line":46,"column":34}},"locations":[{"start":{"line":46,"column":24},"end":{"line":46,"column":34}}]},"8":{"type":"branch","line":52,"loc":{"start":{"line":52,"column":16},"end":{"line":52,"column":45}},"locations":[{"start":{"line":52,"column":16},"end":{"line":52,"column":45}}]},"9":{"type":"branch","line":52,"loc":{"start":{"line":52,"column":45},"end":{"line":54,"column":17}},"locations":[{"start":{"line":52,"column":45},"end":{"line":54,"column":17}}]},"10":{"type":"branch","line":54,"loc":{"start":{"line":54,"column":35},"end":{"line":54,"column":43}},"locations":[{"start":{"line":54,"column":35},"end":{"line":54,"column":43}}]},"11":{"type":"branch","line":54,"loc":{"start":{"line":54,"column":43},"end":{"line":56,"column":7}},"locations":[{"start":{"line":54,"column":43},"end":{"line":56,"column":7}}]},"12":{"type":"branch","line":60,"loc":{"start":{"line":60,"column":4},"end":{"line":63,"column":5}},"locations":[{"start":{"line":60,"column":4},"end":{"line":63,"column":5}}]},"13":{"type":"branch","line":59,"loc":{"start":{"line":59,"column":26},"end":{"line":59,"column":56}},"locations":[{"start":{"line":59,"column":26},"end":{"line":59,"column":56}}]},"14":{"type":"branch","line":71,"loc":{"start":{"line":71,"column":7},"end":{"line":73,"column":9}},"locations":[{"start":{"line":71,"column":7},"end":{"line":73,"column":9}}]},"15":{"type":"branch","line":79,"loc":{"start":{"line":79,"column":7},"end":{"line":81,"column":9}},"locations":[{"start":{"line":79,"column":7},"end":{"line":81,"column":9}}]},"16":{"type":"branch","line":87,"loc":{"start":{"line":87,"column":7},"end":{"line":89,"column":9}},"locations":[{"start":{"line":87,"column":7},"end":{"line":89,"column":9}}]},"17":{"type":"branch","line":107,"loc":{"start":{"line":107,"column":0},"end":{"line":189,"column":1}},"locations":[{"start":{"line":107,"column":0},"end":{"line":189,"column":1}}]},"18":{"type":"branch","line":110,"loc":{"start":{"line":110,"column":32},"end":{"line":112,"column":3}},"locations":[{"start":{"line":110,"column":32},"end":{"line":112,"column":3}}]},"19":{"type":"branch","line":112,"loc":{"start":{"line":112,"column":2},"end":{"line":114,"column":28}},"locations":[{"start":{"line":112,"column":2},"end":{"line":114,"column":28}}]},"20":{"type":"branch","line":114,"loc":{"start":{"line":114,"column":28},"end":{"line":116,"column":3}},"locations":[{"start":{"line":114,"column":28},"end":{"line":116,"column":3}}]},"21":{"type":"branch","line":116,"loc":{"start":{"line":116,"column":2},"end":{"line":119,"column":18}},"locations":[{"start":{"line":116,"column":2},"end":{"line":119,"column":18}}]},"22":{"type":"branch","line":119,"loc":{"start":{"line":119,"column":7},"end":{"line":119,"column":47}},"locations":[{"start":{"line":119,"column":7},"end":{"line":119,"column":47}}]},"23":{"type":"branch","line":119,"loc":{"start":{"line":119,"column":47},"end":{"line":123,"column":3}},"locations":[{"start":{"line":119,"column":47},"end":{"line":123,"column":3}}]},"24":{"type":"branch","line":123,"loc":{"start":{"line":123,"column":2},"end":{"line":127,"column":26}},"locations":[{"start":{"line":123,"column":2},"end":{"line":127,"column":26}}]},"25":{"type":"branch","line":127,"loc":{"start":{"line":127,"column":26},"end":{"line":136,"column":3}},"locations":[{"start":{"line":127,"column":26},"end":{"line":136,"column":3}}]},"26":{"type":"branch","line":132,"loc":{"start":{"line":132,"column":42},"end":{"line":132,"column":60}},"locations":[{"start":{"line":132,"column":42},"end":{"line":132,"column":60}}]},"27":{"type":"branch","line":136,"loc":{"start":{"line":136,"column":2},"end":{"line":139,"column":15}},"locations":[{"start":{"line":136,"column":2},"end":{"line":139,"column":15}}]},"28":{"type":"branch","line":139,"loc":{"start":{"line":139,"column":15},"end":{"line":141,"column":3}},"locations":[{"start":{"line":139,"column":15},"end":{"line":141,"column":3}}]},"29":{"type":"branch","line":141,"loc":{"start":{"line":141,"column":2},"end":{"line":144,"column":50}},"locations":[{"start":{"line":141,"column":2},"end":{"line":144,"column":50}}]},"30":{"type":"branch","line":144,"loc":{"start":{"line":144,"column":31},"end":{"line":144,"column":56}},"locations":[{"start":{"line":144,"column":31},"end":{"line":144,"column":56}}]},"31":{"type":"branch","line":145,"loc":{"start":{"line":145,"column":99},"end":{"line":146,"column":38}},"locations":[{"start":{"line":145,"column":99},"end":{"line":146,"column":38}}]},"32":{"type":"branch","line":146,"loc":{"start":{"line":146,"column":7},"end":{"line":147,"column":12}},"locations":[{"start":{"line":146,"column":7},"end":{"line":147,"column":12}}]},"33":{"type":"branch","line":148,"loc":{"start":{"line":148,"column":28},"end":{"line":148,"column":61}},"locations":[{"start":{"line":148,"column":28},"end":{"line":148,"column":61}}]},"34":{"type":"branch","line":149,"loc":{"start":{"line":149,"column":58},"end":{"line":149,"column":72}},"locations":[{"start":{"line":149,"column":58},"end":{"line":149,"column":72}}]},"35":{"type":"branch","line":149,"loc":{"start":{"line":149,"column":65},"end":{"line":149,"column":77}},"locations":[{"start":{"line":149,"column":65},"end":{"line":149,"column":77}}]},"36":{"type":"branch","line":152,"loc":{"start":{"line":152,"column":77},"end":{"line":166,"column":26}},"locations":[{"start":{"line":152,"column":77},"end":{"line":166,"column":26}}]},"37":{"type":"branch","line":166,"loc":{"start":{"line":166,"column":26},"end":{"line":168,"column":5}},"locations":[{"start":{"line":166,"column":26},"end":{"line":168,"column":5}}]},"38":{"type":"branch","line":168,"loc":{"start":{"line":168,"column":4},"end":{"line":174,"column":11}},"locations":[{"start":{"line":168,"column":4},"end":{"line":174,"column":11}}]},"39":{"type":"branch","line":174,"loc":{"start":{"line":174,"column":2},"end":{"line":188,"column":3}},"locations":[{"start":{"line":174,"column":2},"end":{"line":188,"column":3}}]}},"b":{"0":[5],"1":[1],"2":[1],"3":[4],"4":[1],"5":[4],"6":[13],"7":[0],"8":[0],"9":[0],"10":[8],"11":[8],"12":[0],"13":[1],"14":[5],"15":[4],"16":[4],"17":[10],"18":[1],"19":[9],"20":[1],"21":[8],"22":[7],"23":[1],"24":[7],"25":[1],"26":[0],"27":[6],"28":[1],"29":[5],"30":[4],"31":[5],"32":[0],"33":[1],"34":[0],"35":[5],"36":[5],"37":[4],"38":[1],"39":[0]},"fnMap":{"0":{"name":"fetchAccessibilityData","decl":{"start":{"line":25,"column":0},"end":{"line":96,"column":1}},"loc":{"start":{"line":25,"column":0},"end":{"line":96,"column":1}},"line":25},"1":{"name":"fetchAndFilter","decl":{"start":{"line":39,"column":25},"end":{"line":64,"column":4}},"loc":{"start":{"line":39,"column":25},"end":{"line":64,"column":4}},"line":39},"2":{"name":"handler","decl":{"start":{"line":107,"column":0},"end":{"line":189,"column":1}},"loc":{"start":{"line":107,"column":0},"end":{"line":189,"column":1}},"line":107}},"f":{"0":5,"1":13,"2":10}}
,"/home/hyeonsung/seoul-subway/vercel-proxy/api/exits/[station].ts": {"path":"/home/hyeonsung/seoul-subway/vercel-proxy/api/exits/[station].ts","all":false,"statementMap":{"0":{"start":{"line":1,"column":0},"end":{"line":1,"column":66}},"16":{"start":{"line":17,"column":0},"end":{"line":17,"column":69}},"17":{"start":{"line":18,"column":0},"end":{"line":18,"column":42}},"18":{"start":{"line":19,"column":0},"end":{"line":19,"column":22}},"19":{"start":{"line":20,"column":0},"end":{"line":20,"column":16}},"20":{"start":{"line":21,"column":0},"end":{"line":21,"column":3}},"22":{"start":{"line":23,"column":0},"end":{"line":23,"column":10}},"23":{"start":{"line":24,"column":0},"end":{"line":24,"column":12}},"24":{"start":{"line":25,"column":0},"end":{"line":25,"column":38}},"25":{"start":{"line":26,"column":0},"end":{"line":26,"column":28}},"26":{"start":{"line":27,"column":0},"end":{"line":27,"column":30}},"27":{"start":{"line":28,"column":0},"end":{"line":28,"column":4}},"28":{"start":{"line":29,"column":0},"end":{"line":29,"column":1}},"33":{"start":{"line":34,"column":0},"end":{"line":34,"column":51}},"34":{"start":{"line":35,"column":0},"end":{"line":35,"column":32}},"35":{"start":{"line":36,"column":0},"end":{"line":36,"column":1}},"48":{"start":{"line":49,"column":0},"end":{"line":49,"column":80}},"49":{"start":{"line":50,"column":0},"end":{"line":50,"column":31}},"51":{"start":{"line":52,"column":0},"end":{"line":52,"column":33}},"52":{"start":{"line":53,"column":0},"end":{"line":53,"column":33}},"53":{"start":{"line":54,"column":0},"end":{"line":54,"column":3}},"55":{"start":{"line":56,"column":0},"end":{"line":56,"column":29}},"56":{"start":{"line":57,"column":0},"end":{"line":57,"column":98}},"57":{"start":{"line":58,"column":0},"end":{"line":58,"column":3}},"59":{"start":{"line":60,"column":0},"end":{"line":60,"column":32}},"60":{"start":{"line":61,"column":0},"end":{"line":61,"column":48}},"61":{"start":{"line":62,"column":0},"end":{"line":62,"column":32}},"62":{"start":{"line":63,"column":0},"end":{"line":63,"column":103}},"63":{"start":{"line":64,"column":0},"end":{"line":64,"column":6}},"64":{"start":{"line":65,"column":0},"end":{"line":65,"column":3}},"67":{"start":{"line":68,"column":0},"end":{"line":68,"column":50}},"68":{"start":{"line":69,"column":0},"end":{"line":69,"column":27}},"69":{"start":{"line":70,"column":0},"end":{"line":70,"column":49}},"70":{"start":{"line":71,"column":0},"end":{"line":71,"column":32}},"71":{"start":{"line":72,"column":0},"end":{"line":72,"column":68}},"72":{"start":{"line":73,"column":0},"end":{"line":73,"column":23}},"73":{"start":{"line":74,"column":0},"end":{"line":74,"column":70}},"74":{"start":{"line":75,"column":0},"end":{"line":75,"column":59}},"75":{"start":{"line":76,"column":0},"end":{"line":76,"column":8}},"76":{"start":{"line":77,"column":0},"end":{"line":77,"column":6}},"77":{"start":{"line":78,"column":0},"end":{"line":78,"column":3}},"79":{"start":{"line":80,"column":0},"end":{"line":80,"column":47}},"80":{"start":{"line":81,"column":0},"end":{"line":81,"column":14}},"82":{"start":{"line":83,"column":0},"end":{"line":83,"column":54}},"83":{"start":{"line":84,"column":0},"end":{"line":84,"column":32}},"84":{"start":{"line":85,"column":0},"end":{"line":85,"column":18}},"85":{"start":{"line":86,"column":0},"end":{"line":86,"column":35}},"86":{"start":{"line":87,"column":0},"end":{"line":87,"column":58}},"87":{"start":{"line":88,"column":0},"end":{"line":88,"column":9}},"88":{"start":{"line":89,"column":0},"end":{"line":89,"column":25}},"89":{"start":{"line":90,"column":0},"end":{"line":90,"column":28}},"90":{"start":{"line":91,"column":0},"end":{"line":91,"column":59}},"91":{"start":{"line":92,"column":0},"end":{"line":92,"column":80}},"92":{"start":{"line":93,"column":0},"end":{"line":93,"column":10}},"93":{"start":{"line":94,"column":0},"end":{"line":94,"column":35}},"94":{"start":{"line":95,"column":0},"end":{"line":95,"column":7}},"95":{"start":{"line":96,"column":0},"end":{"line":96,"column":6}},"96":{"start":{"line":97,"column":0},"end":{"line":97,"column":3}},"99":{"start":{"line":100,"column":0},"end":{"line":100,"column":82}},"101":{"start":{"line":102,"column":0},"end":{"line":102,"column":7}},"102":{"start":{"line":103,"column":0},"end":{"line":103,"column":18}},"103":{"start":{"line":104,"column":0},"end":{"line":104,"column":27}},"104":{"start":{"line":105,"column":0},"end":{"line":105,"column":23}},"105":{"start":{"line":106,"column":0},"end":{"line":106,"column":37}},"106":{"start":{"line":107,"column":0},"end":{"line":107,"column":16}},"107":{"start":{"line":108,"column":0},"end":{"line":108,"column":5}},"109":{"start":{"line":110,"column":0},"end":{"line":110,"column":36}},"110":{"start":{"line":111,"column":0},"end":{"line":111,"column":1}}},"s":{"0":1,"16":1,"17":7,"18":7,"19":1,"20":1,"22":6,"23":6,"24":6,"25":6,"26":6,"27":6,"28":6,"33":1,"34":2,"35":2,"48":0,"49":0,"51":0,"52":0,"53":0,"55":0,"56":0,"57":0,"59":0,"60":0,"61":0,"62":0,"63":0,"64":0,"67":0,"68":0,"69":0,"70":0,"71":0,"72":0,"73":0,"74":0,"75":0,"76":0,"77":0,"79":0,"80":0,"82":0,"83":0,"84":0,"85":0,"86":0,"87":0,"88":0,"89":0,"90":0,"91":0,"92":0,"93":0,"94":0,"95":0,"96":0,"99":0,"101":0,"102":0,"103":0,"104":0,"105":0,"106":0,"107":0,"109":0,"110":0},"branchMap":{"0":{"type":"branch","line":17,"loc":{"start":{"line":17,"column":7},"end":{"line":29,"column":1}},"locations":[{"start":{"line":17,"column":7},"end":{"line":29,"column":1}}]},"1":{"type":"branch","line":19,"loc":{"start":{"line":19,"column":21},"end":{"line":21,"column":3}},"locations":[{"start":{"line":19,"column":21},"end":{"line":21,"column":3}}]},"2":{"type":"branch","line":21,"loc":{"start":{"line":21,"column":2},"end":{"line":29,"column":1}},"locations":[{"start":{"line":21,"column":2},"end":{"line":29,"column":1}}]},"3":{"type":"branch","line":34,"loc":{"start":{"line":34,"column":7},"end":{"line":36,"column":1}},"locations":[{"start":{"line":34,"column":7},"end":{"line":36,"column":1}}]}},"b":{"0":[7],"1":[1],"2":[6],"3":[2]},"fnMap":{"0":{"name":"getExitsData","decl":{"start":{"line":17,"column":7},"end":{"line":29,"column":1}},"loc":{"start":{"line":17,"column":7},"end":{"line":29,"column":1}},"line":17},"1":{"name":"listAvailableStations","decl":{"start":{"line":34,"column":7},"end":{"line":36,"column":1}},"loc":{"start":{"line":34,"column":7},"end":{"line":36,"column":1}},"line":34},"2":{"name":"handler","decl":{"start":{"line":49,"column":0},"end":{"line":111,"column":1}},"loc":{"start":{"line":49,"column":0},"end":{"line":111,"column":1}},"line":49}},"f":{"0":7,"1":2,"2":0}}
,"/home/hyeonsung/seoul-subway/vercel-proxy/api/last-train/[station].ts": {"path":"/home/hyeonsung/seoul-subway/vercel-proxy/api/last-train/[station].ts","all":false,"statementMap":{"0":{"start":{"line":1,"column":0},"end":{"line":1,"column":66}},"32":{"start":{"line":33,"column":0},"end":{"line":33,"column":48}},"33":{"start":{"line":34,"column":0},"end":{"line":34,"column":25}},"35":{"start":{"line":36,"column":0},"end":{"line":36,"column":27}},"36":{"start":{"line":37,"column":0},"end":{"line":37,"column":44}},"37":{"start":{"line":38,"column":0},"end":{"line":38,"column":80}},"38":{"start":{"line":39,"column":0},"end":{"line":39,"column":31}},"40":{"start":{"line":41,"column":0},"end":{"line":41,"column":38}},"41":{"start":{"line":42,"column":0},"end":{"line":42,"column":40}},"42":{"start":{"line":43,"column":0},"end":{"line":43,"column":24}},"43":{"start":{"line":44,"column":0},"end":{"line":44,"column":1}},"48":{"start":{"line":49,"column":0},"end":{"line":49,"column":73}},"49":{"start":{"line":50,"column":0},"end":{"line":50,"column":21}},"50":{"start":{"line":51,"column":0},"end":{"line":51,"column":49}},"51":{"start":{"line":52,"column":0},"end":{"line":52,"column":51}},"52":{"start":{"line":53,"column":0},"end":{"line":53,"column":61}},"53":{"start":{"line":54,"column":0},"end":{"line":54,"column":51}},"54":{"start":{"line":55,"column":0},"end":{"line":55,"column":3}},"55":{"start":{"line":56,"column":0},"end":{"line":56,"column":1}},"60":{"start":{"line":61,"column":0},"end":{"line":61,"column":33}},"61":{"start":{"line":62,"column":0},"end":{"line":62,"column":18}},"62":{"start":{"line":63,"column":0},"end":{"line":63,"column":32}},"63":{"start":{"line":64,"column":0},"end":{"line":64,"column":22}},"64":{"start":{"line":65,"column":0},"end":{"line":65,"column":73}},"66":{"start":{"line":67,"column":0},"end":{"line":67,"column":45}},"67":{"start":{"line":68,"column":0},"end":{"line":68,"column":21}},"68":{"start":{"line":69,"column":0},"end":{"line":69,"column":60}},"69":{"start":{"line":70,"column":0},"end":{"line":70,"column":3}},"71":{"start":{"line":72,"column":0},"end":{"line":72,"column":47}},"72":{"start":{"line":73,"column":0},"end":{"line":73,"column":43}},"74":{"start":{"line":75,"column":0},"end":{"line":75,"column":49}},"76":{"start":{"line":77,"column":0},"end":{"line":77,"column":24}},"77":{"start":{"line":78,"column":0},"end":{"line":78,"column":23}},"78":{"start":{"line":79,"column":0},"end":{"line":79,"column":15}},"79":{"start":{"line":80,"column":0},"end":{"line":80,"column":48}},"80":{"start":{"line":81,"column":0},"end":{"line":81,"column":14}},"81":{"start":{"line":82,"column":0},"end":{"line":82,"column":15}},"82":{"start":{"line":83,"column":0},"end":{"line":83,"column":46}},"83":{"start":{"line":84,"column":0},"end":{"line":84,"column":14}},"84":{"start":{"line":85,"column":0},"end":{"line":85,"column":14}},"85":{"start":{"line":86,"column":0},"end":{"line":86,"column":47}},"86":{"start":{"line":87,"column":0},"end":{"line":87,"column":5}},"88":{"start":{"line":89,"column":0},"end":{"line":89,"column":42}},"90":{"start":{"line":91,"column":0},"end":{"line":91,"column":31}},"92":{"start":{"line":93,"column":0},"end":{"line":93,"column":77}},"93":{"start":{"line":94,"column":0},"end":{"line":94,"column":40}},"95":{"start":{"line":96,"column":0},"end":{"line":96,"column":77}},"96":{"start":{"line":97,"column":0},"end":{"line":97,"column":7}},"98":{"start":{"line":99,"column":0},"end":{"line":99,"column":23}},"99":{"start":{"line":100,"column":0},"end":{"line":100,"column":44}},"100":{"start":{"line":101,"column":0},"end":{"line":101,"column":49}},"101":{"start":{"line":102,"column":0},"end":{"line":102,"column":25}},"102":{"start":{"line":103,"column":0},"end":{"line":103,"column":31}},"103":{"start":{"line":104,"column":0},"end":{"line":104,"column":33}},"104":{"start":{"line":105,"column":0},"end":{"line":105,"column":32}},"105":{"start":{"line":106,"column":0},"end":{"line":106,"column":36}},"106":{"start":{"line":107,"column":0},"end":{"line":107,"column":39}},"107":{"start":{"line":108,"column":0},"end":{"line":108,"column":43}},"108":{"start":{"line":109,"column":0},"end":{"line":109,"column":9}},"109":{"start":{"line":110,"column":0},"end":{"line":110,"column":5}},"110":{"start":{"line":111,"column":0},"end":{"line":111,"column":3}},"112":{"start":{"line":113,"column":0},"end":{"line":113,"column":10}},"113":{"start":{"line":114,"column":0},"end":{"line":114,"column":12}},"114":{"start":{"line":115,"column":0},"end":{"line":115,"column":37}},"115":{"start":{"line":116,"column":0},"end":{"line":116,"column":15}},"116":{"start":{"line":117,"column":0},"end":{"line":117,"column":4}},"117":{"start":{"line":118,"column":0},"end":{"line":118,"column":1}},"124":{"start":{"line":125,"column":0},"end":{"line":125,"column":80}},"125":{"start":{"line":126,"column":0},"end":{"line":126,"column":31}},"127":{"start":{"line":128,"column":0},"end":{"line":128,"column":33}},"128":{"start":{"line":129,"column":0},"end":{"line":129,"column":33}},"129":{"start":{"line":130,"column":0},"end":{"line":130,"column":3}},"131":{"start":{"line":132,"column":0},"end":{"line":132,"column":29}},"132":{"start":{"line":133,"column":0},"end":{"line":133,"column":98}},"133":{"start":{"line":134,"column":0},"end":{"line":134,"column":3}},"135":{"start":{"line":136,"column":0},"end":{"line":136,"column":32}},"136":{"start":{"line":137,"column":0},"end":{"line":137,"column":48}},"137":{"start":{"line":138,"column":0},"end":{"line":138,"column":32}},"138":{"start":{"line":139,"column":0},"end":{"line":139,"column":103}},"139":{"start":{"line":140,"column":0},"end":{"line":140,"column":6}},"140":{"start":{"line":141,"column":0},"end":{"line":141,"column":3}},"143":{"start":{"line":144,"column":0},"end":{"line":144,"column":50}},"144":{"start":{"line":145,"column":0},"end":{"line":145,"column":27}},"145":{"start":{"line":146,"column":0},"end":{"line":146,"column":49}},"146":{"start":{"line":147,"column":0},"end":{"line":147,"column":32}},"147":{"start":{"line":148,"column":0},"end":{"line":148,"column":68}},"148":{"start":{"line":149,"column":0},"end":{"line":149,"column":23}},"149":{"start":{"line":150,"column":0},"end":{"line":150,"column":70}},"150":{"start":{"line":151,"column":0},"end":{"line":151,"column":59}},"151":{"start":{"line":152,"column":0},"end":{"line":152,"column":8}},"152":{"start":{"line":153,"column":0},"end":{"line":153,"column":6}},"153":{"start":{"line":154,"column":0},"end":{"line":154,"column":3}},"156":{"start":{"line":157,"column":0},"end":{"line":157,"column":45}},"157":{"start":{"line":158,"column":0},"end":{"line":158,"column":53}},"158":{"start":{"line":159,"column":0},"end":{"line":159,"column":32}},"159":{"start":{"line":160,"column":0},"end":{"line":160,"column":99}},"160":{"start":{"line":161,"column":0},"end":{"line":161,"column":23}},"161":{"start":{"line":162,"column":0},"end":{"line":162,"column":38}},"162":{"start":{"line":163,"column":0},"end":{"line":163,"column":58}},"163":{"start":{"line":164,"column":0},"end":{"line":164,"column":69}},"164":{"start":{"line":165,"column":0},"end":{"line":165,"column":8}},"165":{"start":{"line":166,"column":0},"end":{"line":166,"column":6}},"166":{"start":{"line":167,"column":0},"end":{"line":167,"column":3}},"168":{"start":{"line":169,"column":0},"end":{"line":169,"column":7}},"169":{"start":{"line":170,"column":0},"end":{"line":170,"column":46}},"171":{"start":{"line":172,"column":0},"end":{"line":172,"column":54}},"172":{"start":{"line":173,"column":0},"end":{"line":173,"column":80}},"173":{"start":{"line":174,"column":0},"end":{"line":174,"column":96}},"174":{"start":{"line":175,"column":0},"end":{"line":175,"column":7}},"177":{"start":{"line":178,"column":0},"end":{"line":178,"column":84}},"179":{"start":{"line":180,"column":0},"end":{"line":180,"column":9}},"180":{"start":{"line":181,"column":0},"end":{"line":181,"column":20}},"181":{"start":{"line":182,"column":0},"end":{"line":182,"column":34}},"182":{"start":{"line":183,"column":0},"end":{"line":183,"column":25}},"183":{"start":{"line":184,"column":0},"end":{"line":184,"column":39}},"184":{"start":{"line":185,"column":0},"end":{"line":185,"column":18}},"185":{"start":{"line":186,"column":0},"end":{"line":186,"column":7}},"187":{"start":{"line":188,"column":0},"end":{"line":188,"column":38}},"188":{"start":{"line":189,"column":0},"end":{"line":189,"column":19}},"189":{"start":{"line":190,"column":0},"end":{"line":190,"column":82}},"191":{"start":{"line":192,"column":0},"end":{"line":192,"column":9}},"192":{"start":{"line":193,"column":0},"end":{"line":193,"column":21}},"193":{"start":{"line":194,"column":0},"end":{"line":194,"column":34}},"194":{"start":{"line":195,"column":0},"end":{"line":195,"column":25}},"195":{"start":{"line":196,"column":0},"end":{"line":196,"column":39}},"196":{"start":{"line":197,"column":0},"end":{"line":197,"column":26}},"197":{"start":{"line":198,"column":0},"end":{"line":198,"column":7}},"199":{"start":{"line":200,"column":0},"end":{"line":200,"column":32}},"200":{"start":{"line":201,"column":0},"end":{"line":201,"column":83}},"201":{"start":{"line":202,"column":0},"end":{"line":202,"column":6}},"202":{"start":{"line":203,"column":0},"end":{"line":203,"column":3}},"203":{"start":{"line":204,"column":0},"end":{"line":204,"column":1}}},"s":{"0":1,"32":4,"33":4,"35":4,"36":4,"37":4,"38":4,"40":4,"41":4,"42":1,"43":1,"48":12,"49":12,"50":12,"51":12,"52":12,"53":12,"54":12,"55":12,"60":1,"61":13,"62":13,"63":13,"64":13,"66":13,"67":13,"68":1,"69":1,"71":12,"72":12,"74":13,"76":26,"77":26,"78":26,"79":4,"80":4,"81":26,"82":4,"83":4,"84":26,"85":18,"86":26,"88":26,"90":50,"92":4,"93":50,"95":4,"96":4,"98":46,"99":46,"100":46,"101":46,"102":46,"103":46,"104":46,"105":46,"106":46,"107":46,"108":46,"109":46,"110":26,"112":12,"113":12,"114":12,"115":12,"116":12,"117":12,"124":0,"125":0,"127":0,"128":0,"129":0,"131":0,"132":0,"133":0,"135":0,"136":0,"137":0,"138":0,"139":0,"140":0,"143":0,"144":0,"145":0,"146":0,"147":0,"148":0,"149":0,"150":0,"151":0,"152":0,"153":0,"156":0,"157":0,"158":0,"159":0,"160":0,"161":0,"162":0,"163":0,"164":0,"165":0,"166":0,"168":0,"169":0,"171":0,"172":0,"173":0,"174":0,"177":0,"179":0,"180":0,"181":0,"182":0,"183":0,"184":0,"185":0,"187":0,"188":0,"189":0,"191":0,"192":0,"193":0,"194":0,"195":0,"196":0,"197":0,"199":0,"200":0,"201":0,"202":0,"203":0},"branchMap":{"0":{"type":"branch","line":33,"loc":{"start":{"line":33,"column":0},"end":{"line":44,"column":1}},"locations":[{"start":{"line":33,"column":0},"end":{"line":44,"column":1}}]},"1":{"type":"branch","line":41,"loc":{"start":{"line":41,"column":17},"end":{"line":42,"column":24}},"locations":[{"start":{"line":41,"column":17},"end":{"line":42,"column":24}}]},"2":{"type":"branch","line":42,"loc":{"start":{"line":42,"column":17},"end":{"line":44,"column":1}},"locations":[{"start":{"line":42,"column":17},"end":{"line":44,"column":1}}]},"3":{"type":"branch","line":49,"loc":{"start":{"line":49,"column":0},"end":{"line":56,"column":1}},"locations":[{"start":{"line":49,"column":0},"end":{"line":56,"column":1}}]},"4":{"type":"branch","line":51,"loc":{"start":{"line":51,"column":4},"end":{"line":51,"column":49}},"locations":[{"start":{"line":51,"column":4},"end":{"line":51,"column":49}}]},"5":{"type":"branch","line":52,"loc":{"start":{"line":52,"column":4},"end":{"line":52,"column":51}},"locations":[{"start":{"line":52,"column":4},"end":{"line":52,"column":51}}]},"6":{"type":"branch","line":53,"loc":{"start":{"line":53,"column":4},"end":{"line":53,"column":61}},"locations":[{"start":{"line":53,"column":4},"end":{"line":53,"column":61}}]},"7":{"type":"branch","line":54,"loc":{"start":{"line":54,"column":4},"end":{"line":54,"column":51}},"locations":[{"start":{"line":54,"column":4},"end":{"line":54,"column":51}}]},"8":{"type":"branch","line":61,"loc":{"start":{"line":61,"column":7},"end":{"line":118,"column":1}},"locations":[{"start":{"line":61,"column":7},"end":{"line":118,"column":1}}]},"9":{"type":"branch","line":68,"loc":{"start":{"line":68,"column":20},"end":{"line":70,"column":3}},"locations":[{"start":{"line":68,"column":20},"end":{"line":70,"column":3}}]},"10":{"type":"branch","line":70,"loc":{"start":{"line":70,"column":2},"end":{"line":75,"column":48}},"locations":[{"start":{"line":70,"column":2},"end":{"line":75,"column":48}}]},"11":{"type":"branch","line":75,"loc":{"start":{"line":75,"column":48},"end":{"line":111,"column":3}},"locations":[{"start":{"line":75,"column":48},"end":{"line":111,"column":3}}]},"12":{"type":"branch","line":79,"loc":{"start":{"line":79,"column":6},"end":{"line":81,"column":14}},"locations":[{"start":{"line":79,"column":6},"end":{"line":81,"column":14}}]},"13":{"type":"branch","line":82,"loc":{"start":{"line":82,"column":6},"end":{"line":84,"column":14}},"locations":[{"start":{"line":82,"column":6},"end":{"line":84,"column":14}}]},"14":{"type":"branch","line":85,"loc":{"start":{"line":85,"column":6},"end":{"line":86,"column":47}},"locations":[{"start":{"line":85,"column":6},"end":{"line":86,"column":47}}]},"15":{"type":"branch","line":89,"loc":{"start":{"line":89,"column":41},"end":{"line":110,"column":5}},"locations":[{"start":{"line":89,"column":41},"end":{"line":110,"column":5}}]},"16":{"type":"branch","line":91,"loc":{"start":{"line":91,"column":30},"end":{"line":94,"column":17}},"locations":[{"start":{"line":91,"column":30},"end":{"line":94,"column":17}}]},"17":{"type":"branch","line":93,"loc":{"start":{"line":93,"column":32},"end":{"line":93,"column":68}},"locations":[{"start":{"line":93,"column":32},"end":{"line":93,"column":68}}]},"18":{"type":"branch","line":93,"loc":{"start":{"line":93,"column":68},"end":{"line":93,"column":77}},"locations":[{"start":{"line":93,"column":68},"end":{"line":93,"column":77}}]},"19":{"type":"branch","line":94,"loc":{"start":{"line":94,"column":6},"end":{"line":110,"column":5}},"locations":[{"start":{"line":94,"column":6},"end":{"line":110,"column":5}}]},"20":{"type":"branch","line":94,"loc":{"start":{"line":94,"column":39},"end":{"line":97,"column":7}},"locations":[{"start":{"line":94,"column":39},"end":{"line":97,"column":7}}]},"21":{"type":"branch","line":96,"loc":{"start":{"line":96,"column":32},"end":{"line":96,"column":68}},"locations":[{"start":{"line":96,"column":32},"end":{"line":96,"column":68}}]},"22":{"type":"branch","line":96,"loc":{"start":{"line":96,"column":68},"end":{"line":96,"column":77}},"locations":[{"start":{"line":96,"column":68},"end":{"line":96,"column":77}}]},"23":{"type":"branch","line":111,"loc":{"start":{"line":111,"column":2},"end":{"line":118,"column":1}},"locations":[{"start":{"line":111,"column":2},"end":{"line":118,"column":1}}]}},"b":{"0":[4],"1":[2],"2":[1],"3":[12],"4":[8],"5":[2],"6":[2],"7":[0],"8":[13],"9":[1],"10":[12],"11":[26],"12":[4],"13":[4],"14":[18],"15":[50],"16":[4],"17":[3],"18":[2],"19":[46],"20":[4],"21":[3],"22":[2],"23":[12]},"fnMap":{"0":{"name":"getCurrentWeekType","decl":{"start":{"line":33,"column":0},"end":{"line":44,"column":1}},"loc":{"start":{"line":33,"column":0},"end":{"line":44,"column":1}},"line":33},"1":{"name":"getWeekTypeLabel","decl":{"start":{"line":49,"column":0},"end":{"line":56,"column":1}},"loc":{"start":{"line":49,"column":0},"end":{"line":56,"column":1}},"line":49},"2":{"name":"getLastTrainData","decl":{"start":{"line":61,"column":7},"end":{"line":118,"column":1}},"loc":{"start":{"line":61,"column":7},"end":{"line":118,"column":1}},"line":61},"3":{"name":"handler","decl":{"start":{"line":125,"column":0},"end":{"line":204,"column":1}},"loc":{"start":{"line":125,"column":0},"end":{"line":204,"column":1}},"line":125}},"f":{"0":4,"1":12,"2":13,"3":0}}
,"/home/hyeonsung/seoul-subway/vercel-proxy/api/quick-exit/[station].ts": {"path":"/home/hyeonsung/seoul-subway/vercel-proxy/api/quick-exit/[station].ts","all":false,"statementMap":{"0":{"start":{"line":1,"column":0},"end":{"line":1,"column":66}},"11":{"start":{"line":12,"column":0},"end":{"line":12,"column":51}},"16":{"start":{"line":17,"column":0},"end":{"line":17,"column":34}},"17":{"start":{"line":18,"column":0},"end":{"line":18,"column":18}},"18":{"start":{"line":19,"column":0},"end":{"line":19,"column":16}},"19":{"start":{"line":20,"column":0},"end":{"line":20,"column":27}},"20":{"start":{"line":21,"column":0},"end":{"line":21,"column":33}},"21":{"start":{"line":22,"column":0},"end":{"line":22,"column":12}},"22":{"start":{"line":23,"column":0},"end":{"line":23,"column":39}},"23":{"start":{"line":24,"column":0},"end":{"line":24,"column":19}},"24":{"start":{"line":25,"column":0},"end":{"line":25,"column":4}},"26":{"start":{"line":27,"column":0},"end":{"line":27,"column":7}},"27":{"start":{"line":28,"column":0},"end":{"line":28,"column":64}},"28":{"start":{"line":29,"column":0},"end":{"line":29,"column":79}},"29":{"start":{"line":30,"column":0},"end":{"line":30,"column":36}},"31":{"start":{"line":32,"column":0},"end":{"line":32,"column":39}},"34":{"start":{"line":35,"column":0},"end":{"line":35,"column":49}},"35":{"start":{"line":36,"column":0},"end":{"line":36,"column":44}},"36":{"start":{"line":37,"column":0},"end":{"line":37,"column":47}},"37":{"start":{"line":38,"column":0},"end":{"line":38,"column":39}},"38":{"start":{"line":39,"column":0},"end":{"line":39,"column":37}},"39":{"start":{"line":40,"column":0},"end":{"line":40,"column":5}},"42":{"start":{"line":43,"column":0},"end":{"line":43,"column":85}},"43":{"start":{"line":44,"column":0},"end":{"line":44,"column":52}},"44":{"start":{"line":45,"column":0},"end":{"line":45,"column":58}},"45":{"start":{"line":46,"column":0},"end":{"line":46,"column":63}},"46":{"start":{"line":47,"column":0},"end":{"line":47,"column":63}},"47":{"start":{"line":48,"column":0},"end":{"line":48,"column":72}},"48":{"start":{"line":49,"column":0},"end":{"line":49,"column":72}},"49":{"start":{"line":50,"column":0},"end":{"line":50,"column":98}},"50":{"start":{"line":51,"column":0},"end":{"line":51,"column":79}},"51":{"start":{"line":52,"column":0},"end":{"line":52,"column":63}},"52":{"start":{"line":53,"column":0},"end":{"line":53,"column":69}},"53":{"start":{"line":54,"column":0},"end":{"line":54,"column":76}},"54":{"start":{"line":55,"column":0},"end":{"line":55,"column":76}},"55":{"start":{"line":56,"column":0},"end":{"line":56,"column":69}},"57":{"start":{"line":58,"column":0},"end":{"line":58,"column":72}},"58":{"start":{"line":59,"column":0},"end":{"line":59,"column":59}},"59":{"start":{"line":60,"column":0},"end":{"line":60,"column":66}},"60":{"start":{"line":61,"column":0},"end":{"line":61,"column":69}},"61":{"start":{"line":62,"column":0},"end":{"line":62,"column":69}},"62":{"start":{"line":63,"column":0},"end":{"line":63,"column":73}},"63":{"start":{"line":64,"column":0},"end":{"line":64,"column":76}},"64":{"start":{"line":65,"column":0},"end":{"line":65,"column":65}},"65":{"start":{"line":66,"column":0},"end":{"line":66,"column":8}},"68":{"start":{"line":69,"column":0},"end":{"line":69,"column":69}},"69":{"start":{"line":70,"column":0},"end":{"line":70,"column":19}},"70":{"start":{"line":71,"column":0},"end":{"line":71,"column":60}},"71":{"start":{"line":72,"column":0},"end":{"line":72,"column":3}},"73":{"start":{"line":74,"column":0},"end":{"line":74,"column":16}},"74":{"start":{"line":75,"column":0},"end":{"line":75,"column":1}},"85":{"start":{"line":86,"column":0},"end":{"line":86,"column":80}},"86":{"start":{"line":87,"column":0},"end":{"line":87,"column":31}},"88":{"start":{"line":89,"column":0},"end":{"line":89,"column":33}},"89":{"start":{"line":90,"column":0},"end":{"line":90,"column":33}},"90":{"start":{"line":91,"column":0},"end":{"line":91,"column":3}},"92":{"start":{"line":93,"column":0},"end":{"line":93,"column":29}},"93":{"start":{"line":94,"column":0},"end":{"line":94,"column":98}},"94":{"start":{"line":95,"column":0},"end":{"line":95,"column":3}},"96":{"start":{"line":97,"column":0},"end":{"line":97,"column":32}},"97":{"start":{"line":98,"column":0},"end":{"line":98,"column":48}},"98":{"start":{"line":99,"column":0},"end":{"line":99,"column":32}},"99":{"start":{"line":100,"column":0},"end":{"line":100,"column":103}},"100":{"start":{"line":101,"column":0},"end":{"line":101,"column":6}},"101":{"start":{"line":102,"column":0},"end":{"l
[...]
way/vercel-proxy/lib/validation.ts","all":false,"statementMap":{"0":{"start":{"line":1,"column":0},"end":{"line":1,"column":51}},"14":{"start":{"line":15,"column":0},"end":{"line":15,"column":71}},"16":{"start":{"line":17,"column":0},"end":{"line":17,"column":46}},"17":{"start":{"line":18,"column":0},"end":{"line":18,"column":12}},"18":{"start":{"line":19,"column":0},"end":{"line":19,"column":19}},"19":{"start":{"line":20,"column":0},"end":{"line":20,"column":40}},"20":{"start":{"line":21,"column":0},"end":{"line":21,"column":29}},"21":{"start":{"line":22,"column":0},"end":{"line":22,"column":6}},"22":{"start":{"line":23,"column":0},"end":{"line":23,"column":3}},"25":{"start":{"line":26,"column":0},"end":{"line":26,"column":34}},"26":{"start":{"line":27,"column":0},"end":{"line":27,"column":12}},"27":{"start":{"line":28,"column":0},"end":{"line":28,"column":19}},"28":{"start":{"line":29,"column":0},"end":{"line":29,"column":45}},"29":{"start":{"line":30,"column":0},"end":{"line":30,"column":34}},"30":{"start":{"line":31,"column":0},"end":{"line":31,"column":6}},"31":{"start":{"line":32,"column":0},"end":{"line":32,"column":3}},"34":{"start":{"line":35,"column":0},"end":{"line":35,"column":31}},"37":{"start":{"line":38,"column":0},"end":{"line":38,"column":29}},"38":{"start":{"line":39,"column":0},"end":{"line":39,"column":12}},"39":{"start":{"line":40,"column":0},"end":{"line":40,"column":19}},"40":{"start":{"line":41,"column":0},"end":{"line":41,"column":44}},"41":{"start":{"line":42,"column":0},"end":{"line":42,"column":36}},"42":{"start":{"line":43,"column":0},"end":{"line":43,"column":6}},"43":{"start":{"line":44,"column":0},"end":{"line":44,"column":3}},"46":{"start":{"line":47,"column":0},"end":{"line":47,"column":67}},"47":{"start":{"line":48,"column":0},"end":{"line":48,"column":12}},"48":{"start":{"line":49,"column":0},"end":{"line":49,"column":19}},"49":{"start":{"line":50,"column":0},"end":{"line":50,"column":103}},"50":{"start":{"line":51,"column":0},"end":{"line":51,"column":82}},"51":{"start":{"line":52,"column":0},"end":{"line":52,"column":6}},"52":{"start":{"line":53,"column":0},"end":{"line":53,"column":3}},"55":{"start":{"line":56,"column":0},"end":{"line":56,"column":67}},"56":{"start":{"line":57,"column":0},"end":{"line":57,"column":12}},"57":{"start":{"line":58,"column":0},"end":{"line":58,"column":19}},"58":{"start":{"line":59,"column":0},"end":{"line":59,"column":100}},"59":{"start":{"line":60,"column":0},"end":{"line":60,"column":80}},"60":{"start":{"line":61,"column":0},"end":{"line":61,"column":6}},"61":{"start":{"line":62,"column":0},"end":{"line":62,"column":3}},"64":{"start":{"line":65,"column":0},"end":{"line":65,"column":63}},"65":{"start":{"line":66,"column":0},"end":{"line":66,"column":12}},"66":{"start":{"line":67,"column":0},"end":{"line":67,"column":19}},"67":{"start":{"line":68,"column":0},"end":{"line":68,"column":56}},"68":{"start":{"line":69,"column":0},"end":{"line":69,"column":45}},"69":{"start":{"line":70,"column":0},"end":{"line":70,"column":6}},"70":{"start":{"line":71,"column":0},"end":{"line":71,"column":3}},"72":{"start":{"line":73,"column":0},"end":{"line":73,"column":10}},"73":{"start":{"line":74,"column":0},"end":{"line":74,"column":16}},"74":{"start":{"line":75,"column":0},"end":{"line":75,"column":23}},"75":{"start":{"line":76,"column":0},"end":{"line":76,"column":4}},"76":{"start":{"line":77,"column":0},"end":{"line":77,"column":1}},"85":{"start":{"line":86,"column":0},"end":{"line":86,"column":35}},"86":{"start":{"line":87,"column":0},"end":{"line":87,"column":17}},"87":{"start":{"line":88,"column":0},"end":{"line":88,"column":15}},"88":{"start":{"line":89,"column":0},"end":{"line":89,"column":70}},"89":{"start":{"line":90,"column":0},"end":{"line":90,"column":85}},"90":{"start":{"line":91,"column":0},"end":{"line":91,"column":118}},"91":{"start":{"line":92,"column":0},"end":{"line":92,"column":108}},"93":{"start":{"line":94,"column":0},"end":{"line":94,"column":41}},"94":{"start":{"line":95,"column":0},"end":{"line":95,"column":12}},"95":{"start":{"line":96,"column":0},"end":{"line":96,"column":28}},"96":{"start":{"line":97,"column":0},"end":{"line":97,"column":24}},"97":{"start":{"line":98,"column":0},"end":{"line":98,"column":19}},"98":{"start":{"line":99,"column":0},"end":{"line":99,"column":59}},"99":{"start":{"line":100,"column":0},"end":{"line":100,"column":40}},"100":{"start":{"line":101,"column":0},"end":{"line":101,"column":6}},"101":{"start":{"line":102,"column":0},"end":{"line":102,"column":3}},"103":{"start":{"line":104,"column":0},"end":{"line":104,"column":35}},"104":{"start":{"line":105,"column":0},"end":{"line":105,"column":12}},"105":{"start":{"line":106,"column":0},"end":{"line":106,"column":28}},"106":{"start":{"line":107,"column":0},"end":{"line":107,"column":24}},"107":{"start":{"line":108,"column":0},"end":{"line":108,"column":19}},"108":{"start":{"line":109,"column":0},"end":{"line":109,"column":56}},"109":{"start":{"line":110,"column":0},"end":{"line":110,"column":40}},"110":{"start":{"line":111,"column":0},"end":{"line":111,"column":6}},"111":{"start":{"line":112,"column":0},"end":{"line":112,"column":3}},"113":{"start":{"line":114,"column":0},"end":{"line":114,"column":26}},"114":{"start":{"line":115,"column":0},"end":{"line":115,"column":12}},"115":{"start":{"line":116,"column":0},"end":{"line":116,"column":28}},"116":{"start":{"line":117,"column":0},"end":{"line":117,"column":24}},"117":{"start":{"line":118,"column":0},"end":{"line":118,"column":19}},"118":{"start":{"line":119,"column":0},"end":{"line":119,"column":60}},"119":{"start":{"line":120,"column":0},"end":{"line":120,"column":42}},"120":{"start":{"line":121,"column":0},"end":{"line":121,"column":6}},"121":{"start":{"line":122,"column":0},"end":{"line":122,"column":3}},"123":{"start":{"line":124,"column":0},"end":{"line":124,"column":10}},"124":{"start":{"line":125,"column":0},"end":{"line":125,"column":28}},"125":{"start":{"line":126,"column":0},"end":{"line":126,"column":24}},"126":{"start":{"line":127,"column":0},"end":{"line":127,"column":16}},"127":{"start":{"line":128,"column":0},"end":{"line":128,"column":4}},"128":{"start":{"line":129,"column":0},"end":{"line":129,"column":1}},"135":{"start":{"line":136,"column":0},"end":{"line":136,"column":68}},"136":{"start":{"line":137,"column":0},"end":{"line":137,"column":46}},"138":{"start":{"line":139,"column":0},"end":{"line":139,"column":27}},"139":{"start":{"line":140,"column":0},"end":{"line":140,"column":3}},"141":{"start":{"line":142,"column":0},"end":{"line":142,"column":34}},"142":{"start":{"line":143,"column":0},"end":{"line":143,"column":12}},"143":{"start":{"line":144,"column":0},"end":{"line":144,"column":19}},"144":{"start":{"line":145,"column":0},"end":{"line":145,"column":42}},"145":{"start":{"line":146,"column":0},"end":{"line":146,"column":35}},"146":{"start":{"line":147,"column":0},"end":{"line":147,"column":6}},"147":{"start":{"line":148,"column":0},"end":{"line":148,"column":3}},"149":{"start":{"line":150,"column":0},"end":{"line":150,"column":31}},"151":{"start":{"line":152,"column":0},"end":{"line":152,"column":29}},"153":{"start":{"line":154,"column":0},"end":{"line":154,"column":27}},"154":{"start":{"line":155,"column":0},"end":{"line":155,"column":3}},"156":{"start":{"line":157,"column":0},"end":{"line":157,"column":28}},"157":{"start":{"line":158,"column":0},"end":{"line":158,"column":12}},"158":{"start":{"line":159,"column":0},"end":{"line":159,"column":19}},"159":{"start":{"line":160,"column":0},"end":{"line":160,"column":37}},"160":{"start":{"line":161,"column":0},"end":{"line":161,"column":31}},"161":{"start":{"line":162,"column":0},"end":{"line":162,"column":6}},"162":{"start":{"line":163,"column":0},"end":{"line":163,"column":3}},"164":{"start":{"line":165,"column":0},"end":{"line":165,"column":10}},"165":{"start":{"line":166,"column":0},"end":{"line":166,"column":16}},"166":{"start":{"line":167,"column":0},"end":{"line":167,"column":23}},"167":{"start":{"line":168,"column":0},"end":{"line":168,"column":4}},"168":{"start":{"line":169,"column":0},"end":{"line":169,"column":1}}},"s":{"0":1,"14":1,"16":13,"17":2,"18":2,"19":2,"20":2,"21":2,"22":2,"25":13,"26":1,"27":1,"28":1,"29":1,"30":1,"31":1,"34":10,"37":13,"38":2,"39":2,"40":2,"41":2,"42":2,"43":2,"46":13,"47":0,"48":0,"49":0,"50":0,"51":0,"52":0,"55":13,"56":1,"57":1,"58":1,"59":1,"60":1,"61":1,"64":13,"65":2,"66":2,"67":2,"68":2,"69":2,"70":2,"72":5,"73":5,"74":5,"75":5,"76":5,"85":1,"86":7,"87":7,"88":7,"89":7,"90":7,"91":7,"93":7,"94":1,"95":1,"96":1,"97":1,"98":1,"99":1,"100":1,"101":1,"103":7,"104":1,"105":1,"106":1,"107":1,"108":1,"109":1,"110":1,"111":1,"113":7,"114":1,"115":1,"116":1,"117":1,"118":1,"119":1,"120":1,"121":1,"123":4,"124":4,"125":4,"126":4,"127":4,"128":4,"135":1,"136":7,"138":2,"139":2,"141":7,"142":1,"143":1,"144":1,"145":1,"146":1,"147":1,"149":4,"151":7,"153":1,"154":1,"156":7,"157":1,"158":1,"159":1,"160":1,"161":1,"162":1,"164":2,"165":2,"166":2,"167":2,"168":2},"branchMap":{"0":{"type":"branch","line":15,"loc":{"start":{"line":15,"column":7},"end":{"line":77,"column":1}},"locations":[{"start":{"line":15,"column":7},"end":{"line":77,"column":1}}]},"1":{"type":"branch","line":17,"loc":{"start":{"line":17,"column":16},"end":{"line":17,"column":45}},"locations":[{"start":{"line":17,"column":16},"end":{"line":17,"column":45}}]},"2":{"type":"branch","line":17,"loc":{"start":{"line":17,"column":45},"end":{"line":23,"column":3}},"locations":[{"start":{"line":17,"column":45},"end":{"line":23,"column":3}}]},"3":{"type":"branch","line":23,"loc":{"start":{"line":23,"column":2},"end":{"line":26,"column":33}},"locations":[{"start":{"line":23,"column":2},"end":{"line":26,"column":33}}]},"4":{"type":"branch","line":26,"loc":{"start":{"line":26,"column":33},"end":{"line":32,"column":3}},"locations":[{"start":{"line":26,"column":33},"end":{"line":32,"column":3}}]},"5":{"type":"branch","line":32,"loc":{"start":{"line":32,"column":2},"end":{"line":38,"column":28}},"locations":[{"start":{"line":32,"column":2},"end":{"line":38,"column":28}}]},"6":{"type":"branch","line":38,"loc":{"start":{"line":38,"column":28},"end":{"line":44,"column":3}},"locations":[{"start":{"line":38,"column":28},"end":{"line":44,"column":3}}]},"7":{"type":"branch","line":44,"loc":{"start":{"line":44,"column":2},"end":{"line":47,"column":66}},"locations":[{"start":{"line":44,"column":2},"end":{"line":47,"column":66}}]},"8":{"type":"branch","line":47,"loc":{"start":{"line":47,"column":66},"end":{"line":53,"column":3}},"locations":[{"start":{"line":47,"column":66},"end":{"line":53,"column":3}}]},"9":{"type":"branch","line":53,"loc":{"start":{"line":53,"column":2},"end":{"line":56,"column":66}},"locations":[{"start":{"line":53,"column":2},"end":{"line":56,"column":66}}]},"10":{"type":"branch","line":56,"loc":{"start":{"line":56,"column":66},"end":{"line":62,"column":3}},"locations":[{"start":{"line":56,"column":66},"end":{"line":62,"column":3}}]},"11":{"type":"branch","line":62,"loc":{"start":{"line":62,"column":2},"end":{"line":65,"column":62}},"locations":[{"start":{"line":62,"column":2},"end":{"line":65,"column":62}}]},"12":{"type":"branch","line":65,"loc":{"start":{"line":65,"column":62},"end":{"line":71,"column":3}},"locations":[{"start":{"line":65,"column":62},"end":{"line":71,"column":3}}]},"13":{"type":"branch","line":71,"loc":{"start":{"line":71,"column":2},"end":{"line":77,"column":1}},"locations":[{"start":{"line":71,"column":2},"end":{"line":77,"column":1}}]},"14":{"type":"branch","line":86,"loc":{"start":{"line":86,"column":7},"end":{"line":129,"column":1}},"locations":[{"start":{"line":86,"column":7},"end":{"line":129,"column":1}}]},"15":{"type":"branch","line":91,"loc":{"start":{"line":91,"column":29},"end":{"line":91,"column":59}},"locations":[{"start":{"line":91,"column":29},"end":{"line":91,"column":59}}]},"16":{"type":"branch","line":91,"loc":{"start":{"line":91,"column":52},"end":{"line":91,"column":89}},"locations":[{"start":{"line":91,"column":52},"end":{"line":91,"column":89}}]},"17":{"type":"branch","line":91,"loc":{"start":{"line":91,"column":85},"end":{"line":91,"column":118}},"locations":[{"start":{"line":91,"column":85},"end":{"line":91,"column":118}}]},"18":{"type":"branch","line":92,"loc":{"start":{"line":92,"column":25},"end":{"line":92,"column":53}},"locations":[{"start":{"line":92,"column":25},"end":{"line":92,"column":53}}]},"19":{"type":"branch","line":92,"loc":{"start":{"line":92,"column":46},"end":{"line":92,"column":81}},"locations":[{"start":{"line":92,"column":46},"end":{"line":92,"column":81}}]},"20":{"type":"branch","line":92,"loc":{"start":{"line":92,"column":77},"end":{"line":92,"column":108}},"locations":[{"start":{"line":92,"column":77},"end":{"line":92,"column":108}}]},"21":{"type":"branch","line":94,"loc":{"start":{"line":94,"column":20},"end":{"line":94,"column":40}},"locations":[{"start":{"line":94,"column":20},"end":{"line":94,"column":40}}]},"22":{"type":"branch","line":94,"loc":{"start":{"line":94,"column":40},"end":{"line":102,"column":3}},"locations":[{"start":{"line":94,"column":40},"end":{"line":102,"column":3}}]},"23":{"type":"branch","line":102,"loc":{"start":{"line":102,"column":2},"end":{"line":104,"column":22}},"locations":[{"start":{"line":102,"column":2},"end":{"line":104,"column":22}}]},"24":{"type":"branch","line":104,"loc":{"start":{"line":104,"column":17},"end":{"line":104,"column":34}},"locations":[{"start":{"line":104,"column":17},"end":{"line":104,"column":34}}]},"25":{"type":"branch","line":104,"loc":{"start":{"line":104,"column":34},"end":{"line":112,"column":3}},"locations":[{"start":{"line":104,"column":34},"end":{"line":112,"column":3}}]},"26":{"type":"branch","line":112,"loc":{"start":{"line":112,"column":2},"end":{"line":114,"column":25}},"locations":[{"start":{"line":112,"column":2},"end":{"line":114,"column":25}}]},"27":{"type":"branch","line":114,"loc":{"start":{"line":114,"column":25},"end":{"line":122,"column":3}},"locations":[{"start":{"line":114,"column":25},"end":{"line":122,"column":3}}]},"28":{"type":"branch","line":122,"loc":{"start":{"line":122,"column":2},"end":{"line":129,"column":1}},"locations":[{"start":{"line":122,"column":2},"end":{"line":129,"column":1}}]},"29":{"type":"branch","line":136,"loc":{"start":{"line":136,"column":7},"end":{"line":169,"column":1}},"locations":[{"start":{"line":136,"column":7},"end":{"line":169,"column":1}}]},"30":{"type":"branch","line":137,"loc":{"start":{"line":137,"column":16},"end":{"line":137,"column":45}},"locations":[{"start":{"line":137,"column":16},"end":{"line":137,"column":45}}]},"31":{"type":"branch","line":137,"loc":{"start":{"line":137,"column":45},"end":{"line":140,"column":3}},"locations":[{"start":{"line":137,"column":45},"end":{"line":140,"column":3}}]},"32":{"type":"branch","line":140,"loc":{"start":{"line":140,"column":2},"end":{"line":142,"column":33}},"locations":[{"start":{"line":140,"column":2},"end":{"line":142,"column":33}}]},"33":{"type":"branch","line":142,"loc":{"start":{"line":142,"column":33},"end":{"line":148,"column":3}},"locations":[{"start":{"line":142,"column":33},"end":{"line":148,"column":3}}]},"34":{"type":"branch","line":148,"loc":{"start":{"line":148,"column":2},"end":{"line":152,"column":28}},"locations":[{"start":{"line":148,"column":2},"end":{"line":152,"column":28}}]},"35":{"type":"branch","line":152,"loc":{"start":{"line":152,"column":28},"end":{"line":155,"column":3}},"locations":[{"start":{"line":152,"column":28},"end":{"line":155,"column":3}}]},"36":{"type":"branch","line":155,"loc":{"start":{"line":155,"column":2},"end":{"line":157,"column":27}},"locations":[{"start":{"line":155,"column":2},"end":{"line":157,"column":27}}]},"37":{"type":"branch","line":157,"loc":{"start":{"line":157,"column":27},"end":{"line":163,"column":3}},"locations":[{"start":{"line":157,"column":27},"end":{"line":163,"column":3}}]},"38":{"type":"branch","line":163,"loc":{"start":{"line":163,"column":2},"end":{"line":169,"column":1}},"locations":[{"start":{"line":163,"column":2},"end":{"line":169,"column":1}}]}},"b":{"0":[13],"1":[12],"2":[2],"3":[11],"4":[1],"5":[10],"6":[2],"7":[8],"8":[0],"9":[8],"10":[1],"11":[7],"12":[2],"13":[5],"14":[7],"15":[5],"16":[5],"17":[2],"18":[5],"19":[5],"20":[2],"21":[6],"22":[1],"23":[6],"24":[5],"25":[1],"26":[5],"27":[1],"28":[4],"29":[7],"30":[6],"31":[2],"32":[5],"33":[1],"34":[4],"35":[1],"36":[3],"37":[1],"38":[2]},"fnMap":{"0":{"name":"validateStationName","decl":{"start":{"line":15,"column":7},"end":{"line":77,"column":1}},"loc":{"start":{"line":15,"column":7},"end":{"line":77,"column":1}},"line":15},"1":{"name":"validatePagination","decl":{"start":{"line":86,"column":7},"end":{"line":129,"column":1}},"loc":{"start":{"line":86,"column":7},"end":{"line":129,"column":1}},"line":86},"2":{"name":"validateLineName","decl":{"start":{"line":136,"column":7},"end":{"line":169,"column":1}},"loc":{"start":{"line":136,"column":7},"end":{"line":169,"column":1}},"line":136}},"f":{"0":13,"1":7,"2":7}}
,"/home/hyeonsung/seoul-subway/vercel-proxy/lib/types/accessibility.ts": {"path":"/home/hyeonsung/seoul-subway/vercel-proxy/lib/types/accessibility.ts","all":true,"statementMap":{},"s":{},"branchMap":{"0":{"type":"branch","line":1,"loc":{"start":{"line":1,"column":4412},"end":{"line":162,"column":1}},"locations":[{"start":{"line":1,"column":4412},"end":{"line":162,"column":1}}]}},"b":{"0":[1]},"fnMap":{"0":{"name":"(empty-report)","decl":{"start":{"line":1,"column":4412},"end":{"line":162,"column":1}},"loc":{"start":{"line":1,"column":4412},"end":{"line":162,"column":1}},"line":1}},"f":{"0":1}}
,"/home/hyeonsung/seoul-subway/vercel-proxy/lib/types/common.ts": {"path":"/home/hyeonsung/seoul-subway/vercel-proxy/lib/types/common.ts","all":true,"statementMap":{},"s":{},"branchMap":{"0":{"type":"branch","line":1,"loc":{"start":{"line":1,"column":139},"end":{"line":5,"column":1}},"locations":[{"start":{"line":1,"column":139},"end":{"line":5,"column":1}}]}},"b":{"0":[1]},"fnMap":{"0":{"name":"(empty-report)","decl":{"start":{"line":1,"column":139},"end":{"line":5,"column":1}},"loc":{"start":{"line":1,"column":139},"end":{"line":5,"column":1}},"line":1}},"f":{"0":1}}
,"/home/hyeonsung/seoul-subway/vercel-proxy/lib/types/dataGoKr.ts": {"path":"/home/hyeonsung/seoul-subway/vercel-proxy/lib/types/dataGoKr.ts","all":true,"statementMap":{},"s":{},"branchMap":{"0":{"type":"branch","line":1,"loc":{"start":{"line":1,"column":1463},"end":{"line":70,"column":1}},"locations":[{"start":{"line":1,"column":1463},"end":{"line":70,"column":1}}]}},"b":{"0":[1]},"fnMap":{"0":{"name":"(empty-report)","decl":{"start":{"line":1,"column":1463},"end":{"line":70,"column":1}},"loc":{"start":{"line":1,"column":1463},"end":{"line":70,"column":1}},"line":1}},"f":{"0":1}}
,"/home/hyeonsung/seoul-subway/vercel-proxy/lib/types/index.ts": {"path":"/home/hyeonsung/seoul-subway/vercel-proxy/lib/types/index.ts","all":true,"statementMap":{},"s":{},"branchMap":{"0":{"type":"branch","line":1,"loc":{"start":{"line":1,"column":940},"end":{"line":45,"column":28}},"locations":[{"start":{"line":1,"column":940},"end":{"line":45,"column":28}}]}},"b":{"0":[1]},"fnMap":{"0":{"name":"(empty-report)","decl":{"start":{"line":1,"column":940},"end":{"line":45,"column":28}},"loc":{"start":{"line":1,"column":940},"end":{"line":45,"column":28}},"line":1}},"f":{"0":1}}
,"/home/hyeonsung/seoul-subway/vercel-proxy/lib/types/seoulOpenApi.ts": {"path":"/home/hyeonsung/seoul-subway/vercel-proxy/lib/types/seoulOpenApi.ts","all":true,"statementMap":{},"s":{},"branchMap":{"0":{"type":"branch","line":1,"loc":{"start":{"line":1,"column":1970},"end":{"line":82,"column":1}},"locations":[{"start":{"line":1,"column":1970},"end":{"line":82,"column":1}}]}},"b":{"0":[1]},"fnMap":{"0":{"name":"(empty-report)","decl":{"start":{"line":1,"column":1970},"end":{"line":82,"column":1}},"loc":{"start":{"line":1,"column":1970},"end":{"line":82,"column":1}},"line":1}},"f":{"0":1}}
}
